{"E:\\3-stage-rss-school\\react-2024-q3\\next.config.mjs": {"path":"E:\\3-stage-rss-school\\react-2024-q3\\next.config.mjs","all":true,"statementMap":{"0":{"start":{"line":1,"column":0},"end":{"line":1,"column":40}},"1":{"start":{"line":2,"column":0},"end":{"line":2,"column":20}},"2":{"start":{"line":3,"column":0},"end":{"line":3,"column":20}},"3":{"start":{"line":4,"column":0},"end":{"line":4,"column":2}},"4":{"start":{"line":5,"column":0},"end":{"line":5,"column":0}},"5":{"start":{"line":6,"column":0},"end":{"line":6,"column":26}}},"s":{"0":0,"1":0,"2":0,"3":0,"4":0,"5":0},"branchMap":{"0":{"type":"branch","line":1,"loc":{"start":{"line":1,"column":0},"end":{"line":6,"column":14}},"locations":[{"start":{"line":1,"column":0},"end":{"line":6,"column":14}}]}},"b":{"0":[0]},"fnMap":{"0":{"name":"(empty-report)","decl":{"start":{"line":1,"column":0},"end":{"line":6,"column":14}},"loc":{"start":{"line":1,"column":0},"end":{"line":6,"column":14}},"line":1}},"f":{"0":0}}
,"E:\\3-stage-rss-school\\react-2024-q3\\src\\App.tsx": {"path":"E:\\3-stage-rss-school\\react-2024-q3\\src\\App.tsx","all":false,"statementMap":{"0":{"start":{"line":1,"column":0},"end":{"line":1,"column":38}},"1":{"start":{"line":2,"column":0},"end":{"line":2,"column":55}},"2":{"start":{"line":3,"column":0},"end":{"line":3,"column":69}},"3":{"start":{"line":4,"column":0},"end":{"line":4,"column":50}},"4":{"start":{"line":5,"column":0},"end":{"line":5,"column":54}},"5":{"start":{"line":6,"column":0},"end":{"line":6,"column":44}},"6":{"start":{"line":7,"column":0},"end":{"line":7,"column":50}},"8":{"start":{"line":9,"column":0},"end":{"line":9,"column":23}},"9":{"start":{"line":10,"column":0},"end":{"line":10,"column":51}},"10":{"start":{"line":11,"column":0},"end":{"line":11,"column":67}},"12":{"start":{"line":13,"column":0},"end":{"line":13,"column":31}},"14":{"start":{"line":15,"column":0},"end":{"line":15,"column":35}},"16":{"start":{"line":17,"column":0},"end":{"line":17,"column":73}},"18":{"start":{"line":19,"column":0},"end":{"line":19,"column":58}},"20":{"start":{"line":21,"column":0},"end":{"line":21,"column":19}},"21":{"start":{"line":22,"column":0},"end":{"line":22,"column":36}},"22":{"start":{"line":23,"column":0},"end":{"line":23,"column":51}},"23":{"start":{"line":24,"column":0},"end":{"line":24,"column":50}},"24":{"start":{"line":25,"column":0},"end":{"line":25,"column":53}},"25":{"start":{"line":26,"column":0},"end":{"line":26,"column":7}},"26":{"start":{"line":27,"column":0},"end":{"line":27,"column":50}},"27":{"start":{"line":28,"column":0},"end":{"line":28,"column":62}},"28":{"start":{"line":29,"column":0},"end":{"line":29,"column":31}},"29":{"start":{"line":30,"column":0},"end":{"line":30,"column":44}},"30":{"start":{"line":31,"column":0},"end":{"line":31,"column":9}},"31":{"start":{"line":32,"column":0},"end":{"line":32,"column":7}},"32":{"start":{"line":33,"column":0},"end":{"line":33,"column":5}},"33":{"start":{"line":34,"column":0},"end":{"line":34,"column":9}},"35":{"start":{"line":36,"column":0},"end":{"line":36,"column":10}},"36":{"start":{"line":37,"column":0},"end":{"line":37,"column":64}},"37":{"start":{"line":38,"column":0},"end":{"line":38,"column":21}},"38":{"start":{"line":39,"column":0},"end":{"line":39,"column":22}},"39":{"start":{"line":40,"column":0},"end":{"line":40,"column":22}},"40":{"start":{"line":41,"column":0},"end":{"line":41,"column":10}},"42":{"start":{"line":43,"column":0},"end":{"line":43,"column":2}},"44":{"start":{"line":45,"column":0},"end":{"line":45,"column":19}}},"s":{"0":1,"1":1,"2":1,"3":1,"4":1,"5":1,"6":1,"8":1,"9":8,"10":8,"12":8,"14":8,"16":8,"18":8,"20":8,"21":1,"22":1,"23":1,"24":1,"25":1,"26":1,"27":0,"28":0,"29":0,"30":0,"31":0,"32":1,"33":8,"35":8,"36":8,"37":8,"38":8,"39":8,"40":8,"42":8,"44":1},"branchMap":{"0":{"type":"branch","line":9,"loc":{"start":{"line":9,"column":16},"end":{"line":43,"column":2}},"locations":[{"start":{"line":9,"column":16},"end":{"line":43,"column":2}}]},"1":{"type":"branch","line":11,"loc":{"start":{"line":11,"column":16},"end":{"line":11,"column":49}},"locations":[{"start":{"line":11,"column":16},"end":{"line":11,"column":49}}]},"2":{"type":"branch","line":11,"loc":{"start":{"line":11,"column":37},"end":{"line":11,"column":67}},"locations":[{"start":{"line":11,"column":37},"end":{"line":11,"column":67}}]},"3":{"type":"branch","line":17,"loc":{"start":{"line":17,"column":41},"end":{"line":17,"column":68}},"locations":[{"start":{"line":17,"column":41},"end":{"line":17,"column":68}}]},"4":{"type":"branch","line":17,"loc":{"start":{"line":17,"column":64},"end":{"line":17,"column":73}},"locations":[{"start":{"line":17,"column":64},"end":{"line":17,"column":73}}]},"5":{"type":"branch","line":19,"loc":{"start":{"line":19,"column":39},"end":{"line":19,"column":56}},"locations":[{"start":{"line":19,"column":39},"end":{"line":19,"column":56}}]},"6":{"type":"branch","line":21,"loc":{"start":{"line":21,"column":12},"end":{"line":34,"column":5}},"locations":[{"start":{"line":21,"column":12},"end":{"line":34,"column":5}}]},"7":{"type":"branch","line":27,"loc":{"start":{"line":27,"column":49},"end":{"line":32,"column":7}},"locations":[{"start":{"line":27,"column":49},"end":{"line":32,"column":7}}]}},"b":{"0":[8],"1":[0],"2":[6],"3":[0],"4":[2],"5":[2],"6":[1],"7":[0]},"fnMap":{"0":{"name":"App","decl":{"start":{"line":9,"column":16},"end":{"line":43,"column":2}},"loc":{"start":{"line":9,"column":16},"end":{"line":43,"column":2}},"line":9}},"f":{"0":8}}
,"E:\\3-stage-rss-school\\react-2024-q3\\src\\components\\BuggyButton\\BuggyButton.tsx": {"path":"E:\\3-stage-rss-school\\react-2024-q3\\src\\components\\BuggyButton\\BuggyButton.tsx","all":false,"statementMap":{"0":{"start":{"line":1,"column":0},"end":{"line":1,"column":45}},"1":{"start":{"line":2,"column":0},"end":{"line":2,"column":46}},"2":{"start":{"line":3,"column":0},"end":{"line":3,"column":60}},"4":{"start":{"line":5,"column":0},"end":{"line":5,"column":27}},"5":{"start":{"line":6,"column":0},"end":{"line":6,"column":40}},"7":{"start":{"line":8,"column":0},"end":{"line":8,"column":51}},"8":{"start":{"line":9,"column":0},"end":{"line":9,"column":67}},"10":{"start":{"line":11,"column":0},"end":{"line":11,"column":29}},"11":{"start":{"line":12,"column":0},"end":{"line":12,"column":24}},"12":{"start":{"line":13,"column":0},"end":{"line":13,"column":4}},"14":{"start":{"line":15,"column":0},"end":{"line":15,"column":18}},"15":{"start":{"line":16,"column":0},"end":{"line":16,"column":40}},"16":{"start":{"line":17,"column":0},"end":{"line":17,"column":3}},"18":{"start":{"line":19,"column":0},"end":{"line":19,"column":10}},"19":{"start":{"line":20,"column":0},"end":{"line":20,"column":81}},"21":{"start":{"line":22,"column":0},"end":{"line":22,"column":13}},"23":{"start":{"line":24,"column":0},"end":{"line":24,"column":2}},"25":{"start":{"line":26,"column":0},"end":{"line":26,"column":27}}},"s":{"0":1,"1":1,"2":1,"4":1,"5":7,"7":7,"8":7,"10":7,"11":1,"12":1,"14":7,"15":4,"16":4,"18":2,"19":2,"21":2,"23":2,"25":1},"branchMap":{"0":{"type":"branch","line":5,"loc":{"start":{"line":5,"column":20},"end":{"line":24,"column":2}},"locations":[{"start":{"line":5,"column":20},"end":{"line":24,"column":2}}]},"1":{"type":"branch","line":9,"loc":{"start":{"line":9,"column":16},"end":{"line":9,"column":49}},"locations":[{"start":{"line":9,"column":16},"end":{"line":9,"column":49}}]},"2":{"type":"branch","line":9,"loc":{"start":{"line":9,"column":37},"end":{"line":9,"column":67}},"locations":[{"start":{"line":9,"column":37},"end":{"line":9,"column":67}}]},"3":{"type":"branch","line":15,"loc":{"start":{"line":15,"column":17},"end":{"line":17,"column":3}},"locations":[{"start":{"line":15,"column":17},"end":{"line":17,"column":3}}]},"4":{"type":"branch","line":17,"loc":{"start":{"line":17,"column":2},"end":{"line":24,"column":2}},"locations":[{"start":{"line":17,"column":2},"end":{"line":24,"column":2}}]},"5":{"type":"branch","line":11,"loc":{"start":{"line":11,"column":22},"end":{"line":13,"column":4}},"locations":[{"start":{"line":11,"column":22},"end":{"line":13,"column":4}}]}},"b":{"0":[7],"1":[0],"2":[6],"3":[4],"4":[2],"5":[1]},"fnMap":{"0":{"name":"BuggyButton","decl":{"start":{"line":5,"column":20},"end":{"line":24,"column":2}},"loc":{"start":{"line":5,"column":20},"end":{"line":24,"column":2}},"line":5},"1":{"name":"handleClick","decl":{"start":{"line":11,"column":22},"end":{"line":13,"column":4}},"loc":{"start":{"line":11,"column":22},"end":{"line":13,"column":4}},"line":11}},"f":{"0":7,"1":1}}
,"E:\\3-stage-rss-school\\react-2024-q3\\src\\components\\ErrorBoundary\\ErrorBoundary.tsx": {"path":"E:\\3-stage-rss-school\\react-2024-q3\\src\\components\\ErrorBoundary\\ErrorBoundary.tsx","all":false,"statementMap":{"0":{"start":{"line":1,"column":0},"end":{"line":1,"column":52}},"1":{"start":{"line":2,"column":0},"end":{"line":2,"column":60}},"10":{"start":{"line":11,"column":0},"end":{"line":11,"column":55}},"11":{"start":{"line":12,"column":0},"end":{"line":12,"column":26}},"12":{"start":{"line":13,"column":0},"end":{"line":13,"column":26}},"13":{"start":{"line":14,"column":0},"end":{"line":14,"column":30}},"14":{"start":{"line":15,"column":0},"end":{"line":15,"column":17}},"15":{"start":{"line":16,"column":0},"end":{"line":16,"column":37}},"16":{"start":{"line":17,"column":0},"end":{"line":17,"column":23}},"17":{"start":{"line":18,"column":0},"end":{"line":18,"column":3}},"19":{"start":{"line":20,"column":0},"end":{"line":20,"column":49}},"20":{"start":{"line":21,"column":0},"end":{"line":21,"column":16}},"21":{"start":{"line":22,"column":0},"end":{"line":22,"column":32}},"22":{"start":{"line":23,"column":0},"end":{"line":23,"column":5}},"23":{"start":{"line":24,"column":0},"end":{"line":24,"column":3}},"25":{"start":{"line":26,"column":0},"end":{"line":26,"column":57}},"26":{"start":{"line":27,"column":0},"end":{"line":27,"column":82}},"27":{"start":{"line":28,"column":0},"end":{"line":28,"column":38}},"28":{"start":{"line":29,"column":0},"end":{"line":29,"column":3}},"30":{"start":{"line":31,"column":0},"end":{"line":31,"column":12}},"31":{"start":{"line":32,"column":0},"end":{"line":32,"column":30}},"32":{"start":{"line":33,"column":0},"end":{"line":33,"column":57}},"33":{"start":{"line":34,"column":0},"end":{"line":34,"column":5}},"34":{"start":{"line":35,"column":0},"end":{"line":35,"column":31}},"35":{"start":{"line":36,"column":0},"end":{"line":36,"column":3}},"36":{"start":{"line":37,"column":0},"end":{"line":37,"column":1}},"38":{"start":{"line":39,"column":0},"end":{"line":39,"column":29}}},"s":{"0":1,"1":1,"10":4,"11":4,"12":4,"13":4,"14":6,"15":6,"16":6,"17":6,"19":4,"20":4,"21":4,"22":4,"23":4,"25":4,"26":2,"27":2,"28":2,"30":4,"31":10,"32":6,"33":6,"34":4,"35":10,"36":4,"38":1},"branchMap":{"0":{"type":"branch","line":11,"loc":{"start":{"line":11,"column":0},"end":{"line":37,"column":1}},"locations":[{"start":{"line":11,"column":0},"end":{"line":37,"column":1}}]},"1":{"type":"branch","line":14,"loc":{"start":{"line":14,"column":2},"end":{"line":18,"column":3}},"locations":[{"start":{"line":14,"column":2},"end":{"line":18,"column":3}}]},"2":{"type":"branch","line":20,"loc":{"start":{"line":20,"column":9},"end":{"line":24,"column":3}},"locations":[{"start":{"line":20,"column":9},"end":{"line":24,"column":3}}]},"3":{"type":"branch","line":26,"loc":{"start":{"line":26,"column":2},"end":{"line":29,"column":3}},"locations":[{"start":{"line":26,"column":2},"end":{"line":29,"column":3}}]},"4":{"type":"branch","line":31,"loc":{"start":{"line":31,"column":2},"end":{"line":36,"column":3}},"locations":[{"start":{"line":31,"column":2},"end":{"line":36,"column":3}}]},"5":{"type":"branch","line":32,"loc":{"start":{"line":32,"column":29},"end":{"line":34,"column":5}},"locations":[{"start":{"line":32,"column":29},"end":{"line":34,"column":5}}]},"6":{"type":"branch","line":34,"loc":{"start":{"line":34,"column":4},"end":{"line":35,"column":31}},"locations":[{"start":{"line":34,"column":4},"end":{"line":35,"column":31}}]}},"b":{"0":[4],"1":[6],"2":[4],"3":[2],"4":[10],"5":[6],"6":[4]},"fnMap":{"0":{"name":"<instance_members_initializer>","decl":{"start":{"line":11,"column":0},"end":{"line":37,"column":1}},"loc":{"start":{"line":11,"column":0},"end":{"line":37,"column":1}},"line":11},"1":{"name":"ErrorBoundary","decl":{"start":{"line":14,"column":2},"end":{"line":18,"column":3}},"loc":{"start":{"line":14,"column":2},"end":{"line":18,"column":3}},"line":14},"2":{"name":"getDerivedStateFromError","decl":{"start":{"line":20,"column":9},"end":{"line":24,"column":3}},"loc":{"start":{"line":20,"column":9},"end":{"line":24,"column":3}},"line":20},"3":{"name":"componentDidCatch","decl":{"start":{"line":26,"column":2},"end":{"line":29,"column":3}},"loc":{"start":{"line":26,"column":2},"end":{"line":29,"column":3}},"line":26},"4":{"name":"render","decl":{"start":{"line":31,"column":2},"end":{"line":36,"column":3}},"loc":{"start":{"line":31,"column":2},"end":{"line":36,"column":3}},"line":31}},"f":{"0":4,"1":6,"2":4,"3":2,"4":10}}
,"E:\\3-stage-rss-school\\react-2024-q3\\src\\components\\Fallback\\Fallback.tsx": {"path":"E:\\3-stage-rss-school\\react-2024-q3\\src\\components\\Fallback\\Fallback.tsx","all":false,"statementMap":{"0":{"start":{"line":1,"column":0},"end":{"line":1,"column":43}},"1":{"start":{"line":2,"column":0},"end":{"line":2,"column":35}},"2":{"start":{"line":3,"column":0},"end":{"line":3,"column":60}},"8":{"start":{"line":9,"column":0},"end":{"line":9,"column":45}},"9":{"start":{"line":10,"column":0},"end":{"line":10,"column":51}},"10":{"start":{"line":11,"column":0},"end":{"line":11,"column":67}},"12":{"start":{"line":13,"column":0},"end":{"line":13,"column":78}},"13":{"start":{"line":14,"column":0},"end":{"line":14,"column":2}},"15":{"start":{"line":16,"column":0},"end":{"line":16,"column":24}}},"s":{"0":1,"1":1,"2":1,"8":1,"9":7,"10":7,"12":7,"13":7,"15":1},"branchMap":{"0":{"type":"branch","line":9,"loc":{"start":{"line":9,"column":17},"end":{"line":14,"column":2}},"locations":[{"start":{"line":9,"column":17},"end":{"line":14,"column":2}}]},"1":{"type":"branch","line":11,"loc":{"start":{"line":11,"column":16},"end":{"line":11,"column":49}},"locations":[{"start":{"line":11,"column":16},"end":{"line":11,"column":49}}]}},"b":{"0":[7],"1":[0]},"fnMap":{"0":{"name":"Fallback","decl":{"start":{"line":9,"column":17},"end":{"line":14,"column":2}},"loc":{"start":{"line":9,"column":17},"end":{"line":14,"column":2}},"line":9}},"f":{"0":7}}
,"E:\\3-stage-rss-school\\react-2024-q3\\src\\components\\FlyoutElement\\FlyoutElement.tsx": {"path":"E:\\3-stage-rss-school\\react-2024-q3\\src\\components\\FlyoutElement\\FlyoutElement.tsx","all":false,"statementMap":{"0":{"start":{"line":1,"column":0},"end":{"line":1,"column":48}},"1":{"start":{"line":2,"column":0},"end":{"line":2,"column":57}},"2":{"start":{"line":3,"column":0},"end":{"line":3,"column":69}},"3":{"start":{"line":4,"column":0},"end":{"line":4,"column":79}},"4":{"start":{"line":5,"column":0},"end":{"line":5,"column":60}},"6":{"start":{"line":7,"column":0},"end":{"line":7,"column":29}},"7":{"start":{"line":8,"column":0},"end":{"line":8,"column":51}},"8":{"start":{"line":9,"column":0},"end":{"line":9,"column":67}},"10":{"start":{"line":11,"column":0},"end":{"line":11,"column":73}},"11":{"start":{"line":12,"column":0},"end":{"line":12,"column":36}},"13":{"start":{"line":14,"column":0},"end":{"line":14,"column":68}},"14":{"start":{"line":15,"column":0},"end":{"line":15,"column":27}},"15":{"start":{"line":16,"column":0},"end":{"line":16,"column":32}},"16":{"start":{"line":17,"column":0},"end":{"line":17,"column":4}},"18":{"start":{"line":19,"column":0},"end":{"line":19,"column":43}},"20":{"start":{"line":21,"column":0},"end":{"line":21,"column":34}},"21":{"start":{"line":22,"column":0},"end":{"line":22,"column":50}},"22":{"start":{"line":23,"column":0},"end":{"line":23,"column":27}},"23":{"start":{"line":24,"column":0},"end":{"line":24,"column":32}},"24":{"start":{"line":25,"column":0},"end":{"line":25,"column":35}},"25":{"start":{"line":26,"column":0},"end":{"line":26,"column":44}},"26":{"start":{"line":27,"column":0},"end":{"line":27,"column":7}},"27":{"start":{"line":28,"column":0},"end":{"line":28,"column":24}},"29":{"start":{"line":30,"column":0},"end":{"line":30,"column":34}},"30":{"start":{"line":31,"column":0},"end":{"line":31,"column":41}},"31":{"start":{"line":32,"column":0},"end":{"line":32,"column":7}},"32":{"start":{"line":33,"column":0},"end":{"line":33,"column":77}},"33":{"start":{"line":34,"column":0},"end":{"line":34,"column":42}},"34":{"start":{"line":35,"column":0},"end":{"line":35,"column":16}},"35":{"start":{"line":36,"column":0},"end":{"line":36,"column":4}},"37":{"start":{"line":38,"column":0},"end":{"line":38,"column":23}},"38":{"start":{"line":39,"column":0},"end":{"line":39,"column":33}},"39":{"start":{"line":40,"column":0},"end":{"line":40,"column":22}},"40":{"start":{"line":41,"column":0},"end":{"line":41,"column":10}},"41":{"start":{"line":42,"column":0},"end":{"line":42,"column":23}},"42":{"start":{"line":43,"column":0},"end":{"line":43,"column":3}},"44":{"start":{"line":45,"column":0},"end":{"line":45,"column":10}},"45":{"start":{"line":46,"column":0},"end":{"line":46,"column":8}},"46":{"start":{"line":47,"column":0},"end":{"line":47,"column":45}},"47":{"start":{"line":48,"column":0},"end":{"line":48,"column":26}},"48":{"start":{"line":49,"column":0},"end":{"line":49,"column":23}},"49":{"start":{"line":50,"column":0},"end":{"line":50,"column":28}},"50":{"start":{"line":51,"column":0},"end":{"line":51,"column":8}},"52":{"start":{"line":53,"column":0},"end":{"line":53,"column":88}},"54":{"start":{"line":55,"column":0},"end":{"line":55,"column":15}},"55":{"start":{"line":56,"column":0},"end":{"line":56,"column":50}},"56":{"start":{"line":57,"column":0},"end":{"line":57,"column":52}},"57":{"start":{"line":58,"column":0},"end":{"line":58,"column":12}},"58":{"start":{"line":59,"column":0},"end":{"line":59,"column":8}},"59":{"start":{"line":60,"column":0},"end":{"line":60,"column":18}},"60":{"start":{"line":61,"column":0},"end":{"line":61,"column":58}},"61":{"start":{"line":62,"column":0},"end":{"line":62,"column":56}},"62":{"start":{"line":63,"column":0},"end":{"line":63,"column":34}},"63":{"start":{"line":64,"column":0},"end":{"line":64,"column":7}},"65":{"start":{"line":66,"column":0},"end":{"line":66,"column":10}},"66":{"start":{"line":67,"column":0},"end":{"line":67,"column":10}},"68":{"start":{"line":69,"column":0},"end":{"line":69,"column":2}},"69":{"start":{"line":70,"column":0},"end":{"line":70,"column":29}}},"s":{"0":1,"1":1,"2":1,"3":1,"4":1,"6":1,"7":1,"8":1,"10":1,"11":1,"13":1,"14":0,"15":0,"16":0,"18":1,"20":1,"21":0,"22":0,"23":0,"24":0,"25":0,"26":0,"27":0,"29":0,"30":0,"31":0,"32":0,"33":0,"34":0,"35":0,"37":1,"38":1,"39":1,"40":1,"41":0,"42":0,"44":1,"45":1,"46":1,"47":1,"48":1,"49":0,"50":0,"52":1,"54":1,"55":1,"56":1,"57":1,"58":1,"59":1,"60":1,"61":1,"62":1,"63":1,"65":1,"66":1,"68":1,"69":1},"branchMap":{"0":{"type":"branch","line":7,"loc":{"start":{"line":7,"column":22},"end":{"line":69,"column":2}},"locations":[{"start":{"line":7,"column":22},"end":{"line":69,"column":2}}]},"1":{"type":"branch","line":9,"loc":{"start":{"line":9,"column":16},"end":{"line":9,"column":49}},"locations":[{"start":{"line":9,"column":16},"end":{"line":9,"column":49}}]},"2":{"type":"branch","line":41,"loc":{"start":{"line":41,"column":2},"end":{"line":43,"column":3}},"locations":[{"start":{"line":41,"column":2},"end":{"line":43,"column":3}}]},"3":{"type":"branch","line":11,"loc":{"start":{"line":11,"column":37},"end":{"line":11,"column":71}},"locations":[{"start":{"line":11,"column":37},"end":{"line":11,"column":71}}]}},"b":{"0":[1],"1":[0],"2":[0],"3":[2]},"fnMap":{"0":{"name":"FlyoutElement","decl":{"start":{"line":7,"column":22},"end":{"line":69,"column":2}},"loc":{"start":{"line":7,"column":22},"end":{"line":69,"column":2}},"line":7},"1":{"name":"removeSelected","decl":{"start":{"line":14,"column":25},"end":{"line":17,"column":4}},"loc":{"start":{"line":14,"column":25},"end":{"line":17,"column":4}},"line":14},"2":{"name":"downloadSelected","decl":{"start":{"line":21,"column":27},"end":{"line":36,"column":4}},"loc":{"start":{"line":21,"column":27},"end":{"line":36,"column":4}},"line":21},"3":{"name":"onClick","decl":{"start":{"line":49,"column":15},"end":{"line":51,"column":8}},"loc":{"start":{"line":49,"column":15},"end":{"line":51,"column":8}},"line":49}},"f":{"0":1,"1":0,"2":0,"3":0}}
,"E:\\3-stage-rss-school\\react-2024-q3\\src\\components\\Info\\Info.tsx": {"path":"E:\\3-stage-rss-school\\react-2024-q3\\src\\components\\Info\\Info.tsx","all":false,"statementMap":{"0":{"start":{"line":1,"column":0},"end":{"line":1,"column":39}},"1":{"start":{"line":2,"column":0},"end":{"line":2,"column":35}},"2":{"start":{"line":3,"column":0},"end":{"line":3,"column":60}},"3":{"start":{"line":4,"column":0},"end":{"line":4,"column":41}},"4":{"start":{"line":5,"column":0},"end":{"line":5,"column":52}},"5":{"start":{"line":6,"column":0},"end":{"line":6,"column":48}},"6":{"start":{"line":7,"column":0},"end":{"line":7,"column":50}},"7":{"start":{"line":8,"column":0},"end":{"line":8,"column":44}},"9":{"start":{"line":10,"column":0},"end":{"line":10,"column":20}},"10":{"start":{"line":11,"column":0},"end":{"line":11,"column":51}},"11":{"start":{"line":12,"column":0},"end":{"line":12,"column":67}},"13":{"start":{"line":14,"column":0},"end":{"line":14,"column":31}},"15":{"start":{"line":16,"column":0},"end":{"line":16,"column":35}},"16":{"start":{"line":17,"column":0},"end":{"line":17,"column":73}},"17":{"start":{"line":18,"column":0},"end":{"line":18,"column":67}},"18":{"start":{"line":19,"column":0},"end":{"line":19,"column":58}},"19":{"start":{"line":20,"column":0},"end":{"line":20,"column":76}},"20":{"start":{"line":21,"column":0},"end":{"line":21,"column":52}},"22":{"start":{"line":23,"column":0},"end":{"line":23,"column":23}},"23":{"start":{"line":24,"column":0},"end":{"line":24,"column":68}},"24":{"start":{"line":25,"column":0},"end":{"line":25,"column":3}},"26":{"start":{"line":27,"column":0},"end":{"line":27,"column":37}},"27":{"start":{"line":28,"column":0},"end":{"line":28,"column":58}},"28":{"start":{"line":29,"column":0},"end":{"line":29,"column":16}},"29":{"start":{"line":30,"column":0},"end":{"line":30,"column":23}},"30":{"start":{"line":31,"column":0},"end":{"line":31,"column":5}},"31":{"start":{"line":32,"column":0},"end":{"line":32,"column":4}},"32":{"start":{"line":33,"column":0},"end":{"line":33,"column":41}},"34":{"start":{"line":35,"column":0},"end":{"line":35,"column":27}},"35":{"start":{"line":36,"column":0},"end":{"line":36,"column":33}},"36":{"start":{"line":37,"column":0},"end":{"line":37,"column":3}},"38":{"start":{"line":39,"column":0},"end":{"line":39,"column":10}},"39":{"start":{"line":40,"column":0},"end":{"line":40,"column":103}},"40":{"start":{"line":41,"column":0},"end":{"line":41,"column":76}},"41":{"start":{"line":42,"column":0},"end":{"line":42,"column":29}},"42":{"start":{"line":43,"column":0},"end":{"line":43,"column":14}},"43":{"start":{"line":44,"column":0},"end":{"line":44,"column":52}},"44":{"start":{"line":45,"column":0},"end":{"line":45,"column":32}},"45":{"start":{"line":46,"column":0},"end":{"line":46,"column":21}},"46":{"start":{"line":47,"column":0},"end":{"line":47,"column":22}},"47":{"start":{"line":48,"column":0},"end":{"line":48,"column":25}},"48":{"start":{"line":49,"column":0},"end":{"line":49,"column":10}},"50":{"start":{"line":51,"column":0},"end":{"line":51,"column":10}},"52":{"start":{"line":53,"column":0},"end":{"line":53,"column":111}},"53":{"start":{"line":54,"column":0},"end":{"line":54,"column":61}},"54":{"start":{"line":55,"column":0},"end":{"line":55,"column":63}},"55":{"start":{"line":56,"column":0},"end":{"line":56,"column":12}},"56":{"start":{"line":57,"column":0},"end":{"line":57,"column":111}},"57":{"start":{"line":58,"column":0},"end":{"line":58,"column":105}},"58":{"start":{"line":59,"column":0},"end":{"line":59,"column":61}},"59":{"start":{"line":60,"column":0},"end":{"line":60,"column":63}},"60":{"start":{"line":61,"column":0},"end":{"line":61,"column":12}},"61":{"start":{"line":62,"column":0},"end":{"line":62,"column":61}},"62":{"start":{"line":63,"column":0},"end":{"line":63,"column":63}},"63":{"start":{"line":64,"column":0},"end":{"line":64,"column":12}},"64":{"start":{"line":65,"column":0},"end":{"line":65,"column":119}},"65":{"start":{"line":66,"column":0},"end":{"line":66,"column":78}},"67":{"start":{"line":68,"column":0},"end":{"line":68,"column":15}},"68":{"start":{"line":69,"column":0},"end":{"line":69,"column":10}},"70":{"start":{"line":71,"column":0},"end":{"line":71,"column":2}},"72":{"start":{"line":73,"column":0},"end":{"line":73,"column":20}}},"s":{"0":1,"1":1,"2":1,"3":1,"4":1,"5":1,"6":1,"7":1,"9":1,"10":2,"11":2,"13":2,"15":2,"16":2,"17":2,"18":2,"19":2,"20":2,"22":2,"23":0,"24":0,"26":2,"27":0,"28":0,"29":0,"30":0,"31":0,"32":2,"34":2,"35":0,"36":0,"38":2,"39":2,"40":2,"41":2,"42":0,"43":0,"44":0,"45":0,"46":0,"47":0,"48":0,"50":2,"52":2,"53":2,"54":2,"55":2,"56":2,"57":2,"58":2,"59":2,"60":2,"61":2,"62":2,"63":2,"64":2,"65":2,"67":2,"68":2,"70":2,"72":1},"branchMap":{"0":{"type":"branch","line":10,"loc":{"start":{"line":10,"column":13},"end":{"line":71,"column":2}},"locations":[{"start":{"line":10,"column":13},"end":{"line":71,"column":2}}]},"1":{"type":"branch","line":12,"loc":{"start":{"line":12,"column":16},"end":{"line":12,"column":49}},"locations":[{"start":{"line":12,"column":16},"end":{"line":12,"column":49}}]},"2":{"type":"branch","line":17,"loc":{"start":{"line":17,"column":41},"end":{"line":17,"column":68}},"locations":[{"start":{"line":17,"column":41},"end":{"line":17,"column":68}}]},"3":{"type":"branch","line":18,"loc":{"start":{"line":18,"column":37},"end":{"line":18,"column":62}},"locations":[{"start":{"line":18,"column":37},"end":{"line":18,"column":62}}]},"4":{"type":"branch","line":20,"loc":{"start":{"line":20,"column":43},"end":{"line":20,"column":71}},"locations":[{"start":{"line":20,"column":43},"end":{"line":20,"column":71}}]},"5":{"type":"branch","line":35,"loc":{"start":{"line":35,"column":26},"end":{"line":37,"column":3}},"locations":[{"start":{"line":35,"column":26},"end":{"line":37,"column":3}}]},"6":{"type":"branch","line":41,"loc":{"start":{"line":41,"column":44},"end":{"line":41,"column":68}},"locations":[{"start":{"line":41,"column":44},"end":{"line":41,"column":68}}]},"7":{"type":"branch","line":42,"loc":{"start":{"line":42,"column":16},"end":{"line":49,"column":10}},"locations":[{"start":{"line":42,"column":16},"end":{"line":49,"column":10}}]},"8":{"type":"branch","line":53,"loc":{"start":{"line":53,"column":76},"end":{"line":53,"column":102}},"locations":[{"start":{"line":53,"column":76},"end":{"line":53,"column":102}}]},"9":{"type":"branch","line":55,"loc":{"start":{"line":55,"column":30},"end":{"line":55,"column":60}},"locations":[{"start":{"line":55,"column":30},"end":{"line":55,"column":60}}]},"10":{"type":"branch","line":57,"loc":{"start":{"line":57,"column":76},"end":{"line":57,"column":102}},"locations":[{"start":{"line":57,"column":76},"end":{"line":57,"column":102}}]},"11":{"type":"branch","line":58,"loc":{"start":{"line":58,"column":72},"end":{"line":58,"column":96}},"locations":[{"start":{"line":58,"column":72},"end":{"line":58,"column":96}}]},"12":{"type":"branch","line":60,"loc":{"start":{"line":60,"column":30},"end":{"line":60,"column":60}},"locations":[{"start":{"line":60,"column":30},"end":{"line":60,"column":60}}]},"13":{"type":"branch","line":63,"loc":{"start":{"line":63,"column":30},"end":{"line":63,"column":60}},"locations":[{"start":{"line":63,"column":30},"end":{"line":63,"column":60}}]},"14":{"type":"branch","line":65,"loc":{"start":{"line":65,"column":81},"end":{"line":65,"column":110}},"locations":[{"start":{"line":65,"column":81},"end":{"line":65,"column":110}}]}},"b":{"0":[2],"1":[0],"2":[0],"3":[0],"4":[0],"5":[0],"6":[0],"7":[0],"8":[0],"9":[0],"10":[0],"11":[0],"12":[0],"13":[0],"14":[0]},"fnMap":{"0":{"name":"Info","decl":{"start":{"line":10,"column":13},"end":{"line":71,"column":2}},"loc":{"start":{"line":10,"column":13},"end":{"line":71,"column":2}},"line":10},"1":{"name":"hideInfo","decl":{"start":{"line":23,"column":2},"end":{"line":25,"column":3}},"loc":{"start":{"line":23,"column":2},"end":{"line":25,"column":3}},"line":23},"2":{"name":"findImage","decl":{"start":{"line":27,"column":20},"end":{"line":32,"column":4}},"loc":{"start":{"line":27,"column":20},"end":{"line":32,"column":4}},"line":27},"3":{"name":"onClick","decl":{"start":{"line":40,"column":75},"end":{"line":40,"column":103}},"loc":{"start":{"line":40,"column":75},"end":{"line":40,"column":103}},"line":40}},"f":{"0":2,"1":0,"2":0,"3":0}}
,"E:\\3-stage-rss-school\\react-2024-q3\\src\\components\\InfoContainer\\InfoContainer.tsx": {"path":"E:\\3-stage-rss-school\\react-2024-q3\\src\\components\\InfoContainer\\InfoContainer.tsx","all":false,"statementMap":{"0":{"start":{"line":1,"column":0},"end":{"line":1,"column":48}},"1":{"start":{"line":2,"column":0},"end":{"line":2,"column":34}},"3":{"start":{"line":4,"column":0},"end":{"line":4,"column":53}},"4":{"start":{"line":5,"column":0},"end":{"line":5,"column":57}},"12":{"start":{"line":13,"column":0},"end":{"line":13,"column":29}},"13":{"start":{"line":14,"column":0},"end":{"line":14,"column":70}},"15":{"start":{"line":16,"column":0},"end":{"line":16,"column":10}},"16":{"start":{"line":17,"column":0},"end":{"line":17,"column":67}},"17":{"start":{"line":18,"column":0},"end":{"line":18,"column":42}},"18":{"start":{"line":19,"column":0},"end":{"line":19,"column":10}},"20":{"start":{"line":21,"column":0},"end":{"line":21,"column":2}},"22":{"start":{"line":23,"column":0},"end":{"line":23,"column":29}}},"s":{"0":1,"1":1,"3":1,"4":1,"12":1,"13":1,"15":1,"16":1,"17":1,"18":1,"20":1,"22":1},"branchMap":{"0":{"type":"branch","line":13,"loc":{"start":{"line":13,"column":22},"end":{"line":21,"column":2}},"locations":[{"start":{"line":13,"column":22},"end":{"line":21,"column":2}}]},"1":{"type":"branch","line":18,"loc":{"start":{"line":18,"column":7},"end":{"line":18,"column":33}},"locations":[{"start":{"line":18,"column":7},"end":{"line":18,"column":33}}]},"2":{"type":"branch","line":14,"loc":{"start":{"line":14,"column":35},"end":{"line":14,"column":68}},"locations":[{"start":{"line":14,"column":35},"end":{"line":14,"column":68}}]}},"b":{"0":[1],"1":[0],"2":[2]},"fnMap":{"0":{"name":"InfoContainer","decl":{"start":{"line":13,"column":22},"end":{"line":21,"column":2}},"loc":{"start":{"line":13,"column":22},"end":{"line":21,"column":2}},"line":13}},"f":{"0":1}}
,"E:\\3-stage-rss-school\\react-2024-q3\\src\\components\\Input\\Input.tsx": {"path":"E:\\3-stage-rss-school\\react-2024-q3\\src\\components\\Input\\Input.tsx","all":false,"statementMap":{"0":{"start":{"line":1,"column":0},"end":{"line":1,"column":40}},"1":{"start":{"line":2,"column":0},"end":{"line":2,"column":58}},"2":{"start":{"line":3,"column":0},"end":{"line":3,"column":60}},"10":{"start":{"line":11,"column":0},"end":{"line":11,"column":39}},"11":{"start":{"line":12,"column":0},"end":{"line":12,"column":51}},"12":{"start":{"line":13,"column":0},"end":{"line":13,"column":67}},"14":{"start":{"line":15,"column":0},"end":{"line":15,"column":53}},"16":{"start":{"line":17,"column":0},"end":{"line":17,"column":10}},"17":{"start":{"line":18,"column":0},"end":{"line":18,"column":10}},"18":{"start":{"line":19,"column":0},"end":{"line":19,"column":25}},"19":{"start":{"line":20,"column":0},"end":{"line":20,"column":17}},"20":{"start":{"line":21,"column":0},"end":{"line":21,"column":23}},"21":{"start":{"line":22,"column":0},"end":{"line":22,"column":44}},"22":{"start":{"line":23,"column":0},"end":{"line":23,"column":25}},"23":{"start":{"line":24,"column":0},"end":{"line":24,"column":62}},"24":{"start":{"line":25,"column":0},"end":{"line":25,"column":6}},"26":{"start":{"line":27,"column":0},"end":{"line":27,"column":2}},"28":{"start":{"line":29,"column":0},"end":{"line":29,"column":21}}},"s":{"0":1,"1":1,"2":1,"10":1,"11":1,"12":1,"14":1,"16":1,"17":1,"18":1,"19":1,"20":1,"21":1,"22":1,"23":1,"24":1,"26":1,"28":1},"branchMap":{"0":{"type":"branch","line":11,"loc":{"start":{"line":11,"column":14},"end":{"line":27,"column":2}},"locations":[{"start":{"line":11,"column":14},"end":{"line":27,"column":2}}]},"1":{"type":"branch","line":13,"loc":{"start":{"line":13,"column":16},"end":{"line":13,"column":49}},"locations":[{"start":{"line":13,"column":16},"end":{"line":13,"column":49}}]}},"b":{"0":[1],"1":[0]},"fnMap":{"0":{"name":"Input","decl":{"start":{"line":11,"column":14},"end":{"line":27,"column":2}},"loc":{"start":{"line":11,"column":14},"end":{"line":27,"column":2}},"line":11},"1":{"name":"onChange","decl":{"start":{"line":24,"column":16},"end":{"line":24,"column":62}},"loc":{"start":{"line":24,"column":16},"end":{"line":24,"column":62}},"line":24}},"f":{"0":1,"1":0}}
,"E:\\3-stage-rss-school\\react-2024-q3\\src\\components\\Item\\Item.tsx": {"path":"E:\\3-stage-rss-school\\react-2024-q3\\src\\components\\Item\\Item.tsx","all":false,"statementMap":{"0":{"start":{"line":1,"column":0},"end":{"line":1,"column":44}},"1":{"start":{"line":2,"column":0},"end":{"line":2,"column":50}},"2":{"start":{"line":3,"column":0},"end":{"line":3,"column":39}},"3":{"start":{"line":4,"column":0},"end":{"line":4,"column":66}},"4":{"start":{"line":5,"column":0},"end":{"line":5,"column":79}},"5":{"start":{"line":6,"column":0},"end":{"line":6,"column":69}},"7":{"start":{"line":8,"column":0},"end":{"line":8,"column":66}},"15":{"start":{"line":16,"column":0},"end":{"line":16,"column":47}},"16":{"start":{"line":17,"column":0},"end":{"line":17,"column":36}},"17":{"start":{"line":18,"column":0},"end":{"line":18,"column":42}},"18":{"start":{"line":19,"column":0},"end":{"line":19,"column":36}},"19":{"start":{"line":20,"column":0},"end":{"line":20,"column":73}},"20":{"start":{"line":21,"column":0},"end":{"line":21,"column":29}},"22":{"start":{"line":23,"column":0},"end":{"line":23,"column":35}},"23":{"start":{"line":24,"column":0},"end":{"line":24,"column":73}},"24":{"start":{"line":25,"column":0},"end":{"line":25,"column":67}},"25":{"start":{"line":26,"column":0},"end":{"line":26,"column":58}},"27":{"start":{"line":28,"column":0},"end":{"line":28,"column":41}},"29":{"start":{"line":30,"column":0},"end":{"line":30,"column":37}},"30":{"start":{"line":31,"column":0},"end":{"line":31,"column":86}},"31":{"start":{"line":32,"column":0},"end":{"line":32,"column":4}},"33":{"start":{"line":34,"column":0},"end":{"line":34,"column":59}},"34":{"start":{"line":35,"column":0},"end":{"line":35,"column":46}},"35":{"start":{"line":36,"column":0},"end":{"line":36,"column":18}},"36":{"start":{"line":37,"column":0},"end":{"line":37,"column":33}},"37":{"start":{"line":38,"column":0},"end":{"line":38,"column":4}},"39":{"start":{"line":40,"column":0},"end":{"line":40,"column":38}},"40":{"start":{"line":41,"column":0},"end":{"line":41,"column":33}},"41":{"start":{"line":42,"column":0},"end":{"line":42,"column":19}},"43":{"start":{"line":44,"column":0},"end":{"line":44,"column":25}},"44":{"start":{"line":45,"column":0},"end":{"line":45,"column":44}},"45":{"start":{"line":46,"column":0},"end":{"line":46,"column":33}},"46":{"start":{"line":47,"column":0},"end":{"line":47,"column":20}},"47":{"start":{"line":48,"column":0},"end":{"line":48,"column":9}},"48":{"start":{"line":49,"column":0},"end":{"line":49,"column":7}},"49":{"start":{"line":50,"column":0},"end":{"line":50,"column":5}},"51":{"start":{"line":52,"column":0},"end":{"line":52,"column":23}},"52":{"start":{"line":53,"column":0},"end":{"line":53,"column":33}},"53":{"start":{"line":54,"column":0},"end":{"line":54,"column":5}},"54":{"start":{"line":55,"column":0},"end":{"line":55,"column":44}},"55":{"start":{"line":56,"column":0},"end":{"line":56,"column":27}},"56":{"start":{"line":57,"column":0},"end":{"line":57,"column":35}},"57":{"start":{"line":58,"column":0},"end":{"line":58,"column":5}},"58":{"start":{"line":59,"column":0},"end":{"line":59,"column":3}},"60":{"start":{"line":61,"column":0},"end":{"line":61,"column":10}},"61":{"start":{"line":62,"column":0},"end":{"line":62,"column":8}},"62":{"start":{"line":63,"column":0},"end":{"line":63,"column":29}},"63":{"start":{"line":64,"column":0},"end":{"line":64,"column":24}},"64":{"start":{"line":65,"column":0},"end":{"line":65,"column":23}},"65":{"start":{"line":66,"column":0},"end":{"line":66,"column":28}},"66":{"start":{"line":67,"column":0},"end":{"line":67,"column":24}},"67":{"start":{"line":68,"column":0},"end":{"line":68,"column":8}},"69":{"start":{"line":70,"column":0},"end":{"line":70,"column":72}},"70":{"start":{"line":71,"column":0},"end":{"line":71,"column":86}},"71":{"start":{"line":72,"column":0},"end":{"line":72,"column":38}},"72":{"start":{"line":73,"column":0},"end":{"line":73,"column":10}},"73":{"start":{"line":74,"column":0},"end":{"line":74,"column":25}},"74":{"start":{"line":75,"column":0},"end":{"line":75,"column":30}},"75":{"start":{"line":76,"column":0},"end":{"line":76,"column":10}},"77":{"start":{"line":78,"column":0},"end":{"line":78,"column":12}},"78":{"start":{"line":79,"column":0},"end":{"line":79,"column":37}},"79":{"start":{"line":80,"column":0},"end":{"line":80,"column":26}},"80":{"start":{"line":81,"column":0},"end":{"line":81,"column":36}},"81":{"start":{"line":82,"column":0},"end":{"line":82,"column":12}},"82":{"start":{"line":83,"column":0},"end":{"line":83,"column":15}},"83":{"start":{"line":84,"column":0},"end":{"line":84,"column":12}},"84":{"start":{"line":85,"column":0},"end":{"line":85,"column":10}},"86":{"start":{"line":87,"column":0},"end":{"line":87,"column":2}},"88":{"start":{"line":89,"column":0},"end":{"line":89,"column":20}}},"s":{"0":1,"1":1,"2":1,"3":1,"4":1,"5":1,"7":1,"15":1,"16":5,"17":5,"18":5,"19":5,"20":5,"22":5,"23":5,"24":5,"25":5,"27":5,"29":5,"30":0,"31":0,"33":5,"34":0,"35":0,"36":0,"37":0,"39":5,"40":0,"41":0,"43":0,"44":0,"45":0,"46":0,"47":0,"48":0,"49":0,"51":0,"52":0,"53":0,"54":0,"55":0,"56":0,"57":0,"58":0,"60":5,"61":5,"62":5,"63":5,"64":5,"65":0,"66":0,"67":0,"69":5,"70":5,"71":5,"72":5,"73":5,"74":0,"75":0,"77":5,"78":5,"79":5,"80":0,"81":0,"82":5,"83":5,"84":5,"86":5,"88":1},"branchMap":{"0":{"type":"branch","line":16,"loc":{"start":{"line":16,"column":13},"end":{"line":87,"column":2}},"locations":[{"start":{"line":16,"column":13},"end":{"line":87,"column":2}}]},"1":{"type":"branch","line":24,"loc":{"start":{"line":24,"column":41},"end":{"line":24,"column":68}},"locations":[{"start":{"line":24,"column":41},"end":{"line":24,"column":68}}]},"2":{"type":"branch","line":25,"loc":{"start":{"line":25,"column":37},"end":{"line":25,"column":62}},"locations":[{"start":{"line":25,"column":37},"end":{"line":25,"column":62}}]},"3":{"type":"branch","line":20,"loc":{"start":{"line":20,"column":37},"end":{"line":20,"column":71}},"locations":[{"start":{"line":20,"column":37},"end":{"line":20,"column":71}}]}},"b":{"0":[5],"1":[0],"2":[0],"3":[11]},"fnMap":{"0":{"name":"Item","decl":{"start":{"line":16,"column":13},"end":{"line":87,"column":2}},"loc":{"start":{"line":16,"column":13},"end":{"line":87,"column":2}},"line":16},"1":{"name":"handleGetInfo","decl":{"start":{"line":30,"column":24},"end":{"line":32,"column":4}},"loc":{"start":{"line":30,"column":24},"end":{"line":32,"column":4}},"line":30},"2":{"name":"pushSelectedCharacter","decl":{"start":{"line":34,"column":32},"end":{"line":38,"column":4}},"loc":{"start":{"line":34,"column":32},"end":{"line":38,"column":4}},"line":34},"3":{"name":"handleChange","decl":{"start":{"line":40,"column":2},"end":{"line":59,"column":3}},"loc":{"start":{"line":40,"column":2},"end":{"line":59,"column":3}},"line":40},"4":{"name":"onClick","decl":{"start":{"line":65,"column":15},"end":{"line":68,"column":8}},"loc":{"start":{"line":65,"column":15},"end":{"line":68,"column":8}},"line":65},"5":{"name":"onClick","decl":{"start":{"line":74,"column":17},"end":{"line":76,"column":10}},"loc":{"start":{"line":74,"column":17},"end":{"line":76,"column":10}},"line":74},"6":{"name":"onClick","decl":{"start":{"line":80,"column":19},"end":{"line":82,"column":12}},"loc":{"start":{"line":80,"column":19},"end":{"line":82,"column":12}},"line":80}},"f":{"0":5,"1":0,"2":0,"3":0,"4":0,"5":0,"6":0}}
,"E:\\3-stage-rss-school\\react-2024-q3\\src\\components\\ItemList\\ItemList.tsx": {"path":"E:\\3-stage-rss-school\\react-2024-q3\\src\\components\\ItemList\\ItemList.tsx","all":false,"statementMap":{"0":{"start":{"line":1,"column":0},"end":{"line":1,"column":43}},"1":{"start":{"line":2,"column":0},"end":{"line":2,"column":54}},"2":{"start":{"line":3,"column":0},"end":{"line":3,"column":53}},"3":{"start":{"line":4,"column":0},"end":{"line":4,"column":85}},"4":{"start":{"line":5,"column":0},"end":{"line":5,"column":43}},"5":{"start":{"line":6,"column":0},"end":{"line":6,"column":46}},"6":{"start":{"line":7,"column":0},"end":{"line":7,"column":46}},"7":{"start":{"line":8,"column":0},"end":{"line":8,"column":34}},"8":{"start":{"line":9,"column":0},"end":{"line":9,"column":50}},"10":{"start":{"line":11,"column":0},"end":{"line":11,"column":24}},"11":{"start":{"line":12,"column":0},"end":{"line":12,"column":35}},"12":{"start":{"line":13,"column":0},"end":{"line":13,"column":73}},"13":{"start":{"line":14,"column":0},"end":{"line":14,"column":67}},"14":{"start":{"line":15,"column":0},"end":{"line":15,"column":58}},"15":{"start":{"line":16,"column":0},"end":{"line":16,"column":89}},"16":{"start":{"line":17,"column":0},"end":{"line":17,"column":36}},"17":{"start":{"line":18,"column":0},"end":{"line":18,"column":61}},"18":{"start":{"line":19,"column":0},"end":{"line":19,"column":63}},"20":{"start":{"line":21,"column":0},"end":{"line":21,"column":10}},"21":{"start":{"line":22,"column":0},"end":{"line":22,"column":58}},"22":{"start":{"line":23,"column":0},"end":{"line":23,"column":20}},"23":{"start":{"line":24,"column":0},"end":{"line":24,"column":19}},"24":{"start":{"line":25,"column":0},"end":{"line":25,"column":38}},"25":{"start":{"line":26,"column":0},"end":{"line":26,"column":46}},"26":{"start":{"line":27,"column":0},"end":{"line":27,"column":36}},"27":{"start":{"line":28,"column":0},"end":{"line":28,"column":20}},"29":{"start":{"line":30,"column":0},"end":{"line":30,"column":42}},"30":{"start":{"line":31,"column":0},"end":{"line":31,"column":97}},"31":{"start":{"line":32,"column":0},"end":{"line":32,"column":10}},"33":{"start":{"line":34,"column":0},"end":{"line":34,"column":10}},"35":{"start":{"line":36,"column":0},"end":{"line":36,"column":2}},"37":{"start":{"line":38,"column":0},"end":{"line":38,"column":24}}},"s":{"0":1,"1":1,"2":1,"3":1,"4":1,"5":1,"6":1,"7":1,"8":1,"10":1,"11":1,"12":1,"13":1,"14":1,"15":1,"16":1,"17":1,"18":1,"20":1,"21":1,"22":1,"23":1,"24":0,"25":0,"26":0,"27":0,"29":0,"30":0,"31":0,"33":1,"35":1,"37":1},"branchMap":{"0":{"type":"branch","line":11,"loc":{"start":{"line":11,"column":17},"end":{"line":36,"column":2}},"locations":[{"start":{"line":11,"column":17},"end":{"line":36,"column":2}}]},"1":{"type":"branch","line":13,"loc":{"start":{"line":13,"column":41},"end":{"line":13,"column":68}},"locations":[{"start":{"line":13,"column":41},"end":{"line":13,"column":68}}]},"2":{"type":"branch","line":14,"loc":{"start":{"line":14,"column":37},"end":{"line":14,"column":62}},"locations":[{"start":{"line":14,"column":37},"end":{"line":14,"column":62}}]},"3":{"type":"branch","line":18,"loc":{"start":{"line":18,"column":18},"end":{"line":18,"column":61}},"locations":[{"start":{"line":18,"column":18},"end":{"line":18,"column":61}}]},"4":{"type":"branch","line":19,"loc":{"start":{"line":19,"column":26},"end":{"line":19,"column":63}},"locations":[{"start":{"line":19,"column":26},"end":{"line":19,"column":63}}]},"5":{"type":"branch","line":24,"loc":{"start":{"line":24,"column":17},"end":{"line":32,"column":10}},"locations":[{"start":{"line":24,"column":17},"end":{"line":32,"column":10}}]}},"b":{"0":[1],"1":[0],"2":[0],"3":[0],"4":[0],"5":[0]},"fnMap":{"0":{"name":"ItemList","decl":{"start":{"line":11,"column":17},"end":{"line":36,"column":2}},"loc":{"start":{"line":11,"column":17},"end":{"line":36,"column":2}},"line":11}},"f":{"0":1}}
,"E:\\3-stage-rss-school\\react-2024-q3\\src\\components\\NotFound\\NotFound.tsx": {"path":"E:\\3-stage-rss-school\\react-2024-q3\\src\\components\\NotFound\\NotFound.tsx","all":false,"statementMap":{"0":{"start":{"line":1,"column":0},"end":{"line":1,"column":43}},"2":{"start":{"line":3,"column":0},"end":{"line":3,"column":24}},"3":{"start":{"line":4,"column":0},"end":{"line":4,"column":10}},"4":{"start":{"line":5,"column":0},"end":{"line":5,"column":61}},"6":{"start":{"line":7,"column":0},"end":{"line":7,"column":10}},"8":{"start":{"line":9,"column":0},"end":{"line":9,"column":2}},"10":{"start":{"line":11,"column":0},"end":{"line":11,"column":24}}},"s":{"0":1,"2":1,"3":1,"4":1,"6":1,"8":1,"10":1},"branchMap":{"0":{"type":"branch","line":3,"loc":{"start":{"line":3,"column":17},"end":{"line":9,"column":2}},"locations":[{"start":{"line":3,"column":17},"end":{"line":9,"column":2}}]}},"b":{"0":[1]},"fnMap":{"0":{"name":"NotFound","decl":{"start":{"line":3,"column":17},"end":{"line":9,"column":2}},"loc":{"start":{"line":3,"column":17},"end":{"line":9,"column":2}},"line":3}},"f":{"0":1}}
,"E:\\3-stage-rss-school\\react-2024-q3\\src\\components\\PageNumber\\PageNumber.tsx": {"path":"E:\\3-stage-rss-school\\react-2024-q3\\src\\components\\PageNumber\\PageNumber.tsx","all":false,"statementMap":{"0":{"start":{"line":1,"column":0},"end":{"line":1,"column":45}},"1":{"start":{"line":2,"column":0},"end":{"line":2,"column":69}},"2":{"start":{"line":3,"column":0},"end":{"line":3,"column":65}},"3":{"start":{"line":4,"column":0},"end":{"line":4,"column":35}},"4":{"start":{"line":5,"column":0},"end":{"line":5,"column":60}},"5":{"start":{"line":6,"column":0},"end":{"line":6,"column":61}},"10":{"start":{"line":11,"column":0},"end":{"line":11,"column":49}},"11":{"start":{"line":12,"column":0},"end":{"line":12,"column":51}},"12":{"start":{"line":13,"column":0},"end":{"line":13,"column":67}},"14":{"start":{"line":15,"column":0},"end":{"line":15,"column":24}},"15":{"start":{"line":16,"column":0},"end":{"line":16,"column":36}},"17":{"start":{"line":18,"column":0},"end":{"line":18,"column":35}},"19":{"start":{"line":20,"column":0},"end":{"line":20,"column":53}},"21":{"start":{"line":22,"column":0},"end":{"line":22,"column":52}},"23":{"start":{"line":24,"column":0},"end":{"line":24,"column":76}},"25":{"start":{"line":26,"column":0},"end":{"line":26,"column":31}},"27":{"start":{"line":28,"column":0},"end":{"line":28,"column":25}},"28":{"start":{"line":29,"column":0},"end":{"line":29,"column":27}},"29":{"start":{"line":30,"column":0},"end":{"line":30,"column":3}},"31":{"start":{"line":32,"column":0},"end":{"line":32,"column":39}},"32":{"start":{"line":33,"column":0},"end":{"line":33,"column":32}},"33":{"start":{"line":34,"column":0},"end":{"line":34,"column":80}},"34":{"start":{"line":35,"column":0},"end":{"line":35,"column":12}},"35":{"start":{"line":36,"column":0},"end":{"line":36,"column":56}},"36":{"start":{"line":37,"column":0},"end":{"line":37,"column":5}},"37":{"start":{"line":38,"column":0},"end":{"line":38,"column":4}},"39":{"start":{"line":40,"column":0},"end":{"line":40,"column":75}},"41":{"start":{"line":42,"column":0},"end":{"line":42,"column":10}},"42":{"start":{"line":43,"column":0},"end":{"line":43,"column":6}},"43":{"start":{"line":44,"column":0},"end":{"line":44,"column":31}},"44":{"start":{"line":45,"column":0},"end":{"line":45,"column":12}},"45":{"start":{"line":46,"column":0},"end":{"line":46,"column":80}},"46":{"start":{"line":47,"column":0},"end":{"line":47,"column":27}},"47":{"start":{"line":48,"column":0},"end":{"line":48,"column":32}},"48":{"start":{"line":49,"column":0},"end":{"line":49,"column":25}},"49":{"start":{"line":50,"column":0},"end":{"line":50,"column":36}},"50":{"start":{"line":51,"column":0},"end":{"line":51,"column":12}},"52":{"start":{"line":53,"column":0},"end":{"line":53,"column":15}},"53":{"start":{"line":54,"column":0},"end":{"line":54,"column":14}},"55":{"start":{"line":56,"column":0},"end":{"line":56,"column":12}},"56":{"start":{"line":57,"column":0},"end":{"line":57,"column":53}},"57":{"start":{"line":58,"column":0},"end":{"line":58,"column":27}},"58":{"start":{"line":59,"column":0},"end":{"line":59,"column":32}},"59":{"start":{"line":60,"column":0},"end":{"line":60,"column":25}},"60":{"start":{"line":61,"column":0},"end":{"line":61,"column":36}},"61":{"start":{"line":62,"column":0},"end":{"line":62,"column":12}},"63":{"start":{"line":64,"column":0},"end":{"line":64,"column":15}},"64":{"start":{"line":65,"column":0},"end":{"line":65,"column":14}},"66":{"start":{"line":67,"column":0},"end":{"line":67,"column":7}},"68":{"start":{"line":69,"column":0},"end":{"line":69,"column":2}},"70":{"start":{"line":71,"column":0},"end":{"line":71,"column":26}}},"s":{"0":1,"1":1,"2":1,"3":1,"4":1,"5":1,"10":1,"11":1,"12":1,"14":1,"15":1,"17":1,"19":1,"21":1,"23":1,"25":1,"27":1,"28":0,"29":0,"31":1,"32":0,"33":0,"34":0,"35":0,"36":0,"37":0,"39":1,"41":1,"42":1,"43":1,"44":1,"45":1,"46":1,"47":0,"48":0,"49":0,"50":0,"52":1,"53":1,"55":0,"56":0,"57":0,"58":0,"59":0,"60":0,"61":0,"63":0,"64":0,"66":1,"68":1,"70":1},"branchMap":{"0":{"type":"branch","line":11,"loc":{"start":{"line":11,"column":19},"end":{"line":69,"column":2}},"locations":[{"start":{"line":11,"column":19},"end":{"line":69,"column":2}}]},"1":{"type":"branch","line":13,"loc":{"start":{"line":13,"column":16},"end":{"line":13,"column":49}},"locations":[{"start":{"line":13,"column":16},"end":{"line":13,"column":49}}]},"2":{"type":"branch","line":20,"loc":{"start":{"line":20,"column":44},"end":{"line":20,"column":53}},"locations":[{"start":{"line":20,"column":44},"end":{"line":20,"column":53}}]},"3":{"type":"branch","line":24,"loc":{"start":{"line":24,"column":43},"end":{"line":24,"column":71}},"locations":[{"start":{"line":24,"column":43},"end":{"line":24,"column":71}}]},"4":{"type":"branch","line":54,"loc":{"start":{"line":54,"column":8},"end":{"line":65,"column":14}},"locations":[{"start":{"line":54,"column":8},"end":{"line":65,"column":14}}]},"5":{"type":"branch","line":40,"loc":{"start":{"line":40,"column":38},"end":{"line":40,"column":73}},"locations":[{"start":{"line":40,"column":38},"end":{"line":40,"column":73}}]}},"b":{"0":[1],"1":[0],"2":[0],"3":[0],"4":[0],"5":[2]},"fnMap":{"0":{"name":"PageNumber","decl":{"start":{"line":11,"column":19},"end":{"line":69,"column":2}},"loc":{"start":{"line":11,"column":19},"end":{"line":69,"column":2}},"line":11},"1":{"name":"selectPage","decl":{"start":{"line":28,"column":2},"end":{"line":30,"column":3}},"loc":{"start":{"line":28,"column":2},"end":{"line":30,"column":3}},"line":28},"2":{"name":"getPageWithCharacters","decl":{"start":{"line":32,"column":32},"end":{"line":38,"column":4}},"loc":{"start":{"line":32,"column":32},"end":{"line":38,"column":4}},"line":32},"3":{"name":"onClick","decl":{"start":{"line":47,"column":19},"end":{"line":51,"column":12}},"loc":{"start":{"line":47,"column":19},"end":{"line":51,"column":12}},"line":47},"4":{"name":"onClick","decl":{"start":{"line":58,"column":19},"end":{"line":62,"column":12}},"loc":{"start":{"line":58,"column":19},"end":{"line":62,"column":12}},"line":58}},"f":{"0":1,"1":0,"2":0,"3":0,"4":0}}
,"E:\\3-stage-rss-school\\react-2024-q3\\src\\components\\Pagination\\Pagination.tsx": {"path":"E:\\3-stage-rss-school\\react-2024-q3\\src\\components\\Pagination\\Pagination.tsx","all":false,"statementMap":{"0":{"start":{"line":1,"column":0},"end":{"line":1,"column":45}},"1":{"start":{"line":2,"column":0},"end":{"line":2,"column":66}},"2":{"start":{"line":3,"column":0},"end":{"line":3,"column":35}},"3":{"start":{"line":4,"column":0},"end":{"line":4,"column":53}},"4":{"start":{"line":5,"column":0},"end":{"line":5,"column":55}},"5":{"start":{"line":6,"column":0},"end":{"line":6,"column":60}},"6":{"start":{"line":7,"column":0},"end":{"line":7,"column":61}},"8":{"start":{"line":9,"column":0},"end":{"line":9,"column":26}},"9":{"start":{"line":10,"column":0},"end":{"line":10,"column":51}},"10":{"start":{"line":11,"column":0},"end":{"line":11,"column":67}},"12":{"start":{"line":13,"column":0},"end":{"line":13,"column":35}},"13":{"start":{"line":14,"column":0},"end":{"line":14,"column":73}},"14":{"start":{"line":15,"column":0},"end":{"line":15,"column":67}},"15":{"start":{"line":16,"column":0},"end":{"line":16,"column":58}},"16":{"start":{"line":17,"column":0},"end":{"line":17,"column":76}},"17":{"start":{"line":18,"column":0},"end":{"line":18,"column":31}},"19":{"start":{"line":20,"column":0},"end":{"line":20,"column":71}},"21":{"start":{"line":22,"column":0},"end":{"line":22,"column":29}},"22":{"start":{"line":23,"column":0},"end":{"line":23,"column":54}},"23":{"start":{"line":24,"column":0},"end":{"line":24,"column":34}},"24":{"start":{"line":25,"column":0},"end":{"line":25,"column":100}},"25":{"start":{"line":26,"column":0},"end":{"line":26,"column":14}},"26":{"start":{"line":27,"column":0},"end":{"line":27,"column":76}},"27":{"start":{"line":28,"column":0},"end":{"line":28,"column":7}},"28":{"start":{"line":29,"column":0},"end":{"line":29,"column":5}},"29":{"start":{"line":30,"column":0},"end":{"line":30,"column":4}},"31":{"start":{"line":32,"column":0},"end":{"line":32,"column":29}},"32":{"start":{"line":33,"column":0},"end":{"line":33,"column":88}},"33":{"start":{"line":34,"column":0},"end":{"line":34,"column":34}},"34":{"start":{"line":35,"column":0},"end":{"line":35,"column":100}},"35":{"start":{"line":36,"column":0},"end":{"line":36,"column":14}},"36":{"start":{"line":37,"column":0},"end":{"line":37,"column":76}},"37":{"start":{"line":38,"column":0},"end":{"line":38,"column":7}},"38":{"start":{"line":39,"column":0},"end":{"line":39,"column":5}},"39":{"start":{"line":40,"column":0},"end":{"line":40,"column":4}},"41":{"start":{"line":42,"column":0},"end":{"line":42,"column":52}},"43":{"start":{"line":44,"column":0},"end":{"line":44,"column":35}},"44":{"start":{"line":45,"column":0},"end":{"line":45,"column":40}},"45":{"start":{"line":46,"column":0},"end":{"line":46,"column":24}},"46":{"start":{"line":47,"column":0},"end":{"line":47,"column":3}},"47":{"start":{"line":48,"column":0},"end":{"line":48,"column":10}},"48":{"start":{"line":49,"column":0},"end":{"line":49,"column":64}},"49":{"start":{"line":50,"column":0},"end":{"line":50,"column":13}},"50":{"start":{"line":51,"column":0},"end":{"line":51,"column":52}},"51":{"start":{"line":52,"column":0},"end":{"line":52,"column":25}},"52":{"start":{"line":53,"column":0},"end":{"line":53,"column":29}},"53":{"start":{"line":54,"column":0},"end":{"line":54,"column":30}},"54":{"start":{"line":55,"column":0},"end":{"line":55,"column":24}},"55":{"start":{"line":56,"column":0},"end":{"line":56,"column":10}},"57":{"start":{"line":58,"column":0},"end":{"line":58,"column":12}},"59":{"start":{"line":60,"column":0},"end":{"line":60,"column":15}},"60":{"start":{"line":61,"column":0},"end":{"line":61,"column":42}},"61":{"start":{"line":62,"column":0},"end":{"line":62,"column":44}},"62":{"start":{"line":63,"column":0},"end":{"line":63,"column":61}},"63":{"start":{"line":64,"column":0},"end":{"line":64,"column":11}},"64":{"start":{"line":65,"column":0},"end":{"line":65,"column":12}},"65":{"start":{"line":66,"column":0},"end":{"line":66,"column":13}},"66":{"start":{"line":67,"column":0},"end":{"line":67,"column":52}},"67":{"start":{"line":68,"column":0},"end":{"line":68,"column":25}},"68":{"start":{"line":69,"column":0},"end":{"line":69,"column":29}},"69":{"start":{"line":70,"column":0},"end":{"line":70,"column":30}},"70":{"start":{"line":71,"column":0},"end":{"line":71,"column":24}},"71":{"start":{"line":72,"column":0},"end":{"line":72,"column":10}},"72":{"start":{"line":73,"column":0},"end":{"line":73,"column":7}},"74":{"start":{"line":75,"column":0},"end":{"line":75,"column":15}},"75":{"start":{"line":76,"column":0},"end":{"line":76,"column":10}},"77":{"start":{"line":78,"column":0},"end":{"line":78,"column":2}},"79":{"start":{"line":80,"column":0},"end":{"line":80,"column":26}}},"s":{"0":1,"1":1,"2":1,"3":1,"4":1,"5":1,"6":1,"8":1,"9":1,"10":1,"12":1,"13":1,"14":1,"15":1,"16":1,"17":1,"19":1,"21":1,"22":0,"23":0,"24":0,"25":0,"26":0,"27":0,"28":0,"29":0,"31":1,"32":0,"33":0,"34":0,"35":0,"36":0,"37":0,"38":0,"39":0,"41":1,"43":1,"44":1,"45":1,"46":1,"47":1,"48":1,"49":1,"50":1,"51":1,"52":0,"53":0,"54":0,"55":0,"57":1,"59":1,"60":1,"61":1,"62":1,"63":1,"64":1,"65":1,"66":1,"67":1,"68":0,"69":0,"70":0,"71":0,"72":1,"74":1,"75":1,"77":1,"79":1},"branchMap":{"0":{"type":"branch","line":9,"loc":{"start":{"line":9,"column":19},"end":{"line":78,"column":2}},"locations":[{"start":{"line":9,"column":19},"end":{"line":78,"column":2}}]},"1":{"type":"branch","line":11,"loc":{"start":{"line":11,"column":16},"end":{"line":11,"column":49}},"locations":[{"start":{"line":11,"column":16},"end":{"line":11,"column":49}}]},"2":{"type":"branch","line":14,"loc":{"start":{"line":14,"column":41},"end":{"line":14,"column":68}},"locations":[{"start":{"line":14,"column":41},"end":{"line":14,"column":68}}]},"3":{"type":"branch","line":15,"loc":{"start":{"line":15,"column":37},"end":{"line":15,"column":62}},"locations":[{"start":{"line":15,"column":37},"end":{"line":15,"column":62}}]},"4":{"type":"branch","line":17,"loc":{"start":{"line":17,"column":43},"end":{"line":17,"column":71}},"locations":[{"start":{"line":17,"column":43},"end":{"line":17,"column":71}}]},"5":{"type":"branch","line":20,"loc":{"start":{"line":20,"column":31},"end":{"line":20,"column":69}},"locations":[{"start":{"line":20,"column":31},"end":{"line":20,"column":69}}]},"6":{"type":"branch","line":62,"loc":{"start":{"line":62,"column":25},"end":{"line":63,"column":61}},"locations":[{"start":{"line":62,"column":25},"end":{"line":63,"column":61}}]}},"b":{"0":[1],"1":[0],"2":[0],"3":[0],"4":[0],"5":[2],"6":[1]},"fnMap":{"0":{"name":"Pagination","decl":{"start":{"line":9,"column":19},"end":{"line":78,"column":2}},"loc":{"start":{"line":9,"column":19},"end":{"line":78,"column":2}},"line":9},"1":{"name":"onClickPrev","decl":{"start":{"line":22,"column":22},"end":{"line":30,"column":4}},"loc":{"start":{"line":22,"column":22},"end":{"line":30,"column":4}},"line":22},"2":{"name":"onClickNext","decl":{"start":{"line":32,"column":22},"end":{"line":40,"column":4}},"loc":{"start":{"line":32,"column":22},"end":{"line":40,"column":4}},"line":32},"3":{"name":"onClick","decl":{"start":{"line":52,"column":17},"end":{"line":56,"column":10}},"loc":{"start":{"line":52,"column":17},"end":{"line":56,"column":10}},"line":52},"4":{"name":"onClick","decl":{"start":{"line":68,"column":17},"end":{"line":72,"column":10}},"loc":{"start":{"line":68,"column":17},"end":{"line":72,"column":10}},"line":68}},"f":{"0":1,"1":0,"2":0,"3":0,"4":0}}
,"E:\\3-stage-rss-school\\react-2024-q3\\src\\components\\SearchForm\\SearchForm.tsx": {"path":"E:\\3-stage-rss-school\\react-2024-q3\\src\\components\\SearchForm\\SearchForm.tsx","all":false,"statementMap":{"0":{"start":{"line":1,"column":0},"end":{"line":1,"column":45}},"1":{"start":{"line":2,"column":0},"end":{"line":2,"column":44}},"2":{"start":{"line":3,"column":0},"end":{"line":3,"column":79}},"3":{"start":{"line":4,"column":0},"end":{"line":4,"column":60}},"4":{"start":{"line":5,"column":0},"end":{"line":5,"column":50}},"6":{"start":{"line":7,"column":0},"end":{"line":7,"column":26}},"7":{"start":{"line":8,"column":0},"end":{"line":8,"column":51}},"8":{"start":{"line":9,"column":0},"end":{"line":9,"column":67}},"10":{"start":{"line":11,"column":0},"end":{"line":11,"column":53}},"12":{"start":{"line":13,"column":0},"end":{"line":13,"column":29}},"14":{"start":{"line":15,"column":0},"end":{"line":15,"column":35}},"16":{"start":{"line":17,"column":0},"end":{"line":17,"column":53}},"18":{"start":{"line":19,"column":0},"end":{"line":19,"column":52}},"20":{"start":{"line":21,"column":0},"end":{"line":21,"column":19}},"21":{"start":{"line":22,"column":0},"end":{"line":22,"column":39}},"22":{"start":{"line":23,"column":0},"end":{"line":23,"column":15}},"24":{"start":{"line":25,"column":0},"end":{"line":25,"column":60}},"25":{"start":{"line":26,"column":0},"end":{"line":26,"column":27}},"26":{"start":{"line":27,"column":0},"end":{"line":27,"column":54}},"27":{"start":{"line":28,"column":0},"end":{"line":28,"column":56}},"28":{"start":{"line":29,"column":0},"end":{"line":29,"column":55}},"29":{"start":{"line":30,"column":0},"end":{"line":30,"column":3}},"31":{"start":{"line":32,"column":0},"end":{"line":32,"column":10}},"32":{"start":{"line":33,"column":0},"end":{"line":33,"column":9}},"33":{"start":{"line":34,"column":0},"end":{"line":34,"column":31}},"34":{"start":{"line":35,"column":0},"end":{"line":35,"column":43}},"35":{"start":{"line":36,"column":0},"end":{"line":36,"column":29}},"36":{"start":{"line":37,"column":0},"end":{"line":37,"column":71}},"38":{"start":{"line":39,"column":0},"end":{"line":39,"column":12}},"39":{"start":{"line":40,"column":0},"end":{"line":40,"column":27}},"40":{"start":{"line":41,"column":0},"end":{"line":41,"column":19}},"41":{"start":{"line":42,"column":0},"end":{"line":42,"column":21}},"42":{"start":{"line":43,"column":0},"end":{"line":43,"column":46}},"43":{"start":{"line":44,"column":0},"end":{"line":44,"column":27}},"44":{"start":{"line":45,"column":0},"end":{"line":45,"column":64}},"45":{"start":{"line":46,"column":0},"end":{"line":46,"column":8}},"46":{"start":{"line":47,"column":0},"end":{"line":47,"column":75}},"48":{"start":{"line":49,"column":0},"end":{"line":49,"column":15}},"49":{"start":{"line":50,"column":0},"end":{"line":50,"column":11}},"51":{"start":{"line":52,"column":0},"end":{"line":52,"column":2}},"53":{"start":{"line":54,"column":0},"end":{"line":54,"column":26}}},"s":{"0":1,"1":1,"2":1,"3":1,"4":1,"6":1,"7":1,"8":1,"10":1,"12":1,"14":1,"16":1,"18":1,"20":1,"21":1,"22":1,"24":1,"25":0,"26":0,"27":0,"28":0,"29":0,"31":1,"32":1,"33":1,"34":1,"35":1,"36":1,"38":1,"39":1,"40":1,"41":1,"42":1,"43":1,"44":1,"45":1,"46":1,"48":1,"49":1,"51":1,"53":1},"branchMap":{"0":{"type":"branch","line":7,"loc":{"start":{"line":7,"column":19},"end":{"line":52,"column":2}},"locations":[{"start":{"line":7,"column":19},"end":{"line":52,"column":2}}]},"1":{"type":"branch","line":9,"loc":{"start":{"line":9,"column":16},"end":{"line":9,"column":49}},"locations":[{"start":{"line":9,"column":16},"end":{"line":9,"column":49}}]},"2":{"type":"branch","line":17,"loc":{"start":{"line":17,"column":44},"end":{"line":17,"column":53}},"locations":[{"start":{"line":17,"column":44},"end":{"line":17,"column":53}}]},"3":{"type":"branch","line":21,"loc":{"start":{"line":21,"column":12},"end":{"line":23,"column":5}},"locations":[{"start":{"line":21,"column":12},"end":{"line":23,"column":5}}]}},"b":{"0":[1],"1":[0],"2":[0],"3":[1]},"fnMap":{"0":{"name":"SearchForm","decl":{"start":{"line":7,"column":19},"end":{"line":52,"column":2}},"loc":{"start":{"line":7,"column":19},"end":{"line":52,"column":2}},"line":7},"1":{"name":"handleSubmit","decl":{"start":{"line":25,"column":2},"end":{"line":30,"column":3}},"loc":{"start":{"line":25,"column":2},"end":{"line":30,"column":3}},"line":25},"2":{"name":"onClick","decl":{"start":{"line":37,"column":15},"end":{"line":37,"column":71}},"loc":{"start":{"line":37,"column":15},"end":{"line":37,"column":71}},"line":37},"3":{"name":"onChange","decl":{"start":{"line":45,"column":18},"end":{"line":45,"column":64}},"loc":{"start":{"line":45,"column":18},"end":{"line":45,"column":64}},"line":45}},"f":{"0":1,"1":0,"2":0,"3":0}}
,"E:\\3-stage-rss-school\\react-2024-q3\\src\\components\\SelectFlag\\SelectFlag.tsx": {"path":"E:\\3-stage-rss-school\\react-2024-q3\\src\\components\\SelectFlag\\SelectFlag.tsx","all":false,"statementMap":{"0":{"start":{"line":1,"column":0},"end":{"line":1,"column":45}},"1":{"start":{"line":2,"column":0},"end":{"line":2,"column":53}},"2":{"start":{"line":3,"column":0},"end":{"line":3,"column":35}},"3":{"start":{"line":4,"column":0},"end":{"line":4,"column":60}},"9":{"start":{"line":10,"column":0},"end":{"line":10,"column":49}},"10":{"start":{"line":11,"column":0},"end":{"line":11,"column":51}},"11":{"start":{"line":12,"column":0},"end":{"line":12,"column":67}},"13":{"start":{"line":14,"column":0},"end":{"line":14,"column":71}},"14":{"start":{"line":15,"column":0},"end":{"line":15,"column":59}},"15":{"start":{"line":16,"column":0},"end":{"line":16,"column":51}},"17":{"start":{"line":18,"column":0},"end":{"line":18,"column":28}},"18":{"start":{"line":19,"column":0},"end":{"line":19,"column":63}},"20":{"start":{"line":21,"column":0},"end":{"line":21,"column":61}},"22":{"start":{"line":23,"column":0},"end":{"line":23,"column":2}},"24":{"start":{"line":25,"column":0},"end":{"line":25,"column":26}}},"s":{"0":1,"1":1,"2":1,"3":1,"9":1,"10":5,"11":5,"13":5,"14":5,"15":5,"17":5,"18":2,"20":3,"22":5,"24":1},"branchMap":{"0":{"type":"branch","line":10,"loc":{"start":{"line":10,"column":19},"end":{"line":23,"column":2}},"locations":[{"start":{"line":10,"column":19},"end":{"line":23,"column":2}}]},"1":{"type":"branch","line":12,"loc":{"start":{"line":12,"column":16},"end":{"line":12,"column":49}},"locations":[{"start":{"line":12,"column":16},"end":{"line":12,"column":49}}]},"2":{"type":"branch","line":18,"loc":{"start":{"line":18,"column":19},"end":{"line":19,"column":63}},"locations":[{"start":{"line":18,"column":19},"end":{"line":19,"column":63}}]},"3":{"type":"branch","line":19,"loc":{"start":{"line":19,"column":57},"end":{"line":21,"column":61}},"locations":[{"start":{"line":19,"column":57},"end":{"line":21,"column":61}}]},"4":{"type":"branch","line":14,"loc":{"start":{"line":14,"column":35},"end":{"line":14,"column":69}},"locations":[{"start":{"line":14,"column":35},"end":{"line":14,"column":69}}]},"5":{"type":"branch","line":15,"loc":{"start":{"line":15,"column":38},"end":{"line":15,"column":57}},"locations":[{"start":{"line":15,"column":38},"end":{"line":15,"column":57}}]}},"b":{"0":[5],"1":[0],"2":[2],"3":[3],"4":[11],"5":[4]},"fnMap":{"0":{"name":"SelectFlag","decl":{"start":{"line":10,"column":19},"end":{"line":23,"column":2}},"loc":{"start":{"line":10,"column":19},"end":{"line":23,"column":2}},"line":10}},"f":{"0":5}}
,"E:\\3-stage-rss-school\\react-2024-q3\\src\\components\\SwitchTheme\\SwitchTheme.tsx": {"path":"E:\\3-stage-rss-school\\react-2024-q3\\src\\components\\SwitchTheme\\SwitchTheme.tsx","all":false,"statementMap":{"0":{"start":{"line":1,"column":0},"end":{"line":1,"column":46}},"1":{"start":{"line":2,"column":0},"end":{"line":2,"column":35}},"2":{"start":{"line":3,"column":0},"end":{"line":3,"column":60}},"4":{"start":{"line":5,"column":0},"end":{"line":5,"column":27}},"5":{"start":{"line":6,"column":0},"end":{"line":6,"column":64}},"6":{"start":{"line":7,"column":0},"end":{"line":7,"column":67}},"7":{"start":{"line":8,"column":0},"end":{"line":8,"column":10}},"8":{"start":{"line":9,"column":0},"end":{"line":9,"column":11}},"9":{"start":{"line":10,"column":0},"end":{"line":10,"column":26}},"10":{"start":{"line":11,"column":0},"end":{"line":11,"column":23}},"11":{"start":{"line":12,"column":0},"end":{"line":12,"column":28}},"12":{"start":{"line":13,"column":0},"end":{"line":13,"column":27}},"13":{"start":{"line":14,"column":0},"end":{"line":14,"column":22}},"14":{"start":{"line":15,"column":0},"end":{"line":15,"column":26}},"15":{"start":{"line":16,"column":0},"end":{"line":16,"column":52}},"16":{"start":{"line":17,"column":0},"end":{"line":17,"column":16}},"17":{"start":{"line":18,"column":0},"end":{"line":18,"column":51}},"18":{"start":{"line":19,"column":0},"end":{"line":19,"column":9}},"19":{"start":{"line":20,"column":0},"end":{"line":20,"column":8}},"20":{"start":{"line":21,"column":0},"end":{"line":21,"column":45}},"21":{"start":{"line":22,"column":0},"end":{"line":22,"column":14}},"23":{"start":{"line":24,"column":0},"end":{"line":24,"column":2}},"25":{"start":{"line":26,"column":0},"end":{"line":26,"column":27}}},"s":{"0":1,"1":1,"2":1,"4":1,"5":1,"6":1,"7":1,"8":1,"9":1,"10":1,"11":0,"12":0,"13":0,"14":0,"15":0,"16":0,"17":0,"18":0,"19":0,"20":1,"21":1,"23":1,"25":1},"branchMap":{"0":{"type":"branch","line":5,"loc":{"start":{"line":5,"column":20},"end":{"line":24,"column":2}},"locations":[{"start":{"line":5,"column":20},"end":{"line":24,"column":2}}]},"1":{"type":"branch","line":7,"loc":{"start":{"line":7,"column":16},"end":{"line":7,"column":49}},"locations":[{"start":{"line":7,"column":16},"end":{"line":7,"column":49}}]}},"b":{"0":[1],"1":[0]},"fnMap":{"0":{"name":"SwitchTheme","decl":{"start":{"line":5,"column":20},"end":{"line":24,"column":2}},"loc":{"start":{"line":5,"column":20},"end":{"line":24,"column":2}},"line":5},"1":{"name":"onClick","decl":{"start":{"line":11,"column":15},"end":{"line":20,"column":8}},"loc":{"start":{"line":11,"column":15},"end":{"line":20,"column":8}},"line":11}},"f":{"0":1,"1":0}}
,"E:\\3-stage-rss-school\\react-2024-q3\\src\\components\\Title\\Title.tsx": {"path":"E:\\3-stage-rss-school\\react-2024-q3\\src\\components\\Title\\Title.tsx","all":false,"statementMap":{"0":{"start":{"line":1,"column":0},"end":{"line":1,"column":40}},"1":{"start":{"line":2,"column":0},"end":{"line":2,"column":35}},"2":{"start":{"line":3,"column":0},"end":{"line":3,"column":60}},"4":{"start":{"line":5,"column":0},"end":{"line":5,"column":21}},"5":{"start":{"line":6,"column":0},"end":{"line":6,"column":51}},"6":{"start":{"line":7,"column":0},"end":{"line":7,"column":67}},"8":{"start":{"line":9,"column":0},"end":{"line":9,"column":10}},"9":{"start":{"line":10,"column":0},"end":{"line":10,"column":52}},"10":{"start":{"line":11,"column":0},"end":{"line":11,"column":41}},"11":{"start":{"line":12,"column":0},"end":{"line":12,"column":58}},"12":{"start":{"line":13,"column":0},"end":{"line":13,"column":10}},"14":{"start":{"line":15,"column":0},"end":{"line":15,"column":2}},"16":{"start":{"line":17,"column":0},"end":{"line":17,"column":21}}},"s":{"0":1,"1":1,"2":1,"4":1,"5":1,"6":1,"8":1,"9":1,"10":1,"11":1,"12":1,"14":1,"16":1},"branchMap":{"0":{"type":"branch","line":5,"loc":{"start":{"line":5,"column":14},"end":{"line":15,"column":2}},"locations":[{"start":{"line":5,"column":14},"end":{"line":15,"column":2}}]},"1":{"type":"branch","line":7,"loc":{"start":{"line":7,"column":16},"end":{"line":7,"column":49}},"locations":[{"start":{"line":7,"column":16},"end":{"line":7,"column":49}}]}},"b":{"0":[1],"1":[0]},"fnMap":{"0":{"name":"Title","decl":{"start":{"line":5,"column":14},"end":{"line":15,"column":2}},"loc":{"start":{"line":5,"column":14},"end":{"line":15,"column":2}},"line":5}},"f":{"0":1}}
,"E:\\3-stage-rss-school\\react-2024-q3\\src\\components\\spinner\\spinner.tsx": {"path":"E:\\3-stage-rss-school\\react-2024-q3\\src\\components\\spinner\\spinner.tsx","all":false,"statementMap":{"0":{"start":{"line":1,"column":0},"end":{"line":1,"column":44}},"1":{"start":{"line":2,"column":0},"end":{"line":2,"column":42}},"3":{"start":{"line":4,"column":0},"end":{"line":4,"column":23}},"4":{"start":{"line":5,"column":0},"end":{"line":5,"column":10}},"5":{"start":{"line":6,"column":0},"end":{"line":6,"column":9}},"6":{"start":{"line":7,"column":0},"end":{"line":7,"column":17}},"7":{"start":{"line":8,"column":0},"end":{"line":8,"column":16}},"8":{"start":{"line":9,"column":0},"end":{"line":9,"column":23}},"9":{"start":{"line":10,"column":0},"end":{"line":10,"column":30}},"10":{"start":{"line":11,"column":0},"end":{"line":11,"column":21}},"11":{"start":{"line":12,"column":0},"end":{"line":12,"column":33}},"12":{"start":{"line":13,"column":0},"end":{"line":13,"column":8}},"13":{"start":{"line":14,"column":0},"end":{"line":14,"column":35}},"14":{"start":{"line":15,"column":0},"end":{"line":15,"column":6}},"16":{"start":{"line":17,"column":0},"end":{"line":17,"column":2}},"18":{"start":{"line":19,"column":0},"end":{"line":19,"column":23}}},"s":{"0":1,"1":1,"3":1,"4":2,"5":2,"6":2,"7":2,"8":2,"9":2,"10":2,"11":2,"12":2,"13":2,"14":2,"16":2,"18":1},"branchMap":{"0":{"type":"branch","line":4,"loc":{"start":{"line":4,"column":16},"end":{"line":17,"column":2}},"locations":[{"start":{"line":4,"column":16},"end":{"line":17,"column":2}}]}},"b":{"0":[2]},"fnMap":{"0":{"name":"Spinner","decl":{"start":{"line":4,"column":16},"end":{"line":17,"column":2}},"loc":{"start":{"line":4,"column":16},"end":{"line":17,"column":2}},"line":4}},"f":{"0":2}}
,"E:\\3-stage-rss-school\\react-2024-q3\\src\\context\\ThemeContext.tsx": {"path":"E:\\3-stage-rss-school\\react-2024-q3\\src\\context\\ThemeContext.tsx","all":false,"statementMap":{"0":{"start":{"line":1,"column":0},"end":{"line":1,"column":13}},"1":{"start":{"line":2,"column":0},"end":{"line":2,"column":59}},"3":{"start":{"line":4,"column":0},"end":{"line":4,"column":94}},"4":{"start":{"line":5,"column":0},"end":{"line":5,"column":21}},"5":{"start":{"line":6,"column":0},"end":{"line":6,"column":24}},"6":{"start":{"line":7,"column":0},"end":{"line":7,"column":3}},"12":{"start":{"line":13,"column":0},"end":{"line":13,"column":62}},"13":{"start":{"line":14,"column":0},"end":{"line":14,"column":56}},"15":{"start":{"line":16,"column":0},"end":{"line":16,"column":70}},"17":{"start":{"line":18,"column":0},"end":{"line":18,"column":104}},"18":{"start":{"line":19,"column":0},"end":{"line":19,"column":2}},"20":{"start":{"line":21,"column":0},"end":{"line":21,"column":29}}},"s":{"0":1,"1":1,"3":1,"4":1,"5":1,"6":1,"12":1,"13":3,"15":3,"17":3,"18":3,"20":1},"branchMap":{"0":{"type":"branch","line":13,"loc":{"start":{"line":13,"column":22},"end":{"line":19,"column":2}},"locations":[{"start":{"line":13,"column":22},"end":{"line":19,"column":2}}]}},"b":{"0":[3]},"fnMap":{"0":{"name":"toggleTheme","decl":{"start":{"line":6,"column":15},"end":{"line":6,"column":24}},"loc":{"start":{"line":6,"column":15},"end":{"line":6,"column":24}},"line":6},"1":{"name":"ThemeProvider","decl":{"start":{"line":13,"column":22},"end":{"line":19,"column":2}},"loc":{"start":{"line":13,"column":22},"end":{"line":19,"column":2}},"line":13},"2":{"name":"toggleTheme","decl":{"start":{"line":16,"column":22},"end":{"line":16,"column":70}},"loc":{"start":{"line":16,"column":22},"end":{"line":16,"column":70}},"line":16}},"f":{"0":0,"1":3,"2":0}}
,"E:\\3-stage-rss-school\\react-2024-q3\\src\\data\\images.ts": {"path":"E:\\3-stage-rss-school\\react-2024-q3\\src\\data\\images.ts","all":false,"statementMap":{"0":{"start":{"line":1,"column":0},"end":{"line":1,"column":69}},"1":{"start":{"line":2,"column":0},"end":{"line":2,"column":60}},"2":{"start":{"line":3,"column":0},"end":{"line":3,"column":52}},"3":{"start":{"line":4,"column":0},"end":{"line":4,"column":64}},"4":{"start":{"line":5,"column":0},"end":{"line":5,"column":64}},"5":{"start":{"line":6,"column":0},"end":{"line":6,"column":60}},"6":{"start":{"line":7,"column":0},"end":{"line":7,"column":75}},"7":{"start":{"line":8,"column":0},"end":{"line":8,"column":51}},"8":{"start":{"line":9,"column":0},"end":{"line":9,"column":84}},"9":{"start":{"line":10,"column":0},"end":{"line":10,"column":66}},"10":{"start":{"line":11,"column":0},"end":{"line":11,"column":60}},"11":{"start":{"line":12,"column":0},"end":{"line":12,"column":60}},"12":{"start":{"line":13,"column":0},"end":{"line":13,"column":65}},"13":{"start":{"line":14,"column":0},"end":{"line":14,"column":79}},"14":{"start":{"line":15,"column":0},"end":{"line":15,"column":55}},"15":{"start":{"line":16,"column":0},"end":{"line":16,"column":70}},"16":{"start":{"line":17,"column":0},"end":{"line":17,"column":62}},"17":{"start":{"line":18,"column":0},"end":{"line":18,"column":71}},"18":{"start":{"line":19,"column":0},"end":{"line":19,"column":71}},"19":{"start":{"line":20,"column":0},"end":{"line":20,"column":56}},"20":{"start":{"line":21,"column":0},"end":{"line":21,"column":57}},"21":{"start":{"line":22,"column":0},"end":{"line":22,"column":69}},"22":{"start":{"line":23,"column":0},"end":{"line":23,"column":79}},"23":{"start":{"line":24,"column":0},"end":{"line":24,"column":66}},"24":{"start":{"line":25,"column":0},"end":{"line":25,"column":58}},"25":{"start":{"line":26,"column":0},"end":{"line":26,"column":67}},"26":{"start":{"line":27,"column":0},"end":{"line":27,"column":62}},"27":{"start":{"line":28,"column":0},"end":{"line":28,"column":64}},"28":{"start":{"line":29,"column":0},"end":{"line":29,"column":75}},"29":{"start":{"line":30,"column":0},"end":{"line":30,"column":72}},"30":{"start":{"line":31,"column":0},"end":{"line":31,"column":67}},"31":{"start":{"line":32,"column":0},"end":{"line":32,"column":54}},"32":{"start":{"line":33,"column":0},"end":{"line":33,"column":75}},"33":{"start":{"line":34,"column":0},"end":{"line":34,"column":65}},"34":{"start":{"line":35,"column":0},"end":{"line":35,"column":67}},"35":{"start":{"line":36,"column":0},"end":{"line":36,"column":75}},"36":{"start":{"line":37,"column":0},"end":{"line":37,"column":77}},"37":{"start":{"line":38,"column":0},"end":{"line":38,"column":77}},"38":{"start":{"line":39,"column":0},"end":{"line":39,"column":70}},"39":{"start":{"line":40,"column":0},"end":{"line":40,"column":69}},"40":{"start":{"line":41,"column":0},"end":{"line":41,"column":73}},"41":{"start":{"line":42,"column":0},"end":{"line":42,"column":71}},"42":{"start":{"line":43,"column":0},"end":{"line":43,"column":71}},"43":{"start":{"line":44,"column":0},"end":{"line":44,"column":71}},"44":{"start":{"line":45,"column":0},"end":{"line":45,"column":72}},"45":{"start":{"line":46,"column":0},"end":{"line":46,"column":72}},"46":{"start":{"line":47,"column":0},"end":{"line":47,"column":62}},"47":{"start":{"line":48,"column":0},"end":{"line":48,"column":65}},"48":{"start":{"line":49,"column":0},"end":{"line":49,"column":69}},"49":{"start":{"line":50,"column":0},"end":{"line":50,"column":56}},"50":{"start":{"line":51,"column":0},"end":{"line":51,"column":67}},"51":{"start":{"line":52,"column":0},"end":{"line":52,"column":82}},"52":{"start":{"line":53,"column":0},"end":{"line":53,"column":71}},"53":{"start":{"line":54,"column":0},"end":{"line":54,"column":61}},"54":{"start":{"line":55,"column":0},"end":{"line":55,"column":67}},"55":{"start":{"line":56,"column":0},"end":{"line":56,"column":71}},"56":{"start":{"line":57,"column":0},"end":{"line":57,"column":75}},"57":{"start":{"line":58,"column":0},"end":{"line":58,"column":68}},"58":{"start":{"line":59,"column":0},"end":{"line":59,"column":67}},"59":{"start":{"line":60,"column":0},"end":{"line":60,"column":66}},"60":{"start":{"line":61,"column":0},"end":{"line":61,"column":55}},"61":{"start":{"line":62,"column":0},"end":{"line":62,"column":67}},"62":{"start":{"line":63,"column":0},"end":{"line":63,"column":69}},"63":{"start":{"line":64,"column":0},"end":{"line":64,"column":68}},"64":{"start":{"line":65,"column":0},"end":{"line":65,"column":80}},"65":{"start":{"line":66,"column":0},"end":{"line":66,"column":62}},"66":{"start":{"line":67,"column":0},"end":{"line":67,"column":53}},"67":{"start":{"line":68,"column":0},"end":{"line":68,"column":62}},"68":{"start":{"line":69,"column":0},"end":{"line":69,"column":64}},"69":{"start":{"line":70,"column":0},"end":{"line":70,"column":53}},"70":{"start":{"line":71,"column":0},"end":{"line":71,"column":69}},"71":{"start":{"line":72,"column":0},"end":{"line":72,"column":53}},"72":{"start":{"line":73,"column":0},"end":{"line":73,"column":69}},"73":{"start":{"line":74,"column":0},"end":{"line":74,"column":72}},"74":{"start":{"line":75,"column":0},"end":{"line":75,"column":68}},"75":{"start":{"line":76,"column":0},"end":{"line":76,"column":78}},"76":{"start":{"line":77,"column":0},"end":{"line":77,"column":74}},"77":{"start":{"line":78,"column":0},"end":{"line":78,"column":66}},"78":{"start":{"line":79,"column":0},"end":{"line":79,"column":79}},"79":{"start":{"line":80,"column":0},"end":{"line":80,"column":
[...]
,"E:\\3-stage-rss-school\\react-2024-q3\\src\\store\\reducers\\selectedCharactersSlice.ts": {"path":"E:\\3-stage-rss-school\\react-2024-q3\\src\\store\\reducers\\selectedCharactersSlice.ts","all":false,"statementMap":{"0":{"start":{"line":1,"column":0},"end":{"line":1,"column":62}},"7":{"start":{"line":8,"column":0},"end":{"line":8,"column":46}},"9":{"start":{"line":10,"column":0},"end":{"line":10,"column":52}},"10":{"start":{"line":11,"column":0},"end":{"line":11,"column":19}},"11":{"start":{"line":12,"column":0},"end":{"line":12,"column":15}},"12":{"start":{"line":13,"column":0},"end":{"line":13,"column":13}},"13":{"start":{"line":14,"column":0},"end":{"line":14,"column":65}},"14":{"start":{"line":15,"column":0},"end":{"line":15,"column":38}},"15":{"start":{"line":16,"column":0},"end":{"line":16,"column":6}},"16":{"start":{"line":17,"column":0},"end":{"line":17,"column":4}},"17":{"start":{"line":18,"column":0},"end":{"line":18,"column":3}},"19":{"start":{"line":20,"column":0},"end":{"line":20,"column":65}},"21":{"start":{"line":22,"column":0},"end":{"line":22,"column":47}}},"s":{"0":1,"7":1,"9":1,"10":1,"11":1,"12":1,"13":1,"14":3,"15":3,"16":1,"17":1,"19":1,"21":1},"branchMap":{"0":{"type":"branch","line":14,"loc":{"start":{"line":14,"column":19},"end":{"line":16,"column":6}},"locations":[{"start":{"line":14,"column":19},"end":{"line":16,"column":6}}]}},"b":{"0":[3]},"fnMap":{"0":{"name":"arrOfSelected","decl":{"start":{"line":14,"column":19},"end":{"line":16,"column":6}},"loc":{"start":{"line":14,"column":19},"end":{"line":16,"column":6}},"line":14}},"f":{"0":3}}
,"E:\\3-stage-rss-school\\react-2024-q3\\src\\tests\\mockStore.ts": {"path":"E:\\3-stage-rss-school\\react-2024-q3\\src\\tests\\mockStore.ts","all":false,"statementMap":{"0":{"start":{"line":1,"column":0},"end":{"line":1,"column":46}},"1":{"start":{"line":2,"column":0},"end":{"line":2,"column":26}},"2":{"start":{"line":3,"column":0},"end":{"line":3,"column":25}},"3":{"start":{"line":4,"column":0},"end":{"line":4,"column":16}},"4":{"start":{"line":5,"column":0},"end":{"line":5,"column":13}},"5":{"start":{"line":6,"column":0},"end":{"line":6,"column":22}},"6":{"start":{"line":7,"column":0},"end":{"line":7,"column":21}},"7":{"start":{"line":8,"column":0},"end":{"line":8,"column":20}},"8":{"start":{"line":9,"column":0},"end":{"line":9,"column":22}},"9":{"start":{"line":10,"column":0},"end":{"line":10,"column":17}},"10":{"start":{"line":11,"column":0},"end":{"line":11,"column":48}},"11":{"start":{"line":12,"column":0},"end":{"line":12,"column":10}},"12":{"start":{"line":13,"column":0},"end":{"line":13,"column":37}},"13":{"start":{"line":14,"column":0},"end":{"line":14,"column":37}},"14":{"start":{"line":15,"column":0},"end":{"line":15,"column":37}},"15":{"start":{"line":16,"column":0},"end":{"line":16,"column":37}},"16":{"start":{"line":17,"column":0},"end":{"line":17,"column":4}},"17":{"start":{"line":18,"column":0},"end":{"line":18,"column":14}},"18":{"start":{"line":19,"column":0},"end":{"line":19,"column":89}},"19":{"start":{"line":20,"column":0},"end":{"line":20,"column":92}},"20":{"start":{"line":21,"column":0},"end":{"line":21,"column":41}},"21":{"start":{"line":22,"column":0},"end":{"line":22,"column":40}},"22":{"start":{"line":23,"column":0},"end":{"line":23,"column":41}},"23":{"start":{"line":24,"column":0},"end":{"line":24,"column":2}},"25":{"start":{"line":26,"column":0},"end":{"line":26,"column":21}},"26":{"start":{"line":27,"column":0},"end":{"line":27,"column":11}},"27":{"start":{"line":28,"column":0},"end":{"line":28,"column":13}},"28":{"start":{"line":29,"column":0},"end":{"line":29,"column":17}},"29":{"start":{"line":30,"column":0},"end":{"line":30,"column":23}},"30":{"start":{"line":31,"column":0},"end":{"line":31,"column":2}},"31":{"start":{"line":32,"column":0},"end":{"line":32,"column":29}},"32":{"start":{"line":33,"column":0},"end":{"line":33,"column":53}},"33":{"start":{"line":34,"column":0},"end":{"line":34,"column":43}},"34":{"start":{"line":35,"column":0},"end":{"line":35,"column":38}},"35":{"start":{"line":36,"column":0},"end":{"line":36,"column":2}},"36":{"start":{"line":37,"column":0},"end":{"line":37,"column":42}},"37":{"start":{"line":38,"column":0},"end":{"line":38,"column":38}},"39":{"start":{"line":40,"column":0},"end":{"line":40,"column":21}}},"s":{"0":1,"1":1,"2":1,"3":1,"4":1,"5":1,"6":1,"7":1,"8":1,"9":1,"10":1,"11":1,"12":1,"13":1,"14":1,"15":1,"16":1,"17":1,"18":1,"19":1,"20":1,"21":1,"22":1,"23":1,"25":1,"26":1,"27":1,"28":1,"29":1,"30":1,"31":1,"32":1,"33":1,"34":1,"35":1,"36":1,"37":1,"39":1},"branchMap":{},"b":{},"fnMap":{},"f":{}}
,"E:\\3-stage-rss-school\\react-2024-q3\\src\\utils\\constants.ts": {"path":"E:\\3-stage-rss-school\\react-2024-q3\\src\\utils\\constants.ts","all":false,"statementMap":{"2":{"start":{"line":3,"column":0},"end":{"line":3,"column":50}},"3":{"start":{"line":4,"column":0},"end":{"line":4,"column":3}},"4":{"start":{"line":5,"column":0},"end":{"line":5,"column":19}},"5":{"start":{"line":6,"column":0},"end":{"line":6,"column":18}},"6":{"start":{"line":7,"column":0},"end":{"line":7,"column":16}},"7":{"start":{"line":8,"column":0},"end":{"line":8,"column":15}},"8":{"start":{"line":9,"column":0},"end":{"line":9,"column":19}},"9":{"start":{"line":10,"column":0},"end":{"line":10,"column":15}},"10":{"start":{"line":11,"column":0},"end":{"line":11,"column":18}},"11":{"start":{"line":12,"column":0},"end":{"line":12,"column":13}},"12":{"start":{"line":13,"column":0},"end":{"line":13,"column":13}},"13":{"start":{"line":14,"column":0},"end":{"line":14,"column":19}},"14":{"start":{"line":15,"column":0},"end":{"line":15,"column":16}},"15":{"start":{"line":16,"column":0},"end":{"line":16,"column":15}},"16":{"start":{"line":17,"column":0},"end":{"line":17,"column":18}},"17":{"start":{"line":18,"column":0},"end":{"line":18,"column":20}},"18":{"start":{"line":19,"column":0},"end":{"line":19,"column":12}},"19":{"start":{"line":20,"column":0},"end":{"line":20,"column":19}},"20":{"start":{"line":21,"column":0},"end":{"line":21,"column":4}},"21":{"start":{"line":22,"column":0},"end":{"line":22,"column":2}},"23":{"start":{"line":24,"column":0},"end":{"line":24,"column":40}},"24":{"start":{"line":25,"column":0},"end":{"line":25,"column":17}},"25":{"start":{"line":26,"column":0},"end":{"line":26,"column":16}},"26":{"start":{"line":27,"column":0},"end":{"line":27,"column":14}},"27":{"start":{"line":28,"column":0},"end":{"line":28,"column":13}},"28":{"start":{"line":29,"column":0},"end":{"line":29,"column":17}},"29":{"start":{"line":30,"column":0},"end":{"line":30,"column":13}},"30":{"start":{"line":31,"column":0},"end":{"line":31,"column":16}},"31":{"start":{"line":32,"column":0},"end":{"line":32,"column":11}},"32":{"start":{"line":33,"column":0},"end":{"line":33,"column":11}},"33":{"start":{"line":34,"column":0},"end":{"line":34,"column":17}},"34":{"start":{"line":35,"column":0},"end":{"line":35,"column":14}},"35":{"start":{"line":36,"column":0},"end":{"line":36,"column":13}},"36":{"start":{"line":37,"column":0},"end":{"line":37,"column":16}},"37":{"start":{"line":38,"column":0},"end":{"line":38,"column":18}},"38":{"start":{"line":39,"column":0},"end":{"line":39,"column":10}},"39":{"start":{"line":40,"column":0},"end":{"line":40,"column":17}},"40":{"start":{"line":41,"column":0},"end":{"line":41,"column":2}},"42":{"start":{"line":43,"column":0},"end":{"line":43,"column":37}},"43":{"start":{"line":44,"column":0},"end":{"line":44,"column":12}},"44":{"start":{"line":45,"column":0},"end":{"line":45,"column":13}},"45":{"start":{"line":46,"column":0},"end":{"line":46,"column":17}},"46":{"start":{"line":47,"column":0},"end":{"line":47,"column":14}},"47":{"start":{"line":48,"column":0},"end":{"line":48,"column":2}},"49":{"start":{"line":50,"column":0},"end":{"line":50,"column":39}}},"s":{"2":1,"3":1,"4":1,"5":1,"6":1,"7":1,"8":1,"9":1,"10":1,"11":1,"12":1,"13":1,"14":1,"15":1,"16":1,"17":1,"18":1,"19":1,"20":1,"21":1,"23":1,"24":1,"25":1,"26":1,"27":1,"28":1,"29":1,"30":1,"31":1,"32":1,"33":1,"34":1,"35":1,"36":1,"37":1,"38":1,"39":1,"40":1,"42":1,"43":1,"44":1,"45":1,"46":1,"47":1,"49":1},"branchMap":{},"b":{},"fnMap":{},"f":{}}
,"E:\\3-stage-rss-school\\react-2024-q3\\src\\views\\ErrorPage\\ErrorPage.tsx": {"path":"E:\\3-stage-rss-school\\react-2024-q3\\src\\views\\ErrorPage\\ErrorPage.tsx","all":false,"statementMap":{"0":{"start":{"line":1,"column":0},"end":{"line":1,"column":29}},"1":{"start":{"line":2,"column":0},"end":{"line":2,"column":44}},"2":{"start":{"line":3,"column":0},"end":{"line":3,"column":46}},"3":{"start":{"line":4,"column":0},"end":{"line":4,"column":60}},"5":{"start":{"line":6,"column":0},"end":{"line":6,"column":25}},"6":{"start":{"line":7,"column":0},"end":{"line":7,"column":64}},"7":{"start":{"line":8,"column":0},"end":{"line":8,"column":67}},"9":{"start":{"line":10,"column":0},"end":{"line":10,"column":23}},"10":{"start":{"line":11,"column":0},"end":{"line":11,"column":52}},"11":{"start":{"line":12,"column":0},"end":{"line":12,"column":53}},"12":{"start":{"line":13,"column":0},"end":{"line":13,"column":27}},"13":{"start":{"line":14,"column":0},"end":{"line":14,"column":31}},"14":{"start":{"line":15,"column":0},"end":{"line":15,"column":24}},"15":{"start":{"line":16,"column":0},"end":{"line":16,"column":9}},"16":{"start":{"line":17,"column":0},"end":{"line":17,"column":7}},"17":{"start":{"line":18,"column":0},"end":{"line":18,"column":5}},"18":{"start":{"line":19,"column":0},"end":{"line":19,"column":3}},"20":{"start":{"line":21,"column":0},"end":{"line":21,"column":19}},"21":{"start":{"line":22,"column":0},"end":{"line":22,"column":15}},"22":{"start":{"line":23,"column":0},"end":{"line":23,"column":9}},"24":{"start":{"line":25,"column":0},"end":{"line":25,"column":10}},"25":{"start":{"line":26,"column":0},"end":{"line":26,"column":72}},"26":{"start":{"line":27,"column":0},"end":{"line":27,"column":20}},"27":{"start":{"line":28,"column":0},"end":{"line":28,"column":53}},"28":{"start":{"line":29,"column":0},"end":{"line":29,"column":106}},"30":{"start":{"line":31,"column":0},"end":{"line":31,"column":13}},"31":{"start":{"line":32,"column":0},"end":{"line":32,"column":10}},"33":{"start":{"line":34,"column":0},"end":{"line":34,"column":2}},"35":{"start":{"line":36,"column":0},"end":{"line":36,"column":25}}},"s":{"0":1,"1":1,"2":1,"3":1,"5":1,"6":1,"7":1,"9":1,"10":1,"11":0,"12":0,"13":0,"14":0,"15":0,"16":0,"17":0,"18":1,"20":1,"21":1,"22":1,"24":1,"25":1,"26":1,"27":1,"28":1,"30":1,"31":1,"33":1,"35":1},"branchMap":{"0":{"type":"branch","line":6,"loc":{"start":{"line":6,"column":18},"end":{"line":34,"column":2}},"locations":[{"start":{"line":6,"column":18},"end":{"line":34,"column":2}}]},"1":{"type":"branch","line":8,"loc":{"start":{"line":8,"column":16},"end":{"line":8,"column":49}},"locations":[{"start":{"line":8,"column":16},"end":{"line":8,"column":49}}]},"2":{"type":"branch","line":10,"loc":{"start":{"line":10,"column":2},"end":{"line":19,"column":3}},"locations":[{"start":{"line":10,"column":2},"end":{"line":19,"column":3}}]},"3":{"type":"branch","line":11,"loc":{"start":{"line":11,"column":51},"end":{"line":18,"column":5}},"locations":[{"start":{"line":11,"column":51},"end":{"line":18,"column":5}}]},"4":{"type":"branch","line":21,"loc":{"start":{"line":21,"column":12},"end":{"line":23,"column":5}},"locations":[{"start":{"line":21,"column":12},"end":{"line":23,"column":5}}]}},"b":{"0":[1],"1":[0],"2":[1],"3":[0],"4":[1]},"fnMap":{"0":{"name":"ErrorPage","decl":{"start":{"line":6,"column":18},"end":{"line":34,"column":2}},"loc":{"start":{"line":6,"column":18},"end":{"line":34,"column":2}},"line":6},"1":{"name":"getTheme","decl":{"start":{"line":10,"column":2},"end":{"line":19,"column":3}},"loc":{"start":{"line":10,"column":2},"end":{"line":19,"column":3}},"line":10}},"f":{"0":1,"1":1}}
,"E:\\3-stage-rss-school\\react-2024-q3\\src\\views\\SearchPage\\SearchPage.tsx": {"path":"E:\\3-stage-rss-school\\react-2024-q3\\src\\views\\SearchPage\\SearchPage.tsx","all":false,"statementMap":{"0":{"start":{"line":1,"column":0},"end":{"line":1,"column":50}},"1":{"start":{"line":2,"column":0},"end":{"line":2,"column":45}},"2":{"start":{"line":3,"column":0},"end":{"line":3,"column":66}},"3":{"start":{"line":4,"column":0},"end":{"line":4,"column":55}},"4":{"start":{"line":5,"column":0},"end":{"line":5,"column":51}},"5":{"start":{"line":6,"column":0},"end":{"line":6,"column":66}},"6":{"start":{"line":7,"column":0},"end":{"line":7,"column":50}},"7":{"start":{"line":8,"column":0},"end":{"line":8,"column":53}},"8":{"start":{"line":9,"column":0},"end":{"line":9,"column":75}},"9":{"start":{"line":10,"column":0},"end":{"line":10,"column":60}},"10":{"start":{"line":11,"column":0},"end":{"line":11,"column":75}},"11":{"start":{"line":12,"column":0},"end":{"line":12,"column":69}},"12":{"start":{"line":13,"column":0},"end":{"line":13,"column":60}},"13":{"start":{"line":14,"column":0},"end":{"line":14,"column":40}},"15":{"start":{"line":16,"column":0},"end":{"line":16,"column":30}},"16":{"start":{"line":17,"column":0},"end":{"line":17,"column":64}},"18":{"start":{"line":19,"column":0},"end":{"line":19,"column":35}},"19":{"start":{"line":20,"column":0},"end":{"line":20,"column":73}},"20":{"start":{"line":21,"column":0},"end":{"line":21,"column":67}},"21":{"start":{"line":22,"column":0},"end":{"line":22,"column":58}},"22":{"start":{"line":23,"column":0},"end":{"line":23,"column":76}},"24":{"start":{"line":25,"column":0},"end":{"line":25,"column":31}},"26":{"start":{"line":27,"column":0},"end":{"line":27,"column":27}},"27":{"start":{"line":28,"column":0},"end":{"line":28,"column":68}},"28":{"start":{"line":29,"column":0},"end":{"line":29,"column":4}},"30":{"start":{"line":31,"column":0},"end":{"line":31,"column":71}},"31":{"start":{"line":32,"column":0},"end":{"line":32,"column":75}},"32":{"start":{"line":33,"column":0},"end":{"line":33,"column":73}},"34":{"start":{"line":35,"column":0},"end":{"line":35,"column":19}},"35":{"start":{"line":36,"column":0},"end":{"line":36,"column":52}},"36":{"start":{"line":37,"column":0},"end":{"line":37,"column":53}},"37":{"start":{"line":38,"column":0},"end":{"line":38,"column":27}},"38":{"start":{"line":39,"column":0},"end":{"line":39,"column":31}},"39":{"start":{"line":40,"column":0},"end":{"line":40,"column":24}},"40":{"start":{"line":41,"column":0},"end":{"line":41,"column":9}},"41":{"start":{"line":42,"column":0},"end":{"line":42,"column":7}},"42":{"start":{"line":43,"column":0},"end":{"line":43,"column":5}},"43":{"start":{"line":44,"column":0},"end":{"line":44,"column":9}},"45":{"start":{"line":46,"column":0},"end":{"line":46,"column":67}},"47":{"start":{"line":48,"column":0},"end":{"line":48,"column":10}},"48":{"start":{"line":49,"column":0},"end":{"line":49,"column":93}},"49":{"start":{"line":50,"column":0},"end":{"line":50,"column":41}},"50":{"start":{"line":51,"column":0},"end":{"line":51,"column":17}},"51":{"start":{"line":52,"column":0},"end":{"line":52,"column":22}},"52":{"start":{"line":53,"column":0},"end":{"line":53,"column":23}},"53":{"start":{"line":54,"column":0},"end":{"line":54,"column":16}},"54":{"start":{"line":55,"column":0},"end":{"line":55,"column":42}},"55":{"start":{"line":56,"column":0},"end":{"line":56,"column":20}},"56":{"start":{"line":57,"column":0},"end":{"line":57,"column":56}},"57":{"start":{"line":58,"column":0},"end":{"line":58,"column":16}},"58":{"start":{"line":59,"column":0},"end":{"line":59,"column":98}},"59":{"start":{"line":60,"column":0},"end":{"line":60,"column":109}},"60":{"start":{"line":61,"column":0},"end":{"line":61,"column":10}},"62":{"start":{"line":63,"column":0},"end":{"line":63,"column":2}},"64":{"start":{"line":65,"column":0},"end":{"line":65,"column":26}}},"s":{"0":1,"1":1,"2":1,"3":1,"4":1,"5":1,"6":1,"7":1,"8":1,"9":1,"10":1,"11":1,"12":1,"13":1,"15":1,"16":5,"18":5,"19":5,"20":5,"21":5,"22":5,"24":5,"26":5,"27":0,"28":0,"30":5,"31":5,"32":5,"34":5,"35":0,"36":0,"37":0,"38":0,"39":0,"40":0,"41":0,"42":0,"43":5,"45":5,"47":5,"48":5,"49":5,"50":5,"51":5,"52":5,"53":5,"54":5,"55":5,"56":5,"57":5,"58":5,"59":5,"60":5,"62":5,"64":1},"branchMap":{"0":{"type":"branch","line":16,"loc":{"start":{"line":16,"column":23},"end":{"line":63,"column":2}},"locations":[{"start":{"line":16,"column":23},"end":{"line":63,"column":2}}]},"1":{"type":"branch","line":20,"loc":{"start":{"line":20,"column":41},"end":{"line":20,"column":68}},"locations":[{"start":{"line":20,"column":41},"end":{"line":20,"column":68}}]},"2":{"type":"branch","line":20,"loc":{"start":{"line":20,"column":64},"end":{"line":20,"column":73}},"locations":[{"start":{"line":20,"column":64},"end":{"line":20,"column":73}}]},"3":{"type":"branch","line":21,"loc":{"start":{"line":21,"column":37},"end":{"line":21,"column":62}},"locations":[{"start":{"line":21,"column":37},"end":{"line":21,"column":62}}]},"4":{"type":"branch","line":21,"loc":{"start":{"line":21,"column":58},"end":{"line":21,"column":67}},"locations":[{"start":{"line":21,"column":58},"end":{"line":21,"column":67}}]},"5":{"type":"branch","line":22,"loc":{"start":{"line":22,"column":39},"end":{"line":22,"column":56}},"locations":[{"start":{"line":22,"column":39},"end":{"line":22,"column":56}}]},"6":{"type":"branch","line":23,"loc":{"start":{"line":23,"column":43},"end":{"line":23,"column":71}},"locations":[{"start":{"line":23,"column":43},"end":{"line":23,"column":71}}]},"7":{"type":"branch","line":23,"loc":{"start":{"line":23,"column":67},"end":{"line":23,"column":76}},"locations":[{"start":{"line":23,"column":67},"end":{"line":23,"column":76}}]},"8":{"type":"branch","line":46,"loc":{"start":{"line":46,"column":16},"end":{"line":46,"column":49}},"locations":[{"start":{"line":46,"column":16},"end":{"line":46,"column":49}}]},"9":{"type":"branch","line":46,"loc":{"start":{"line":46,"column":37},"end":{"line":46,"column":67}},"locations":[{"start":{"line":46,"column":37},"end":{"line":46,"column":67}}]},"10":{"type":"branch","line":57,"loc":{"start":{"line":57,"column":26},"end":{"line":57,"column":53}},"locations":[{"start":{"line":57,"column":26},"end":{"line":57,"column":53}}]},"11":{"type":"branch","line":57,"loc":{"start":{"line":57,"column":48},"end":{"line":57,"column":56}},"locations":[{"start":{"line":57,"column":48},"end":{"line":57,"column":56}}]},"12":{"type":"branch","line":59,"loc":{"start":{"line":59,"column":39},"end":{"line":59,"column":68}},"locations":[{"start":{"line":59,"column":39},"end":{"line":59,"column":68}}]},"13":{"type":"branch","line":59,"loc":{"start":{"line":59,"column":56},"end":{"line":59,"column":73}},"locations":[{"start":{"line":59,"column":56},"end":{"line":59,"column":73}}]},"14":{"type":"branch","line":59,"loc":{"start":{"line":59,"column":68},"end":{"line":59,"column":88}},"locations":[{"start":{"line":59,"column":68},"end":{"line":59,"column":88}}]},"15":{"type":"branch","line":60,"loc":{"start":{"line":60,"column":72},"end":{"line":60,"column":96}},"locations":[{"start":{"line":60,"column":72},"end":{"line":60,"column":96}}]},"16":{"type":"branch","line":60,"loc":{"start":{"line":60,"column":91},"end":{"line":60,"column":99}},"locations":[{"start":{"line":60,"column":91},"end":{"line":60,"column":99}}]}},"b":{"0":[5],"1":[0],"2":[4],"3":[0],"4":[4],"5":[4],"6":[0],"7":[4],"8":[0],"9":[0],"10":[0],"11":[0],"12":[0],"13":[0],"14":[0],"15":[0],"16":[0]},"fnMap":{"0":{"name":"SearchPage","decl":{"start":{"line":16,"column":23},"end":{"line":63,"column":2}},"loc":{"start":{"line":16,"column":23},"end":{"line":63,"column":2}},"line":16},"1":{"name":"closeInfo","decl":{"start":{"line":27,"column":20},"end":{"line":29,"column":4}},"loc":{"start":{"line":27,"column":20},"end":{"line":29,"column":4}},"line":27}},"f":{"0":5,"1":0}}
}
