{"E:\\3-stage-rss-school\\react-2024-q3\\src\\App.tsx": {"path":"E:\\3-stage-rss-school\\react-2024-q3\\src\\App.tsx","all":false,"statementMap":{"0":{"start":{"line":1,"column":0},"end":{"line":1,"column":50}},"1":{"start":{"line":2,"column":0},"end":{"line":2,"column":19}},"2":{"start":{"line":3,"column":0},"end":{"line":3,"column":55}},"3":{"start":{"line":4,"column":0},"end":{"line":4,"column":74}},"4":{"start":{"line":5,"column":0},"end":{"line":5,"column":52}},"5":{"start":{"line":6,"column":0},"end":{"line":6,"column":54}},"7":{"start":{"line":8,"column":0},"end":{"line":8,"column":23}},"8":{"start":{"line":9,"column":0},"end":{"line":9,"column":51}},"9":{"start":{"line":10,"column":0},"end":{"line":10,"column":19}},"10":{"start":{"line":11,"column":0},"end":{"line":11,"column":49}},"11":{"start":{"line":12,"column":0},"end":{"line":12,"column":48}},"12":{"start":{"line":13,"column":0},"end":{"line":13,"column":5}},"13":{"start":{"line":14,"column":0},"end":{"line":14,"column":9}},"15":{"start":{"line":16,"column":0},"end":{"line":16,"column":10}},"16":{"start":{"line":17,"column":0},"end":{"line":17,"column":90}},"17":{"start":{"line":18,"column":0},"end":{"line":18,"column":14}},"18":{"start":{"line":19,"column":0},"end":{"line":19,"column":16}},"19":{"start":{"line":20,"column":0},"end":{"line":20,"column":59}},"20":{"start":{"line":21,"column":0},"end":{"line":21,"column":71}},"21":{"start":{"line":22,"column":0},"end":{"line":22,"column":52}},"22":{"start":{"line":23,"column":0},"end":{"line":23,"column":17}},"23":{"start":{"line":24,"column":0},"end":{"line":24,"column":15}},"24":{"start":{"line":25,"column":0},"end":{"line":25,"column":10}},"26":{"start":{"line":27,"column":0},"end":{"line":27,"column":2}},"28":{"start":{"line":29,"column":0},"end":{"line":29,"column":19}}},"s":{"0":1,"1":1,"2":1,"3":1,"4":1,"5":1,"7":1,"8":4,"9":4,"10":1,"11":1,"12":1,"13":4,"15":4,"16":4,"17":4,"18":4,"19":4,"20":4,"21":4,"22":4,"23":4,"24":4,"26":4,"28":1},"branchMap":{"0":{"type":"branch","line":8,"loc":{"start":{"line":8,"column":16},"end":{"line":27,"column":2}},"locations":[{"start":{"line":8,"column":16},"end":{"line":27,"column":2}}]},"1":{"type":"branch","line":17,"loc":{"start":{"line":17,"column":20},"end":{"line":17,"column":53}},"locations":[{"start":{"line":17,"column":20},"end":{"line":17,"column":53}}]},"2":{"type":"branch","line":17,"loc":{"start":{"line":17,"column":34},"end":{"line":17,"column":72}},"locations":[{"start":{"line":17,"column":34},"end":{"line":17,"column":72}}]},"3":{"type":"branch","line":10,"loc":{"start":{"line":10,"column":12},"end":{"line":14,"column":5}},"locations":[{"start":{"line":10,"column":12},"end":{"line":14,"column":5}}]}},"b":{"0":[4],"1":[0],"2":[3],"3":[1]},"fnMap":{"0":{"name":"App","decl":{"start":{"line":8,"column":16},"end":{"line":27,"column":2}},"loc":{"start":{"line":8,"column":16},"end":{"line":27,"column":2}},"line":8}},"f":{"0":4}}
,"E:\\3-stage-rss-school\\react-2024-q3\\src\\index.tsx": {"path":"E:\\3-stage-rss-school\\react-2024-q3\\src\\index.tsx","all":true,"statementMap":{"0":{"start":{"line":1,"column":0},"end":{"line":1,"column":40}},"1":{"start":{"line":2,"column":0},"end":{"line":2,"column":39}},"3":{"start":{"line":4,"column":0},"end":{"line":4,"column":37}},"4":{"start":{"line":5,"column":0},"end":{"line":5,"column":55}},"5":{"start":{"line":6,"column":0},"end":{"line":6,"column":28}},"6":{"start":{"line":7,"column":0},"end":{"line":7,"column":21}},"7":{"start":{"line":8,"column":0},"end":{"line":8,"column":69}},"9":{"start":{"line":10,"column":0},"end":{"line":10,"column":61}},"10":{"start":{"line":11,"column":0},"end":{"line":11,"column":26}},"11":{"start":{"line":12,"column":0},"end":{"line":12,"column":19}},"12":{"start":{"line":13,"column":0},"end":{"line":13,"column":21}},"13":{"start":{"line":14,"column":0},"end":{"line":14,"column":15}},"14":{"start":{"line":15,"column":0},"end":{"line":15,"column":22}},"15":{"start":{"line":16,"column":0},"end":{"line":16,"column":20}},"16":{"start":{"line":17,"column":0},"end":{"line":17,"column":14}},"17":{"start":{"line":18,"column":0},"end":{"line":18,"column":2}}},"s":{"0":0,"1":0,"3":0,"4":0,"5":0,"6":0,"7":0,"9":0,"10":0,"11":0,"12":0,"13":0,"14":0,"15":0,"16":0,"17":0},"branchMap":{"0":{"type":"branch","line":1,"loc":{"start":{"line":1,"column":506},"end":{"line":18,"column":2}},"locations":[{"start":{"line":1,"column":506},"end":{"line":18,"column":2}}]}},"b":{"0":[0]},"fnMap":{"0":{"name":"(empty-report)","decl":{"start":{"line":1,"column":506},"end":{"line":18,"column":2}},"loc":{"start":{"line":1,"column":506},"end":{"line":18,"column":2}},"line":1}},"f":{"0":0}}
,"E:\\3-stage-rss-school\\react-2024-q3\\src\\components\\BuggyButton\\BuggyButton.tsx": {"path":"E:\\3-stage-rss-school\\react-2024-q3\\src\\components\\BuggyButton\\BuggyButton.tsx","all":false,"statementMap":{"0":{"start":{"line":1,"column":0},"end":{"line":1,"column":45}},"1":{"start":{"line":2,"column":0},"end":{"line":2,"column":27}},"2":{"start":{"line":3,"column":0},"end":{"line":3,"column":60}},"4":{"start":{"line":5,"column":0},"end":{"line":5,"column":27}},"5":{"start":{"line":6,"column":0},"end":{"line":6,"column":40}},"7":{"start":{"line":8,"column":0},"end":{"line":8,"column":51}},"8":{"start":{"line":9,"column":0},"end":{"line":9,"column":59}},"10":{"start":{"line":11,"column":0},"end":{"line":11,"column":29}},"11":{"start":{"line":12,"column":0},"end":{"line":12,"column":24}},"12":{"start":{"line":13,"column":0},"end":{"line":13,"column":4}},"14":{"start":{"line":15,"column":0},"end":{"line":15,"column":18}},"15":{"start":{"line":16,"column":0},"end":{"line":16,"column":40}},"16":{"start":{"line":17,"column":0},"end":{"line":17,"column":3}},"18":{"start":{"line":19,"column":0},"end":{"line":19,"column":10}},"19":{"start":{"line":20,"column":0},"end":{"line":20,"column":77}},"21":{"start":{"line":22,"column":0},"end":{"line":22,"column":13}},"23":{"start":{"line":24,"column":0},"end":{"line":24,"column":2}},"25":{"start":{"line":26,"column":0},"end":{"line":26,"column":27}}},"s":{"0":1,"1":1,"2":1,"4":1,"5":10,"7":10,"8":10,"10":10,"11":1,"12":1,"14":10,"15":4,"16":4,"18":5,"19":5,"21":5,"23":5,"25":1},"branchMap":{"0":{"type":"branch","line":5,"loc":{"start":{"line":5,"column":20},"end":{"line":24,"column":2}},"locations":[{"start":{"line":5,"column":20},"end":{"line":24,"column":2}}]},"1":{"type":"branch","line":9,"loc":{"start":{"line":9,"column":16},"end":{"line":9,"column":45}},"locations":[{"start":{"line":9,"column":16},"end":{"line":9,"column":45}}]},"2":{"type":"branch","line":9,"loc":{"start":{"line":9,"column":30},"end":{"line":9,"column":59}},"locations":[{"start":{"line":9,"column":30},"end":{"line":9,"column":59}}]},"3":{"type":"branch","line":15,"loc":{"start":{"line":15,"column":17},"end":{"line":24,"column":2}},"locations":[{"start":{"line":15,"column":17},"end":{"line":24,"column":2}}]},"4":{"type":"branch","line":15,"loc":{"start":{"line":15,"column":17},"end":{"line":17,"column":3}},"locations":[{"start":{"line":15,"column":17},"end":{"line":17,"column":3}}]},"5":{"type":"branch","line":11,"loc":{"start":{"line":11,"column":22},"end":{"line":13,"column":4}},"locations":[{"start":{"line":11,"column":22},"end":{"line":13,"column":4}}]}},"b":{"0":[10],"1":[0],"2":[9],"3":[5],"4":[4],"5":[1]},"fnMap":{"0":{"name":"BuggyButton","decl":{"start":{"line":5,"column":20},"end":{"line":24,"column":2}},"loc":{"start":{"line":5,"column":20},"end":{"line":24,"column":2}},"line":5},"1":{"name":"handleClick","decl":{"start":{"line":11,"column":22},"end":{"line":13,"column":4}},"loc":{"start":{"line":11,"column":22},"end":{"line":13,"column":4}},"line":11}},"f":{"0":10,"1":1}}
,"E:\\3-stage-rss-school\\react-2024-q3\\src\\components\\ErrorBoundary\\ErrorBoundary.tsx": {"path":"E:\\3-stage-rss-school\\react-2024-q3\\src\\components\\ErrorBoundary\\ErrorBoundary.tsx","all":false,"statementMap":{"0":{"start":{"line":1,"column":0},"end":{"line":1,"column":52}},"1":{"start":{"line":2,"column":0},"end":{"line":2,"column":60}},"10":{"start":{"line":11,"column":0},"end":{"line":11,"column":55}},"13":{"start":{"line":14,"column":0},"end":{"line":14,"column":30}},"14":{"start":{"line":15,"column":0},"end":{"line":15,"column":17}},"15":{"start":{"line":16,"column":0},"end":{"line":16,"column":37}},"16":{"start":{"line":17,"column":0},"end":{"line":17,"column":23}},"17":{"start":{"line":18,"column":0},"end":{"line":18,"column":3}},"19":{"start":{"line":20,"column":0},"end":{"line":20,"column":49}},"20":{"start":{"line":21,"column":0},"end":{"line":21,"column":16}},"21":{"start":{"line":22,"column":0},"end":{"line":22,"column":32}},"22":{"start":{"line":23,"column":0},"end":{"line":23,"column":5}},"23":{"start":{"line":24,"column":0},"end":{"line":24,"column":3}},"25":{"start":{"line":26,"column":0},"end":{"line":26,"column":57}},"26":{"start":{"line":27,"column":0},"end":{"line":27,"column":82}},"27":{"start":{"line":28,"column":0},"end":{"line":28,"column":38}},"28":{"start":{"line":29,"column":0},"end":{"line":29,"column":3}},"30":{"start":{"line":31,"column":0},"end":{"line":31,"column":12}},"31":{"start":{"line":32,"column":0},"end":{"line":32,"column":30}},"32":{"start":{"line":33,"column":0},"end":{"line":33,"column":57}},"33":{"start":{"line":34,"column":0},"end":{"line":34,"column":5}},"34":{"start":{"line":35,"column":0},"end":{"line":35,"column":31}},"35":{"start":{"line":36,"column":0},"end":{"line":36,"column":3}},"36":{"start":{"line":37,"column":0},"end":{"line":37,"column":1}},"38":{"start":{"line":39,"column":0},"end":{"line":39,"column":29}}},"s":{"0":1,"1":1,"10":1,"13":1,"14":3,"15":3,"16":3,"17":3,"19":1,"20":2,"21":2,"22":2,"23":2,"25":1,"26":1,"27":1,"28":1,"30":1,"31":5,"32":3,"33":3,"34":2,"35":5,"36":1,"38":1},"branchMap":{"0":{"type":"branch","line":14,"loc":{"start":{"line":14,"column":2},"end":{"line":18,"column":3}},"locations":[{"start":{"line":14,"column":2},"end":{"line":18,"column":3}}]},"1":{"type":"branch","line":20,"loc":{"start":{"line":20,"column":9},"end":{"line":24,"column":3}},"locations":[{"start":{"line":20,"column":9},"end":{"line":24,"column":3}}]},"2":{"type":"branch","line":26,"loc":{"start":{"line":26,"column":2},"end":{"line":29,"column":3}},"locations":[{"start":{"line":26,"column":2},"end":{"line":29,"column":3}}]},"3":{"type":"branch","line":31,"loc":{"start":{"line":31,"column":2},"end":{"line":36,"column":3}},"locations":[{"start":{"line":31,"column":2},"end":{"line":36,"column":3}}]},"4":{"type":"branch","line":32,"loc":{"start":{"line":32,"column":29},"end":{"line":34,"column":5}},"locations":[{"start":{"line":32,"column":29},"end":{"line":34,"column":5}}]},"5":{"type":"branch","line":34,"loc":{"start":{"line":34,"column":4},"end":{"line":35,"column":31}},"locations":[{"start":{"line":34,"column":4},"end":{"line":35,"column":31}}]}},"b":{"0":[3],"1":[2],"2":[1],"3":[5],"4":[3],"5":[2]},"fnMap":{"0":{"name":"ErrorBoundary","decl":{"start":{"line":14,"column":2},"end":{"line":18,"column":3}},"loc":{"start":{"line":14,"column":2},"end":{"line":18,"column":3}},"line":14},"1":{"name":"getDerivedStateFromError","decl":{"start":{"line":20,"column":9},"end":{"line":24,"column":3}},"loc":{"start":{"line":20,"column":9},"end":{"line":24,"column":3}},"line":20},"2":{"name":"componentDidCatch","decl":{"start":{"line":26,"column":2},"end":{"line":29,"column":3}},"loc":{"start":{"line":26,"column":2},"end":{"line":29,"column":3}},"line":26},"3":{"name":"render","decl":{"start":{"line":31,"column":2},"end":{"line":36,"column":3}},"loc":{"start":{"line":31,"column":2},"end":{"line":36,"column":3}},"line":31}},"f":{"0":3,"1":2,"2":1,"3":5}}
,"E:\\3-stage-rss-school\\react-2024-q3\\src\\components\\Fallback\\Fallback.tsx": {"path":"E:\\3-stage-rss-school\\react-2024-q3\\src\\components\\Fallback\\Fallback.tsx","all":false,"statementMap":{"0":{"start":{"line":1,"column":0},"end":{"line":1,"column":24}},"1":{"start":{"line":2,"column":0},"end":{"line":2,"column":35}},"2":{"start":{"line":3,"column":0},"end":{"line":3,"column":60}},"8":{"start":{"line":9,"column":0},"end":{"line":9,"column":45}},"9":{"start":{"line":10,"column":0},"end":{"line":10,"column":51}},"10":{"start":{"line":11,"column":0},"end":{"line":11,"column":59}},"12":{"start":{"line":13,"column":0},"end":{"line":13,"column":68}},"13":{"start":{"line":14,"column":0},"end":{"line":14,"column":2}},"15":{"start":{"line":16,"column":0},"end":{"line":16,"column":24}}},"s":{"0":1,"1":1,"2":1,"8":1,"9":4,"10":4,"12":4,"13":4,"15":1},"branchMap":{"0":{"type":"branch","line":9,"loc":{"start":{"line":9,"column":17},"end":{"line":14,"column":2}},"locations":[{"start":{"line":9,"column":17},"end":{"line":14,"column":2}}]},"1":{"type":"branch","line":11,"loc":{"start":{"line":11,"column":16},"end":{"line":11,"column":45}},"locations":[{"start":{"line":11,"column":16},"end":{"line":11,"column":45}}]}},"b":{"0":[4],"1":[0]},"fnMap":{"0":{"name":"Fallback","decl":{"start":{"line":9,"column":17},"end":{"line":14,"column":2}},"loc":{"start":{"line":9,"column":17},"end":{"line":14,"column":2}},"line":9}},"f":{"0":4}}
,"E:\\3-stage-rss-school\\react-2024-q3\\src\\components\\FlyoutElement\\FlyoutElement.tsx": {"path":"E:\\3-stage-rss-school\\react-2024-q3\\src\\components\\FlyoutElement\\FlyoutElement.tsx","all":false,"statementMap":{"0":{"start":{"line":1,"column":0},"end":{"line":1,"column":29}},"1":{"start":{"line":2,"column":0},"end":{"line":2,"column":57}},"2":{"start":{"line":3,"column":0},"end":{"line":3,"column":69}},"3":{"start":{"line":4,"column":0},"end":{"line":4,"column":79}},"4":{"start":{"line":5,"column":0},"end":{"line":5,"column":60}},"6":{"start":{"line":7,"column":0},"end":{"line":7,"column":29}},"7":{"start":{"line":8,"column":0},"end":{"line":8,"column":51}},"8":{"start":{"line":9,"column":0},"end":{"line":9,"column":59}},"10":{"start":{"line":11,"column":0},"end":{"line":11,"column":73}},"11":{"start":{"line":12,"column":0},"end":{"line":12,"column":36}},"13":{"start":{"line":14,"column":0},"end":{"line":14,"column":68}},"14":{"start":{"line":15,"column":0},"end":{"line":15,"column":27}},"15":{"start":{"line":16,"column":0},"end":{"line":16,"column":32}},"16":{"start":{"line":17,"column":0},"end":{"line":17,"column":4}},"18":{"start":{"line":19,"column":0},"end":{"line":19,"column":43}},"20":{"start":{"line":21,"column":0},"end":{"line":21,"column":34}},"21":{"start":{"line":22,"column":0},"end":{"line":22,"column":50}},"22":{"start":{"line":23,"column":0},"end":{"line":23,"column":27}},"23":{"start":{"line":24,"column":0},"end":{"line":24,"column":32}},"24":{"start":{"line":25,"column":0},"end":{"line":25,"column":35}},"25":{"start":{"line":26,"column":0},"end":{"line":26,"column":44}},"26":{"start":{"line":27,"column":0},"end":{"line":27,"column":7}},"27":{"start":{"line":28,"column":0},"end":{"line":28,"column":24}},"29":{"start":{"line":30,"column":0},"end":{"line":30,"column":34}},"30":{"start":{"line":31,"column":0},"end":{"line":31,"column":41}},"31":{"start":{"line":32,"column":0},"end":{"line":32,"column":7}},"32":{"start":{"line":33,"column":0},"end":{"line":33,"column":77}},"33":{"start":{"line":34,"column":0},"end":{"line":34,"column":42}},"34":{"start":{"line":35,"column":0},"end":{"line":35,"column":16}},"35":{"start":{"line":36,"column":0},"end":{"line":36,"column":4}},"37":{"start":{"line":38,"column":0},"end":{"line":38,"column":23}},"38":{"start":{"line":39,"column":0},"end":{"line":39,"column":33}},"39":{"start":{"line":40,"column":0},"end":{"line":40,"column":22}},"40":{"start":{"line":41,"column":0},"end":{"line":41,"column":10}},"41":{"start":{"line":42,"column":0},"end":{"line":42,"column":23}},"42":{"start":{"line":43,"column":0},"end":{"line":43,"column":3}},"44":{"start":{"line":45,"column":0},"end":{"line":45,"column":10}},"45":{"start":{"line":46,"column":0},"end":{"line":46,"column":8}},"46":{"start":{"line":47,"column":0},"end":{"line":47,"column":35}},"47":{"start":{"line":48,"column":0},"end":{"line":48,"column":26}},"48":{"start":{"line":49,"column":0},"end":{"line":49,"column":23}},"49":{"start":{"line":50,"column":0},"end":{"line":50,"column":28}},"50":{"start":{"line":51,"column":0},"end":{"line":51,"column":8}},"52":{"start":{"line":53,"column":0},"end":{"line":53,"column":86}},"54":{"start":{"line":55,"column":0},"end":{"line":55,"column":15}},"55":{"start":{"line":56,"column":0},"end":{"line":56,"column":48}},"56":{"start":{"line":57,"column":0},"end":{"line":57,"column":52}},"57":{"start":{"line":58,"column":0},"end":{"line":58,"column":12}},"58":{"start":{"line":59,"column":0},"end":{"line":59,"column":8}},"59":{"start":{"line":60,"column":0},"end":{"line":60,"column":18}},"60":{"start":{"line":61,"column":0},"end":{"line":61,"column":58}},"61":{"start":{"line":62,"column":0},"end":{"line":62,"column":54}},"62":{"start":{"line":63,"column":0},"end":{"line":63,"column":34}},"63":{"start":{"line":64,"column":0},"end":{"line":64,"column":7}},"65":{"start":{"line":66,"column":0},"end":{"line":66,"column":10}},"66":{"start":{"line":67,"column":0},"end":{"line":67,"column":10}},"68":{"start":{"line":69,"column":0},"end":{"line":69,"column":2}},"69":{"start":{"line":70,"column":0},"end":{"line":70,"column":29}}},"s":{"0":1,"1":1,"2":1,"3":1,"4":1,"6":1,"7":3,"8":3,"10":3,"11":3,"13":3,"14":0,"15":0,"16":0,"18":3,"20":3,"21":0,"22":0,"23":0,"24":0,"25":0,"26":0,"27":0,"29":0,"30":0,"31":0,"32":0,"33":0,"34":0,"35":0,"37":3,"38":3,"39":3,"40":3,"41":0,"42":0,"44":3,"45":3,"46":3,"47":3,"48":3,"49":0,"50":0,"52":3,"54":3,"55":3,"56":3,"57":3,"58":3,"59":3,"60":3,"61":3,"62":3,"63":3,"65":3,"66":3,"68":3,"69":1},"branchMap":{"0":{"type":"branch","line":7,"loc":{"start":{"line":7,"column":22},"end":{"line":69,"column":2}},"locations":[{"start":{"line":7,"column":22},"end":{"line":69,"column":2}}]},"1":{"type":"branch","line":9,"loc":{"start":{"line":9,"column":16},"end":{"line":9,"column":45}},"locations":[{"start":{"line":9,"column":16},"end":{"line":9,"column":45}}]},"2":{"type":"branch","line":41,"loc":{"start":{"line":41,"column":2},"end":{"line":43,"column":3}},"locations":[{"start":{"line":41,"column":2},"end":{"line":43,"column":3}}]},"3":{"type":"branch","line":11,"loc":{"start":{"line":11,"column":37},"end":{"line":11,"column":71}},"locations":[{"start":{"line":11,"column":37},"end":{"line":11,"column":71}}]}},"b":{"0":[3],"1":[0],"2":[0],"3":[6]},"fnMap":{"0":{"name":"FlyoutElement","decl":{"start":{"line":7,"column":22},"end":{"line":69,"column":2}},"loc":{"start":{"line":7,"column":22},"end":{"line":69,"column":2}},"line":7},"1":{"name":"removeSelected","decl":{"start":{"line":14,"column":25},"end":{"line":17,"column":4}},"loc":{"start":{"line":14,"column":25},"end":{"line":17,"column":4}},"line":14},"2":{"name":"downloadSelected","decl":{"start":{"line":21,"column":27},"end":{"line":36,"column":4}},"loc":{"start":{"line":21,"column":27},"end":{"line":36,"column":4}},"line":21},"3":{"name":"onClick","decl":{"start":{"line":49,"column":15},"end":{"line":51,"column":8}},"loc":{"start":{"line":49,"column":15},"end":{"line":51,"column":8}},"line":49}},"f":{"0":3,"1":0,"2":0,"3":0}}
,"E:\\3-stage-rss-school\\react-2024-q3\\src\\components\\Info\\Info.tsx": {"path":"E:\\3-stage-rss-school\\react-2024-q3\\src\\components\\Info\\Info.tsx","all":false,"statementMap":{"0":{"start":{"line":1,"column":0},"end":{"line":1,"column":20}},"1":{"start":{"line":2,"column":0},"end":{"line":2,"column":35}},"2":{"start":{"line":3,"column":0},"end":{"line":3,"column":69}},"3":{"start":{"line":4,"column":0},"end":{"line":4,"column":60}},"4":{"start":{"line":5,"column":0},"end":{"line":5,"column":60}},"5":{"start":{"line":6,"column":0},"end":{"line":6,"column":41}},"7":{"start":{"line":8,"column":0},"end":{"line":8,"column":20}},"8":{"start":{"line":9,"column":0},"end":{"line":9,"column":51}},"9":{"start":{"line":10,"column":0},"end":{"line":10,"column":59}},"11":{"start":{"line":12,"column":0},"end":{"line":12,"column":58}},"12":{"start":{"line":13,"column":0},"end":{"line":13,"column":36}},"13":{"start":{"line":14,"column":0},"end":{"line":14,"column":23}},"14":{"start":{"line":15,"column":0},"end":{"line":15,"column":30}},"15":{"start":{"line":16,"column":0},"end":{"line":16,"column":3}},"17":{"start":{"line":18,"column":0},"end":{"line":18,"column":37}},"18":{"start":{"line":19,"column":0},"end":{"line":19,"column":58}},"19":{"start":{"line":20,"column":0},"end":{"line":20,"column":16}},"20":{"start":{"line":21,"column":0},"end":{"line":21,"column":23}},"21":{"start":{"line":22,"column":0},"end":{"line":22,"column":5}},"22":{"start":{"line":23,"column":0},"end":{"line":23,"column":4}},"24":{"start":{"line":25,"column":0},"end":{"line":25,"column":10}},"25":{"start":{"line":26,"column":0},"end":{"line":26,"column":93}},"26":{"start":{"line":27,"column":0},"end":{"line":27,"column":49}},"27":{"start":{"line":28,"column":0},"end":{"line":28,"column":78}},"28":{"start":{"line":29,"column":0},"end":{"line":29,"column":63}},"29":{"start":{"line":30,"column":0},"end":{"line":30,"column":75}},"30":{"start":{"line":31,"column":0},"end":{"line":31,"column":63}},"31":{"start":{"line":32,"column":0},"end":{"line":32,"column":57}},"32":{"start":{"line":33,"column":0},"end":{"line":33,"column":75}},"33":{"start":{"line":34,"column":0},"end":{"line":34,"column":75}},"34":{"start":{"line":35,"column":0},"end":{"line":35,"column":72}},"35":{"start":{"line":36,"column":0},"end":{"line":36,"column":75}},"37":{"start":{"line":38,"column":0},"end":{"line":38,"column":15}},"38":{"start":{"line":39,"column":0},"end":{"line":39,"column":10}},"40":{"start":{"line":41,"column":0},"end":{"line":41,"column":2}},"42":{"start":{"line":43,"column":0},"end":{"line":43,"column":20}}},"s":{"0":1,"1":1,"2":1,"3":1,"4":1,"5":1,"7":1,"8":2,"9":2,"11":2,"12":2,"13":2,"14":0,"15":0,"17":2,"18":2,"19":2,"20":2,"21":2,"22":2,"24":2,"25":2,"26":2,"27":2,"28":2,"29":2,"30":2,"31":2,"32":2,"33":2,"34":2,"35":2,"37":2,"38":2,"40":2,"42":1},"branchMap":{"0":{"type":"branch","line":8,"loc":{"start":{"line":8,"column":13},"end":{"line":41,"column":2}},"locations":[{"start":{"line":8,"column":13},"end":{"line":41,"column":2}}]},"1":{"type":"branch","line":10,"loc":{"start":{"line":10,"column":16},"end":{"line":10,"column":45}},"locations":[{"start":{"line":10,"column":16},"end":{"line":10,"column":45}}]},"2":{"type":"branch","line":12,"loc":{"start":{"line":12,"column":30},"end":{"line":12,"column":56}},"locations":[{"start":{"line":12,"column":30},"end":{"line":12,"column":56}}]},"3":{"type":"branch","line":18,"loc":{"start":{"line":18,"column":20},"end":{"line":23,"column":4}},"locations":[{"start":{"line":18,"column":20},"end":{"line":23,"column":4}}]},"4":{"type":"branch","line":19,"loc":{"start":{"line":19,"column":30},"end":{"line":19,"column":56}},"locations":[{"start":{"line":19,"column":30},"end":{"line":19,"column":56}}]}},"b":{"0":[2],"1":[0],"2":[4],"3":[2],"4":[2]},"fnMap":{"0":{"name":"Info","decl":{"start":{"line":8,"column":13},"end":{"line":41,"column":2}},"loc":{"start":{"line":8,"column":13},"end":{"line":41,"column":2}},"line":8},"1":{"name":"hideInfo","decl":{"start":{"line":14,"column":2},"end":{"line":16,"column":3}},"loc":{"start":{"line":14,"column":2},"end":{"line":16,"column":3}},"line":14},"2":{"name":"findImage","decl":{"start":{"line":18,"column":20},"end":{"line":23,"column":4}},"loc":{"start":{"line":18,"column":20},"end":{"line":23,"column":4}},"line":18},"3":{"name":"onClick","decl":{"start":{"line":26,"column":65},"end":{"line":26,"column":93}},"loc":{"start":{"line":26,"column":65},"end":{"line":26,"column":93}},"line":26}},"f":{"0":2,"1":0,"2":2,"3":0}}
,"E:\\3-stage-rss-school\\react-2024-q3\\src\\components\\InfoContainer\\InfoContainer.tsx": {"path":"E:\\3-stage-rss-school\\react-2024-q3\\src\\components\\InfoContainer\\InfoContainer.tsx","all":false,"statementMap":{"0":{"start":{"line":1,"column":0},"end":{"line":1,"column":29}},"1":{"start":{"line":2,"column":0},"end":{"line":2,"column":34}},"3":{"start":{"line":4,"column":0},"end":{"line":4,"column":53}},"4":{"start":{"line":5,"column":0},"end":{"line":5,"column":57}},"12":{"start":{"line":13,"column":0},"end":{"line":13,"column":29}},"13":{"start":{"line":14,"column":0},"end":{"line":14,"column":70}},"15":{"start":{"line":16,"column":0},"end":{"line":16,"column":10}},"16":{"start":{"line":17,"column":0},"end":{"line":17,"column":65}},"17":{"start":{"line":18,"column":0},"end":{"line":18,"column":42}},"18":{"start":{"line":19,"column":0},"end":{"line":19,"column":10}},"20":{"start":{"line":21,"column":0},"end":{"line":21,"column":2}},"22":{"start":{"line":23,"column":0},"end":{"line":23,"column":29}}},"s":{"0":1,"1":1,"3":1,"4":1,"12":1,"13":1,"15":1,"16":1,"17":1,"18":1,"20":1,"22":1},"branchMap":{"0":{"type":"branch","line":13,"loc":{"start":{"line":13,"column":22},"end":{"line":21,"column":2}},"locations":[{"start":{"line":13,"column":22},"end":{"line":21,"column":2}}]},"1":{"type":"branch","line":18,"loc":{"start":{"line":18,"column":7},"end":{"line":18,"column":33}},"locations":[{"start":{"line":18,"column":7},"end":{"line":18,"column":33}}]},"2":{"type":"branch","line":14,"loc":{"start":{"line":14,"column":35},"end":{"line":14,"column":68}},"locations":[{"start":{"line":14,"column":35},"end":{"line":14,"column":68}}]}},"b":{"0":[1],"1":[0],"2":[2]},"fnMap":{"0":{"name":"InfoContainer","decl":{"start":{"line":13,"column":22},"end":{"line":21,"column":2}},"loc":{"start":{"line":13,"column":22},"end":{"line":21,"column":2}},"line":13}},"f":{"0":1}}
,"E:\\3-stage-rss-school\\react-2024-q3\\src\\components\\Input\\Input.tsx": {"path":"E:\\3-stage-rss-school\\react-2024-q3\\src\\components\\Input\\Input.tsx","all":false,"statementMap":{"0":{"start":{"line":1,"column":0},"end":{"line":1,"column":21}},"10":{"start":{"line":11,"column":0},"end":{"line":11,"column":39}},"11":{"start":{"line":12,"column":0},"end":{"line":12,"column":10}},"12":{"start":{"line":13,"column":0},"end":{"line":13,"column":10}},"13":{"start":{"line":14,"column":0},"end":{"line":14,"column":25}},"14":{"start":{"line":15,"column":0},"end":{"line":15,"column":17}},"15":{"start":{"line":16,"column":0},"end":{"line":16,"column":23}},"16":{"start":{"line":17,"column":0},"end":{"line":17,"column":29}},"17":{"start":{"line":18,"column":0},"end":{"line":18,"column":25}},"18":{"start":{"line":19,"column":0},"end":{"line":19,"column":40}},"19":{"start":{"line":20,"column":0},"end":{"line":20,"column":6}},"21":{"start":{"line":22,"column":0},"end":{"line":22,"column":2}},"23":{"start":{"line":24,"column":0},"end":{"line":24,"column":21}}},"s":{"0":1,"10":1,"11":4,"12":4,"13":4,"14":4,"15":4,"16":4,"17":4,"18":4,"19":4,"21":4,"23":1},"branchMap":{"0":{"type":"branch","line":11,"loc":{"start":{"line":11,"column":14},"end":{"line":22,"column":2}},"locations":[{"start":{"line":11,"column":14},"end":{"line":22,"column":2}}]}},"b":{"0":[4]},"fnMap":{"0":{"name":"Input","decl":{"start":{"line":11,"column":14},"end":{"line":22,"column":2}},"loc":{"start":{"line":11,"column":14},"end":{"line":22,"column":2}},"line":11}},"f":{"0":4}}
,"E:\\3-stage-rss-school\\react-2024-q3\\src\\components\\Item\\Item.tsx": {"path":"E:\\3-stage-rss-school\\react-2024-q3\\src\\components\\Item\\Item.tsx","all":false,"statementMap":{"0":{"start":{"line":1,"column":0},"end":{"line":1,"column":20}},"1":{"start":{"line":2,"column":0},"end":{"line":2,"column":66}},"2":{"start":{"line":3,"column":0},"end":{"line":3,"column":89}},"3":{"start":{"line":4,"column":0},"end":{"line":4,"column":79}},"4":{"start":{"line":5,"column":0},"end":{"line":5,"column":69}},"6":{"start":{"line":7,"column":0},"end":{"line":7,"column":66}},"14":{"start":{"line":15,"column":0},"end":{"line":15,"column":47}},"15":{"start":{"line":16,"column":0},"end":{"line":16,"column":36}},"16":{"start":{"line":17,"column":0},"end":{"line":17,"column":36}},"17":{"start":{"line":18,"column":0},"end":{"line":18,"column":73}},"19":{"start":{"line":20,"column":0},"end":{"line":20,"column":41}},"21":{"start":{"line":22,"column":0},"end":{"line":22,"column":37}},"22":{"start":{"line":23,"column":0},"end":{"line":23,"column":32}},"23":{"start":{"line":24,"column":0},"end":{"line":24,"column":29}},"24":{"start":{"line":25,"column":0},"end":{"line":25,"column":46}},"25":{"start":{"line":26,"column":0},"end":{"line":26,"column":34}},"26":{"start":{"line":27,"column":0},"end":{"line":27,"column":33}},"27":{"start":{"line":28,"column":0},"end":{"line":28,"column":29}},"28":{"start":{"line":29,"column":0},"end":{"line":29,"column":4}},"30":{"start":{"line":31,"column":0},"end":{"line":31,"column":59}},"31":{"start":{"line":32,"column":0},"end":{"line":32,"column":46}},"32":{"start":{"line":33,"column":0},"end":{"line":33,"column":18}},"33":{"start":{"line":34,"column":0},"end":{"line":34,"column":33}},"34":{"start":{"line":35,"column":0},"end":{"line":35,"column":4}},"36":{"start":{"line":37,"column":0},"end":{"line":37,"column":38}},"37":{"start":{"line":38,"column":0},"end":{"line":38,"column":33}},"38":{"start":{"line":39,"column":0},"end":{"line":39,"column":19}},"40":{"start":{"line":41,"column":0},"end":{"line":41,"column":25}},"41":{"start":{"line":42,"column":0},"end":{"line":42,"column":44}},"42":{"start":{"line":43,"column":0},"end":{"line":43,"column":33}},"43":{"start":{"line":44,"column":0},"end":{"line":44,"column":20}},"44":{"start":{"line":45,"column":0},"end":{"line":45,"column":9}},"45":{"start":{"line":46,"column":0},"end":{"line":46,"column":7}},"46":{"start":{"line":47,"column":0},"end":{"line":47,"column":5}},"48":{"start":{"line":49,"column":0},"end":{"line":49,"column":23}},"49":{"start":{"line":50,"column":0},"end":{"line":50,"column":33}},"50":{"start":{"line":51,"column":0},"end":{"line":51,"column":5}},"51":{"start":{"line":52,"column":0},"end":{"line":52,"column":44}},"52":{"start":{"line":53,"column":0},"end":{"line":53,"column":27}},"53":{"start":{"line":54,"column":0},"end":{"line":54,"column":35}},"54":{"start":{"line":55,"column":0},"end":{"line":55,"column":5}},"55":{"start":{"line":56,"column":0},"end":{"line":56,"column":3}},"57":{"start":{"line":58,"column":0},"end":{"line":58,"column":10}},"58":{"start":{"line":59,"column":0},"end":{"line":59,"column":8}},"59":{"start":{"line":60,"column":0},"end":{"line":60,"column":22}},"60":{"start":{"line":61,"column":0},"end":{"line":61,"column":24}},"61":{"start":{"line":62,"column":0},"end":{"line":62,"column":23}},"62":{"start":{"line":63,"column":0},"end":{"line":63,"column":28}},"63":{"start":{"line":64,"column":0},"end":{"line":64,"column":24}},"64":{"start":{"line":65,"column":0},"end":{"line":65,"column":8}},"66":{"start":{"line":67,"column":0},"end":{"line":67,"column":50}},"67":{"start":{"line":68,"column":0},"end":{"line":68,"column":64}},"68":{"start":{"line":69,"column":0},"end":{"line":69,"column":38}},"69":{"start":{"line":70,"column":0},"end":{"line":70,"column":10}},"70":{"start":{"line":71,"column":0},"end":{"line":71,"column":25}},"71":{"start":{"line":72,"column":0},"end":{"line":72,"column":30}},"72":{"start":{"line":73,"column":0},"end":{"line":73,"column":10}},"74":{"start":{"line":75,"column":0},"end":{"line":75,"column":12}},"75":{"start":{"line":76,"column":0},"end":{"line":76,"column":30}},"76":{"start":{"line":77,"column":0},"end":{"line":77,"column":26}},"77":{"start":{"line":78,"column":0},"end":{"line":78,"column":36}},"78":{"start":{"line":79,"column":0},"end":{"line":79,"column":12}},"79":{"start":{"line":80,"column":0},"end":{"line":80,"column":15}},"80":{"start":{"line":81,"column":0},"end":{"line":81,"column":12}},"81":{"start":{"line":82,"column":0},"end":{"line":82,"column":10}},"83":{"start":{"line":84,"column":0},"end":{"line":84,"column":2}},"85":{"start":{"line":86,"column":0},"end":{"line":86,"column":20}}},"s":{"0":1,"1":1,"2":1,"3":1,"4":1,"6":1,"14":1,"15":8,"16":8,"17":8,"19":8,"21":8,"22":0,"23":0,"24":0,"25":0,"26":0,"27":0,"28":0,"30":8,"31":0,"32":0,"33":0,"34":0,"36":8,"37":0,"38":0,"40":0,"41":0,"42":0,"43":0,"44":0,"45":0,"46":0,"48":0,"49":0,"50":0,"51":0,"52":0,"53":0,"54":0,"55":0,"57":8,"58":8,"59":8,"60":8,"61":8,"62":0,"63":0,"64":0,"66":8,"67":8,"68":8,"69":8,"70":8,"71":0,"72":0,"74":8,"75":8,"76":8,"77":0,"78":0,"79":8,"80":8,"81":8,"83":8,"85":1},"branchMap":{"0":{"type":"branch","line":15,"loc":{"start":{"line":15,"column":13},"end":{"line":84,"column":2}},"locations":[{"start":{"line":15,"column":13},"end":{"line":84,"column":2}}]},"1":{"type":"branch","line":18,"loc":{"start":{"line":18,"column":37},"end":{"line":18,"column":71}},"locations":[{"start":{"line":18,"column":37},"end":{"line":18,"column":71}}]}},"b":{"0":[8],"1":[17]},"fnMap":{"0":{"name":"Item","decl":{"start":{"line":15,"column":13},"end":{"line":84,"column":2}},"loc":{"start":{"line":15,"column":13},"end":{"line":84,"column":2}},"line":15},"1":{"name":"handleGetInfo","decl":{"start":{"line":22,"column":24},"end":{"line":29,"column":4}},"loc":{"start":{"line":22,"column":24},"end":{"line":29,"column":4}},"line":22},"2":{"name":"pushSelectedCharacter","decl":{"start":{"line":31,"column":32},"end":{"line":35,"column":4}},"loc":{"start":{"line":31,"column":32},"end":{"line":35,"column":4}},"line":31},"3":{"name":"handleChange","decl":{"start":{"line":37,"column":2},"end":{"line":56,"column":3}},"loc":{"start":{"line":37,"column":2},"end":{"line":56,"column":3}},"line":37},"4":{"name":"onClick","decl":{"start":{"line":62,"column":15},"end":{"line":65,"column":8}},"loc":{"start":{"line":62,"column":15},"end":{"line":65,"column":8}},"line":62},"5":{"name":"onClick","decl":{"start":{"line":71,"column":17},"end":{"line":73,"column":10}},"loc":{"start":{"line":71,"column":17},"end":{"line":73,"column":10}},"line":71},"6":{"name":"onClick","decl":{"start":{"line":77,"column":19},"end":{"line":79,"column":12}},"loc":{"start":{"line":77,"column":19},"end":{"line":79,"column":12}},"line":77}},"f":{"0":8,"1":0,"2":0,"3":0,"4":0,"5":0,"6":0}}
,"E:\\3-stage-rss-school\\react-2024-q3\\src\\components\\ItemList\\ItemList.tsx": {"path":"E:\\3-stage-rss-school\\react-2024-q3\\src\\components\\ItemList\\ItemList.tsx","all":false,"statementMap":{"0":{"start":{"line":1,"column":0},"end":{"line":1,"column":53}},"1":{"start":{"line":2,"column":0},"end":{"line":2,"column":43}},"2":{"start":{"line":3,"column":0},"end":{"line":3,"column":46}},"3":{"start":{"line":4,"column":0},"end":{"line":4,"column":46}},"4":{"start":{"line":5,"column":0},"end":{"line":5,"column":34}},"6":{"start":{"line":7,"column":0},"end":{"line":7,"column":24}},"7":{"start":{"line":8,"column":0},"end":{"line":8,"column":73}},"8":{"start":{"line":9,"column":0},"end":{"line":9,"column":71}},"9":{"start":{"line":10,"column":0},"end":{"line":10,"column":72}},"11":{"start":{"line":12,"column":0},"end":{"line":12,"column":10}},"12":{"start":{"line":13,"column":0},"end":{"line":13,"column":51}},"13":{"start":{"line":14,"column":0},"end":{"line":14,"column":34}},"14":{"start":{"line":15,"column":0},"end":{"line":15,"column":19}},"15":{"start":{"line":16,"column":0},"end":{"line":16,"column":25}},"16":{"start":{"line":17,"column":0},"end":{"line":17,"column":20}},"17":{"start":{"line":18,"column":0},"end":{"line":18,"column":33}},"18":{"start":{"line":19,"column":0},"end":{"line":19,"column":46}},"20":{"start":{"line":21,"column":0},"end":{"line":21,"column":116}},"22":{"start":{"line":23,"column":0},"end":{"line":23,"column":10}},"24":{"start":{"line":25,"column":0},"end":{"line":25,"column":2}},"26":{"start":{"line":27,"column":0},"end":{"line":27,"column":24}}},"s":{"0":1,"1":1,"2":1,"3":1,"4":1,"6":1,"7":3,"8":3,"9":3,"11":3,"12":3,"13":3,"14":0,"15":3,"16":0,"17":3,"18":0,"20":3,"22":3,"24":3,"26":1},"branchMap":{"0":{"type":"branch","line":7,"loc":{"start":{"line":7,"column":17},"end":{"line":25,"column":2}},"locations":[{"start":{"line":7,"column":17},"end":{"line":25,"column":2}}]},"1":{"type":"branch","line":14,"loc":{"start":{"line":14,"column":23},"end":{"line":15,"column":19}},"locations":[{"start":{"line":14,"column":23},"end":{"line":15,"column":19}}]},"2":{"type":"branch","line":16,"loc":{"start":{"line":16,"column":20},"end":{"line":17,"column":20}},"locations":[{"start":{"line":16,"column":20},"end":{"line":17,"column":20}}]},"3":{"type":"branch","line":18,"loc":{"start":{"line":18,"column":20},"end":{"line":19,"column":46}},"locations":[{"start":{"line":18,"column":20},"end":{"line":19,"column":46}}]},"4":{"type":"branch","line":8,"loc":{"start":{"line":8,"column":31},"end":{"line":8,"column":71}},"locations":[{"start":{"line":8,"column":31},"end":{"line":8,"column":71}}]},"5":{"type":"branch","line":9,"loc":{"start":{"line":9,"column":31},"end":{"line":9,"column":69}},"locations":[{"start":{"line":9,"column":31},"end":{"line":9,"column":69}}]},"6":{"type":"branch","line":10,"loc":{"start":{"line":10,"column":33},"end":{"line":10,"column":70}},"locations":[{"start":{"line":10,"column":33},"end":{"line":10,"column":70}}]},"7":{"type":"branch","line":21,"loc":{"start":{"line":21,"column":18},"end":{"line":21,"column":115}},"locations":[{"start":{"line":21,"column":18},"end":{"line":21,"column":115}}]}},"b":{"0":[3],"1":[0],"2":[0],"3":[0],"4":[6],"5":[6],"6":[6],"7":[3]},"fnMap":{"0":{"name":"ItemList","decl":{"start":{"line":7,"column":17},"end":{"line":25,"column":2}},"loc":{"start":{"line":7,"column":17},"end":{"line":25,"column":2}},"line":7}},"f":{"0":3}}
,"E:\\3-stage-rss-school\\react-2024-q3\\src\\components\\NotFound\\NotFound.tsx": {"path":"E:\\3-stage-rss-school\\react-2024-q3\\src\\components\\NotFound\\NotFound.tsx","all":false,"statementMap":{"0":{"start":{"line":1,"column":0},"end":{"line":1,"column":24}},"2":{"start":{"line":3,"column":0},"end":{"line":3,"column":24}},"3":{"start":{"line":4,"column":0},"end":{"line":4,"column":10}},"4":{"start":{"line":5,"column":0},"end":{"line":5,"column":55}},"6":{"start":{"line":7,"column":0},"end":{"line":7,"column":10}},"8":{"start":{"line":9,"column":0},"end":{"line":9,"column":2}},"10":{"start":{"line":11,"column":0},"end":{"line":11,"column":24}}},"s":{"0":1,"2":1,"3":1,"4":1,"6":1,"8":1,"10":1},"branchMap":{"0":{"type":"branch","line":3,"loc":{"start":{"line":3,"column":17},"end":{"line":9,"column":2}},"locations":[{"start":{"line":3,"column":17},"end":{"line":9,"column":2}}]}},"b":{"0":[1]},"fnMap":{"0":{"name":"NotFound","decl":{"start":{"line":3,"column":17},"end":{"line":9,"column":2}},"loc":{"start":{"line":3,"column":17},"end":{"line":9,"column":2}},"line":3}},"f":{"0":1}}
,"E:\\3-stage-rss-school\\react-2024-q3\\src\\components\\PageNumber\\PageNumber.tsx": {"path":"E:\\3-stage-rss-school\\react-2024-q3\\src\\components\\PageNumber\\PageNumber.tsx","all":false,"statementMap":{"0":{"start":{"line":1,"column":0},"end":{"line":1,"column":26}},"1":{"start":{"line":2,"column":0},"end":{"line":2,"column":69}},"2":{"start":{"line":3,"column":0},"end":{"line":3,"column":72}},"3":{"start":{"line":4,"column":0},"end":{"line":4,"column":96}},"4":{"start":{"line":5,"column":0},"end":{"line":5,"column":35}},"5":{"start":{"line":6,"column":0},"end":{"line":6,"column":60}},"10":{"start":{"line":11,"column":0},"end":{"line":11,"column":49}},"11":{"start":{"line":12,"column":0},"end":{"line":12,"column":51}},"12":{"start":{"line":13,"column":0},"end":{"line":13,"column":59}},"14":{"start":{"line":15,"column":0},"end":{"line":15,"column":24}},"15":{"start":{"line":16,"column":0},"end":{"line":16,"column":36}},"17":{"start":{"line":18,"column":0},"end":{"line":18,"column":25}},"18":{"start":{"line":19,"column":0},"end":{"line":19,"column":27}},"19":{"start":{"line":20,"column":0},"end":{"line":20,"column":3}},"21":{"start":{"line":22,"column":0},"end":{"line":22,"column":53}},"23":{"start":{"line":24,"column":0},"end":{"line":24,"column":45}},"24":{"start":{"line":25,"column":0},"end":{"line":25,"column":28}},"25":{"start":{"line":26,"column":0},"end":{"line":26,"column":54}},"26":{"start":{"line":27,"column":0},"end":{"line":27,"column":23}},"27":{"start":{"line":28,"column":0},"end":{"line":28,"column":67}},"28":{"start":{"line":29,"column":0},"end":{"line":29,"column":42}},"29":{"start":{"line":30,"column":0},"end":{"line":30,"column":31}},"30":{"start":{"line":31,"column":0},"end":{"line":31,"column":5}},"31":{"start":{"line":32,"column":0},"end":{"line":32,"column":4}},"33":{"start":{"line":34,"column":0},"end":{"line":34,"column":75}},"35":{"start":{"line":36,"column":0},"end":{"line":36,"column":10}},"36":{"start":{"line":37,"column":0},"end":{"line":37,"column":6}},"37":{"start":{"line":38,"column":0},"end":{"line":38,"column":31}},"38":{"start":{"line":39,"column":0},"end":{"line":39,"column":12}},"39":{"start":{"line":40,"column":0},"end":{"line":40,"column":87}},"40":{"start":{"line":41,"column":0},"end":{"line":41,"column":27}},"41":{"start":{"line":42,"column":0},"end":{"line":42,"column":32}},"42":{"start":{"line":43,"column":0},"end":{"line":43,"column":25}},"43":{"start":{"line":44,"column":0},"end":{"line":44,"column":36}},"44":{"start":{"line":45,"column":0},"end":{"line":45,"column":12}},"46":{"start":{"line":47,"column":0},"end":{"line":47,"column":15}},"47":{"start":{"line":48,"column":0},"end":{"line":48,"column":14}},"49":{"start":{"line":50,"column":0},"end":{"line":50,"column":12}},"50":{"start":{"line":51,"column":0},"end":{"line":51,"column":56}},"51":{"start":{"line":52,"column":0},"end":{"line":52,"column":27}},"52":{"start":{"line":53,"column":0},"end":{"line":53,"column":32}},"53":{"start":{"line":54,"column":0},"end":{"line":54,"column":25}},"54":{"start":{"line":55,"column":0},"end":{"line":55,"column":36}},"55":{"start":{"line":56,"column":0},"end":{"line":56,"column":12}},"57":{"start":{"line":58,"column":0},"end":{"line":58,"column":15}},"58":{"start":{"line":59,"column":0},"end":{"line":59,"column":14}},"60":{"start":{"line":61,"column":0},"end":{"line":61,"column":7}},"62":{"start":{"line":63,"column":0},"end":{"line":63,"column":2}},"64":{"start":{"line":65,"column":0},"end":{"line":65,"column":26}}},"s":{"0":1,"1":1,"2":1,"3":1,"4":1,"5":1,"10":1,"11":1,"12":1,"14":1,"15":1,"17":1,"18":0,"19":0,"21":1,"23":1,"24":0,"25":0,"26":0,"27":0,"28":0,"29":0,"30":0,"31":0,"33":1,"35":1,"36":1,"37":1,"38":1,"39":1,"40":1,"41":0,"42":0,"43":0,"44":0,"46":1,"47":1,"49":0,"50":0,"51":0,"52":0,"53":0,"54":0,"55":0,"57":0,"58":0,"60":1,"62":1,"64":1},"branchMap":{"0":{"type":"branch","line":11,"loc":{"start":{"line":11,"column":19},"end":{"line":63,"column":2}},"locations":[{"start":{"line":11,"column":19},"end":{"line":63,"column":2}}]},"1":{"type":"branch","line":13,"loc":{"start":{"line":13,"column":16},"end":{"line":13,"column":45}},"locations":[{"start":{"line":13,"column":16},"end":{"line":13,"column":45}}]},"2":{"type":"branch","line":48,"loc":{"start":{"line":48,"column":8},"end":{"line":59,"column":14}},"locations":[{"start":{"line":48,"column":8},"end":{"line":59,"column":14}}]},"3":{"type":"branch","line":34,"loc":{"start":{"line":34,"column":38},"end":{"line":34,"column":73}},"locations":[{"start":{"line":34,"column":38},"end":{"line":34,"column":73}}]}},"b":{"0":[1],"1":[0],"2":[0],"3":[2]},"fnMap":{"0":{"name":"PageNumber","decl":{"start":{"line":11,"column":19},"end":{"line":63,"column":2}},"loc":{"start":{"line":11,"column":19},"end":{"line":63,"column":2}},"line":11},"1":{"name":"selectPage","decl":{"start":{"line":18,"column":2},"end":{"line":20,"column":3}},"loc":{"start":{"line":18,"column":2},"end":{"line":20,"column":3}},"line":18},"2":{"name":"getPageWithCharacters","decl":{"start":{"line":24,"column":32},"end":{"line":32,"column":4}},"loc":{"start":{"line":24,"column":32},"end":{"line":32,"column":4}},"line":24},"3":{"name":"onClick","decl":{"start":{"line":41,"column":19},"end":{"line":45,"column":12}},"loc":{"start":{"line":41,"column":19},"end":{"line":45,"column":12}},"line":41},"4":{"name":"onClick","decl":{"start":{"line":52,"column":19},"end":{"line":56,"column":12}},"loc":{"start":{"line":52,"column":19},"end":{"line":56,"column":12}},"line":52}},"f":{"0":1,"1":0,"2":0,"3":0,"4":0}}
,"E:\\3-stage-rss-school\\react-2024-q3\\src\\components\\Pagination\\Pagination.tsx": {"path":"E:\\3-stage-rss-school\\react-2024-q3\\src\\components\\Pagination\\Pagination.tsx","all":false,"statementMap":{"0":{"start":{"line":1,"column":0},"end":{"line":1,"column":26}},"1":{"start":{"line":2,"column":0},"end":{"line":2,"column":66}},"2":{"start":{"line":3,"column":0},"end":{"line":3,"column":35}},"3":{"start":{"line":4,"column":0},"end":{"line":4,"column":69}},"4":{"start":{"line":5,"column":0},"end":{"line":5,"column":79}},"5":{"start":{"line":6,"column":0},"end":{"line":6,"column":96}},"6":{"start":{"line":7,"column":0},"end":{"line":7,"column":55}},"7":{"start":{"line":8,"column":0},"end":{"line":8,"column":60}},"9":{"start":{"line":10,"column":0},"end":{"line":10,"column":26}},"10":{"start":{"line":11,"column":0},"end":{"line":11,"column":51}},"11":{"start":{"line":12,"column":0},"end":{"line":12,"column":59}},"13":{"start":{"line":14,"column":0},"end":{"line":14,"column":71}},"14":{"start":{"line":15,"column":0},"end":{"line":15,"column":73}},"15":{"start":{"line":16,"column":0},"end":{"line":16,"column":69}},"17":{"start":{"line":18,"column":0},"end":{"line":18,"column":36}},"18":{"start":{"line":19,"column":0},"end":{"line":19,"column":54}},"20":{"start":{"line":21,"column":0},"end":{"line":21,"column":35}},"21":{"start":{"line":22,"column":0},"end":{"line":22,"column":24}},"22":{"start":{"line":23,"column":0},"end":{"line":23,"column":30}},"23":{"start":{"line":24,"column":0},"end":{"line":24,"column":35}},"24":{"start":{"line":25,"column":0},"end":{"line":25,"column":42}},"25":{"start":{"line":26,"column":0},"end":{"line":26,"column":48}},"26":{"start":{"line":27,"column":0},"end":{"line":27,"column":42}},"27":{"start":{"line":28,"column":0},"end":{"line":28,"column":30}},"28":{"start":{"line":29,"column":0},"end":{"line":29,"column":31}},"29":{"start":{"line":30,"column":0},"end":{"line":30,"column":5}},"30":{"start":{"line":31,"column":0},"end":{"line":31,"column":4}},"32":{"start":{"line":33,"column":0},"end":{"line":33,"column":35}},"33":{"start":{"line":34,"column":0},"end":{"line":34,"column":24}},"34":{"start":{"line":35,"column":0},"end":{"line":35,"column":30}},"35":{"start":{"line":36,"column":0},"end":{"line":36,"column":35}},"36":{"start":{"line":37,"column":0},"end":{"line":37,"column":42}},"37":{"start":{"line":38,"column":0},"end":{"line":38,"column":48}},"38":{"start":{"line":39,"column":0},"end":{"line":39,"column":42}},"39":{"start":{"line":40,"column":0},"end":{"line":40,"column":30}},"40":{"start":{"line":41,"column":0},"end":{"line":41,"column":31}},"41":{"start":{"line":42,"column":0},"end":{"line":42,"column":5}},"42":{"start":{"line":43,"column":0},"end":{"line":43,"column":4}},"44":{"start":{"line":45,"column":0},"end":{"line":45,"column":52}},"46":{"start":{"line":47,"column":0},"end":{"line":47,"column":25}},"47":{"start":{"line":48,"column":0},"end":{"line":48,"column":40}},"48":{"start":{"line":49,"column":0},"end":{"line":49,"column":24}},"49":{"start":{"line":50,"column":0},"end":{"line":50,"column":3}},"50":{"start":{"line":51,"column":0},"end":{"line":51,"column":10}},"51":{"start":{"line":52,"column":0},"end":{"line":52,"column":57}},"52":{"start":{"line":53,"column":0},"end":{"line":53,"column":13}},"53":{"start":{"line":54,"column":0},"end":{"line":54,"column":54}},"54":{"start":{"line":55,"column":0},"end":{"line":55,"column":25}},"55":{"start":{"line":56,"column":0},"end":{"line":56,"column":29}},"56":{"start":{"line":57,"column":0},"end":{"line":57,"column":30}},"57":{"start":{"line":58,"column":0},"end":{"line":58,"column":24}},"58":{"start":{"line":59,"column":0},"end":{"line":59,"column":10}},"60":{"start":{"line":61,"column":0},"end":{"line":61,"column":12}},"62":{"start":{"line":63,"column":0},"end":{"line":63,"column":15}},"63":{"start":{"line":64,"column":0},"end":{"line":64,"column":48}},"64":{"start":{"line":65,"column":0},"end":{"line":65,"column":44}},"65":{"start":{"line":66,"column":0},"end":{"line":66,"column":61}},"66":{"start":{"line":67,"column":0},"end":{"line":67,"column":11}},"67":{"start":{"line":68,"column":0},"end":{"line":68,"column":12}},"68":{"start":{"line":69,"column":0},"end":{"line":69,"column":13}},"69":{"start":{"line":70,"column":0},"end":{"line":70,"column":54}},"70":{"start":{"line":71,"column":0},"end":{"line":71,"column":25}},"71":{"start":{"line":72,"column":0},"end":{"line":72,"column":29}},"72":{"start":{"line":73,"column":0},"end":{"line":73,"column":30}},"73":{"start":{"line":74,"column":0},"end":{"line":74,"column":24}},"74":{"start":{"line":75,"column":0},"end":{"line":75,"column":10}},"75":{"start":{"line":76,"column":0},"end":{"line":76,"column":7}},"77":{"start":{"line":78,"column":0},"end":{"line":78,"column":15}},"78":{"start":{"line":79,"column":0},"end":{"line":79,"column":10}},"80":{"start":{"line":81,"column":0},"end":{"line":81,"column":2}},"82":{"start":{"line":83,"column":0},"end":{"line":83,"column":26}}},"s":{"0":1,"1":1,"2":1,"3":1,"4":1,"5":1,"6":1,"7":1,"9":1,"10":1,"11":1,"13":1,"14":1,"15":1,"17":1,"18":1,"20":1,"21":0,"22":0,"23":0,"24":0,"25":0,"26":0,"27":0,"28":0,"29":0,"30":0,"32":1,"33":0,"34":0,"35":0,"36":0,"37":0,"38":0,"39":0,"40":0,"41":0,"42":0,"44":1,"46":1,"47":1,"48":1,"49":1,"50":1,"51":1,"52":1,"53":1,"54":1,"55":0,"56":0,"57":0,"58":0,"60":1,"62":1,"63":1,"64":1,"65":1,"66":1,"67":1,"68":1,"69":1,"70":1,"71":0,"72":0,"73":0,"74":0,"75":1,"77":1,"78":1,"80":1,"82":1},"branchMap":{"0":{"type":"branch","line":10,"loc":{"start":{"line":10,"column":19},"end":{"line":81,"column":2}},"locations":[{"start":{"line":10,"column":19},"end":{"line":81,"column":2}}]},"1":{"type":"branch","line":12,"loc":{"start":{"line":12,"column":16},"end":{"line":12,"column":45}},"locations":[{"start":{"line":12,"column":16},"end":{"line":12,"column":45}}]},"2":{"type":"branch","line":14,"loc":{"start":{"line":14,"column":31},"end":{"line":14,"column":69}},"locations":[{"start":{"line":14,"column":31},"end":{"line":14,"column":69}}]},"3":{"type":"branch","line":15,"loc":{"start":{"line":15,"column":30},"end":{"line":15,"column":71}},"locations":[{"start":{"line":15,"column":30},"end":{"line":15,"column":71}}]},"4":{"type":"branch","line":16,"loc":{"start":{"line":16,"column":30},"end":{"line":16,"column":67}},"locations":[{"start":{"line":16,"column":30},"end":{"line":16,"column":67}}]},"5":{"type":"branch","line":65,"loc":{"start":{"line":65,"column":25},"end":{"line":66,"column":61}},"locations":[{"start":{"line":65,"column":25},"end":{"line":66,"column":61}}]}},"b":{"0":[1],"1":[0],"2":[2],"3":[2],"4":[2],"5":[1]},"fnMap":{"0":{"name":"Pagination","decl":{"start":{"line":10,"column":19},"end":{"line":81,"column":2}},"loc":{"start":{"line":10,"column":19},"end":{"line":81,"column":2}},"line":10},"1":{"name":"onClickPrev","decl":{"start":{"line":21,"column":22},"end":{"line":31,"column":4}},"loc":{"start":{"line":21,"column":22},"end":{"line":31,"column":4}},"line":21},"2":{"name":"onClickNext","decl":{"start":{"line":33,"column":22},"end":{"line":43,"column":4}},"loc":{"start":{"line":33,"column":22},"end":{"line":43,"column":4}},"line":33},"3":{"name":"onClick","decl":{"start":{"line":55,"column":17},"end":{"line":59,"column":10}},"loc":{"start":{"line":55,"column":17},"end":{"line":59,"column":10}},"line":55},"4":{"name":"onClick","decl":{"start":{"line":71,"column":17},"end":{"line":75,"column":10}},"loc":{"start":{"line":71,"column":17},"end":{"line":75,"column":10}},"line":71}},"f":{"0":1,"1":0,"2":0,"3":0,"4":0}}
,"E:\\3-stage-rss-school\\react-2024-q3\\src\\components\\SearchForm\\SearchForm.tsx": {"path":"E:\\3-stage-rss-school\\react-2024-q3\\src\\components\\SearchForm\\SearchForm.tsx","all":false,"statementMap":{"0":{"start":{"line":1,"column":0},"end":{"line":1,"column":69}},"1":{"start":{"line":2,"column":0},"end":{"line":2,"column":26}},"2":{"start":{"line":3,"column":0},"end":{"line":3,"column":69}},"3":{"start":{"line":4,"column":0},"end":{"line":4,"column":37}},"4":{"start":{"line":5,"column":0},"end":{"line":5,"column":53}},"5":{"start":{"line":6,"column":0},"end":{"line":6,"column":96}},"6":{"start":{"line":7,"column":0},"end":{"line":7,"column":72}},"13":{"start":{"line":14,"column":0},"end":{"line":14,"column":53}},"14":{"start":{"line":15,"column":0},"end":{"line":15,"column":75}},"16":{"start":{"line":17,"column":0},"end":{"line":17,"column":36}},"18":{"start":{"line":19,"column":0},"end":{"line":19,"column":48}},"20":{"start":{"line":21,"column":0},"end":{"line":21,"column":53}},"22":{"start":{"line":23,"column":0},"end":{"line":23,"column":63}},"23":{"start":{"line":24,"column":0},"end":{"line":24,"column":44}},"24":{"start":{"line":25,"column":0},"end":{"line":25,"column":3}},"26":{"start":{"line":27,"column":0},"end":{"line":27,"column":66}},"27":{"start":{"line":28,"column":0},"end":{"line":28,"column":27}},"28":{"start":{"line":29,"column":0},"end":{"line":29,"column":55}},"29":{"start":{"line":30,"column":0},"end":{"line":30,"column":49}},"30":{"start":{"line":31,"column":0},"end":{"line":31,"column":44}},"31":{"start":{"line":32,"column":0},"end":{"line":32,"column":30}},"32":{"start":{"line":33,"column":0},"end":{"line":33,"column":71}},"33":{"start":{"line":34,"column":0},"end":{"line":34,"column":42}},"34":{"start":{"line":35,"column":0},"end":{"line":35,"column":31}},"35":{"start":{"line":36,"column":0},"end":{"line":36,"column":59}},"36":{"start":{"line":37,"column":0},"end":{"line":37,"column":12}},"37":{"start":{"line":38,"column":0},"end":{"line":38,"column":30}},"38":{"start":{"line":39,"column":0},"end":{"line":39,"column":60}},"39":{"start":{"line":40,"column":0},"end":{"line":40,"column":42}},"40":{"start":{"line":41,"column":0},"end":{"line":41,"column":31}},"41":{"start":{"line":42,"column":0},"end":{"line":42,"column":48}},"42":{"start":{"line":43,"column":0},"end":{"line":43,"column":5}},"43":{"start":{"line":44,"column":0},"end":{"line":44,"column":25}},"44":{"start":{"line":45,"column":0},"end":{"line":45,"column":3}},"46":{"start":{"line":47,"column":0},"end":{"line":47,"column":10}},"47":{"start":{"line":48,"column":0},"end":{"line":48,"column":9}},"48":{"start":{"line":49,"column":0},"end":{"line":49,"column":31}},"49":{"start":{"line":50,"column":0},"end":{"line":50,"column":49}},"50":{"start":{"line":51,"column":0},"end":{"line":51,"column":29}},"51":{"start":{"line":52,"column":0},"end":{"line":52,"column":71}},"53":{"start":{"line":54,"column":0},"end":{"line":54,"column":120}},"54":{"start":{"line":55,"column":0},"end":{"line":55,"column":78}},"56":{"start":{"line":57,"column":0},"end":{"line":57,"column":15}},"57":{"start":{"line":58,"column":0},"end":{"line":58,"column":21}},"58":{"start":{"line":59,"column":0},"end":{"line":59,"column":11}},"60":{"start":{"line":61,"column":0},"end":{"line":61,"column":2}},"62":{"start":{"line":63,"column":0},"end":{"line":63,"column":26}}},"s":{"0":1,"1":1,"2":1,"3":1,"4":1,"5":1,"6":1,"13":1,"14":3,"16":3,"18":3,"20":3,"22":3,"23":0,"24":0,"26":3,"27":0,"28":0,"29":0,"30":0,"31":0,"32":0,"33":0,"34":0,"35":0,"36":0,"37":0,"38":0,"39":0,"40":0,"41":0,"42":0,"43":0,"44":0,"46":3,"47":3,"48":3,"49":3,"50":3,"51":3,"53":3,"54":3,"56":3,"57":3,"58":3,"60":3,"62":1},"branchMap":{"0":{"type":"branch","line":14,"loc":{"start":{"line":14,"column":19},"end":{"line":61,"column":2}},"locations":[{"start":{"line":14,"column":19},"end":{"line":61,"column":2}}]}},"b":{"0":[3]},"fnMap":{"0":{"name":"SearchForm","decl":{"start":{"line":14,"column":19},"end":{"line":61,"column":2}},"loc":{"start":{"line":14,"column":19},"end":{"line":61,"column":2}},"line":14},"1":{"name":"handleChange","decl":{"start":{"line":23,"column":2},"end":{"line":25,"column":3}},"loc":{"start":{"line":23,"column":2},"end":{"line":25,"column":3}},"line":23},"2":{"name":"handleSubmit","decl":{"start":{"line":27,"column":2},"end":{"line":45,"column":3}},"loc":{"start":{"line":27,"column":2},"end":{"line":45,"column":3}},"line":27},"3":{"name":"onClick","decl":{"start":{"line":52,"column":15},"end":{"line":52,"column":71}},"loc":{"start":{"line":52,"column":15},"end":{"line":52,"column":71}},"line":52}},"f":{"0":3,"1":0,"2":0,"3":0}}
,"E:\\3-stage-rss-school\\react-2024-q3\\src\\components\\SelectFlag\\SelectFlag.tsx": {"path":"E:\\3-stage-rss-school\\react-2024-q3\\src\\components\\SelectFlag\\SelectFlag.tsx","all":false,"statementMap":{"0":{"start":{"line":1,"column":0},"end":{"line":1,"column":26}},"1":{"start":{"line":2,"column":0},"end":{"line":2,"column":53}},"2":{"start":{"line":3,"column":0},"end":{"line":3,"column":35}},"3":{"start":{"line":4,"column":0},"end":{"line":4,"column":60}},"9":{"start":{"line":10,"column":0},"end":{"line":10,"column":49}},"10":{"start":{"line":11,"column":0},"end":{"line":11,"column":51}},"11":{"start":{"line":12,"column":0},"end":{"line":12,"column":59}},"13":{"start":{"line":14,"column":0},"end":{"line":14,"column":71}},"14":{"start":{"line":15,"column":0},"end":{"line":15,"column":59}},"15":{"start":{"line":16,"column":0},"end":{"line":16,"column":51}},"17":{"start":{"line":18,"column":0},"end":{"line":18,"column":116}},"18":{"start":{"line":19,"column":0},"end":{"line":19,"column":2}},"20":{"start":{"line":21,"column":0},"end":{"line":21,"column":26}}},"s":{"0":1,"1":1,"2":1,"3":1,"9":1,"10":8,"11":8,"13":8,"14":8,"15":8,"17":8,"18":8,"20":1},"branchMap":{"0":{"type":"branch","line":10,"loc":{"start":{"line":10,"column":19},"end":{"line":19,"column":2}},"locations":[{"start":{"line":10,"column":19},"end":{"line":19,"column":2}}]},"1":{"type":"branch","line":12,"loc":{"start":{"line":12,"column":16},"end":{"line":12,"column":45}},"locations":[{"start":{"line":12,"column":16},"end":{"line":12,"column":45}}]},"2":{"type":"branch","line":18,"loc":{"start":{"line":18,"column":19},"end":{"line":18,"column":68}},"locations":[{"start":{"line":18,"column":19},"end":{"line":18,"column":68}}]},"3":{"type":"branch","line":18,"loc":{"start":{"line":18,"column":59},"end":{"line":18,"column":116}},"locations":[{"start":{"line":18,"column":59},"end":{"line":18,"column":116}}]},"4":{"type":"branch","line":14,"loc":{"start":{"line":14,"column":35},"end":{"line":14,"column":69}},"locations":[{"start":{"line":14,"column":35},"end":{"line":14,"column":69}}]},"5":{"type":"branch","line":15,"loc":{"start":{"line":15,"column":38},"end":{"line":15,"column":57}},"locations":[{"start":{"line":15,"column":38},"end":{"line":15,"column":57}}]}},"b":{"0":[8],"1":[0],"2":[2],"3":[6],"4":[17],"5":[7]},"fnMap":{"0":{"name":"SelectFlag","decl":{"start":{"line":10,"column":19},"end":{"line":19,"column":2}},"loc":{"start":{"line":10,"column":19},"end":{"line":19,"column":2}},"line":10}},"f":{"0":8}}
,"E:\\3-stage-rss-school\\react-2024-q3\\src\\components\\SwitchTheme\\SwitchTheme.tsx": {"path":"E:\\3-stage-rss-school\\react-2024-q3\\src\\components\\SwitchTheme\\SwitchTheme.tsx","all":false,"statementMap":{"0":{"start":{"line":1,"column":0},"end":{"line":1,"column":27}},"1":{"start":{"line":2,"column":0},"end":{"line":2,"column":35}},"2":{"start":{"line":3,"column":0},"end":{"line":3,"column":60}},"4":{"start":{"line":5,"column":0},"end":{"line":5,"column":27}},"5":{"start":{"line":6,"column":0},"end":{"line":6,"column":64}},"6":{"start":{"line":7,"column":0},"end":{"line":7,"column":10}},"7":{"start":{"line":8,"column":0},"end":{"line":8,"column":11}},"8":{"start":{"line":9,"column":0},"end":{"line":9,"column":23}},"9":{"start":{"line":10,"column":0},"end":{"line":10,"column":28}},"10":{"start":{"line":11,"column":0},"end":{"line":11,"column":27}},"11":{"start":{"line":12,"column":0},"end":{"line":12,"column":22}},"12":{"start":{"line":13,"column":0},"end":{"line":13,"column":26}},"13":{"start":{"line":14,"column":0},"end":{"line":14,"column":52}},"14":{"start":{"line":15,"column":0},"end":{"line":15,"column":16}},"15":{"start":{"line":16,"column":0},"end":{"line":16,"column":51}},"16":{"start":{"line":17,"column":0},"end":{"line":17,"column":9}},"17":{"start":{"line":18,"column":0},"end":{"line":18,"column":8}},"18":{"start":{"line":19,"column":0},"end":{"line":19,"column":92}},"19":{"start":{"line":20,"column":0},"end":{"line":20,"column":14}},"21":{"start":{"line":22,"column":0},"end":{"line":22,"column":2}},"23":{"start":{"line":24,"column":0},"end":{"line":24,"column":27}}},"s":{"0":1,"1":1,"2":1,"4":1,"5":2,"6":2,"7":2,"8":2,"9":0,"10":0,"11":0,"12":0,"13":0,"14":0,"15":0,"16":0,"17":0,"18":2,"19":2,"21":2,"23":1},"branchMap":{"0":{"type":"branch","line":5,"loc":{"start":{"line":5,"column":20},"end":{"line":22,"column":2}},"locations":[{"start":{"line":5,"column":20},"end":{"line":22,"column":2}}]},"1":{"type":"branch","line":19,"loc":{"start":{"line":19,"column":33},"end":{"line":19,"column":69}},"locations":[{"start":{"line":19,"column":33},"end":{"line":19,"column":69}}]}},"b":{"0":[2],"1":[0]},"fnMap":{"0":{"name":"SwitchTheme","decl":{"start":{"line":5,"column":20},"end":{"line":22,"column":2}},"loc":{"start":{"line":5,"column":20},"end":{"line":22,"column":2}},"line":5},"1":{"name":"onClick","decl":{"start":{"line":9,"column":15},"end":{"line":18,"column":8}},"loc":{"start":{"line":9,"column":15},"end":{"line":18,"column":8}},"line":9}},"f":{"0":2,"1":0}}
,"E:\\3-stage-rss-school\\react-2024-q3\\src\\components\\Title\\Title.tsx": {"path":"E:\\3-stage-rss-school\\react-2024-q3\\src\\components\\Title\\Title.tsx","all":false,"statementMap":{"0":{"start":{"line":1,"column":0},"end":{"line":1,"column":21}},"2":{"start":{"line":3,"column":0},"end":{"line":3,"column":45}},"3":{"start":{"line":4,"column":0},"end":{"line":4,"column":10}},"4":{"start":{"line":5,"column":0},"end":{"line":5,"column":54}},"5":{"start":{"line":6,"column":0},"end":{"line":6,"column":34}},"6":{"start":{"line":7,"column":0},"end":{"line":7,"column":57}},"7":{"start":{"line":8,"column":0},"end":{"line":8,"column":10}},"9":{"start":{"line":10,"column":0},"end":{"line":10,"column":2}},"11":{"start":{"line":12,"column":0},"end":{"line":12,"column":21}}},"s":{"0":1,"2":1,"3":3,"4":3,"5":3,"6":3,"7":3,"9":3,"11":1},"branchMap":{"0":{"type":"branch","line":3,"loc":{"start":{"line":3,"column":14},"end":{"line":10,"column":2}},"locations":[{"start":{"line":3,"column":14},"end":{"line":10,"column":2}}]}},"b":{"0":[3]},"fnMap":{"0":{"name":"Title","decl":{"start":{"line":3,"column":14},"end":{"line":10,"column":2}},"loc":{"start":{"line":3,"column":14},"end":{"line":10,"column":2}},"line":3}},"f":{"0":3}}
,"E:\\3-stage-rss-school\\react-2024-q3\\src\\components\\spinner\\spinner.tsx": {"path":"E:\\3-stage-rss-school\\react-2024-q3\\src\\components\\spinner\\spinner.tsx","all":false,"statementMap":{"0":{"start":{"line":1,"column":0},"end":{"line":1,"column":44}},"2":{"start":{"line":3,"column":0},"end":{"line":3,"column":23}},"3":{"start":{"line":4,"column":0},"end":{"line":4,"column":10}},"4":{"start":{"line":5,"column":0},"end":{"line":5,"column":9}},"5":{"start":{"line":6,"column":0},"end":{"line":6,"column":17}},"6":{"start":{"line":7,"column":0},"end":{"line":7,"column":16}},"7":{"start":{"line":8,"column":0},"end":{"line":8,"column":23}},"8":{"start":{"line":9,"column":0},"end":{"line":9,"column":30}},"9":{"start":{"line":10,"column":0},"end":{"line":10,"column":21}},"10":{"start":{"line":11,"column":0},"end":{"line":11,"column":33}},"11":{"start":{"line":12,"column":0},"end":{"line":12,"column":8}},"12":{"start":{"line":13,"column":0},"end":{"line":13,"column":36}},"13":{"start":{"line":14,"column":0},"end":{"line":14,"column":6}},"15":{"start":{"line":16,"column":0},"end":{"line":16,"column":2}},"17":{"start":{"line":18,"column":0},"end":{"line":18,"column":23}}},"s":{"0":1,"2":1,"3":1,"4":1,"5":1,"6":1,"7":1,"8":1,"9":1,"10":1,"11":1,"12":1,"13":1,"15":1,"17":1},"branchMap":{"0":{"type":"branch","line":3,"loc":{"start":{"line":3,"column":16},"end":{"line":16,"column":2}},"locations":[{"start":{"line":3,"column":16},"end":{"line":16,"column":2}}]}},"b":{"0":[1]},"fnMap":{"0":{"name":"Spinner","decl":{"start":{"line":3,"column":16},"end":{"line":16,"column":2}},"loc":{"start":{"line":3,"column":16},"end":{"line":16,"column":2}},"line":3}},"f":{"0":1}}
,"E:\\3-stage-rss-school\\react-2024-q3\\src\\context\\ThemeContext.tsx": {"path":"E:\\3-stage-rss-school\\react-2024-q3\\src\\context\\ThemeContext.tsx","all":false,"statementMap":{"0":{"start":{"line":1,"column":0},"end":{"line":1,"column":59}},"2":{"start":{"line":3,"column":0},"end":{"line":3,"column":94}},"3":{"start":{"line":4,"column":0},"end":{"line":4,"column":21}},"4":{"start":{"line":5,"column":0},"end":{"line":5,"column":24}},"5":{"start":{"line":6,"column":0},"end":{"line":6,"column":3}},"11":{"start":{"line":12,"column":0},"end":{"line":12,"column":62}},"12":{"start":{"line":13,"column":0},"end":{"line":13,"column":56}},"14":{"start":{"line":15,"column":0},"end":{"line":15,"column":70}},"16":{"start":{"line":17,"column":0},"end":{"line":17,"column":104}},"17":{"start":{"line":18,"column":0},"end":{"line":18,"column":2}},"19":{"start":{"line":20,"column":0},"end":{"line":20,"column":29}}},"s":{"0":1,"2":1,"3":1,"4":1,"5":1,"11":1,"12":0,"14":0,"16":0,"17":0,"19":1},"branchMap":{},"b":{},"fnMap":{"0":{"name":"toggleTheme","decl":{"start":{"line":5,"column":15},"end":{"line":5,"column":24}},"loc":{"start":{"line":5,"column":15},"end":{"line":5,"column":24}},"line":5},"1":{"name":"ThemeProvider","decl":{"start":{"line":12,"column":22},"end":{"line":18,"column":2}},"loc":{"start":{"line":12,"column":22},"end":{"line":18,"column":2}},"line":12}},"f":{"0":0,"1":0}}
,"E:\\3-stage-rss-school\\react-2024-q3\\src\\data\\images.ts": {"path":"E:\\3-stage-rss-school\\react-2024-q3\\src\\data\\images.ts","all":false,"statementMap":{"0":{"start":{"line":1,"column":0},"end":{"line":1,"column":66}},"1":{"start":{"line":2,"column":0},"end":{"line":2,"column":57}},"2":{"start":{"line":3,"column":0},"end":{"line":3,"column":49}},"3":{"start":{"line":4,"column":0},"end":{"line":4,"column":61}},"4":{"start":{"line":5,"column":0},"end":{"line":5,"column":61}},"5":{"start":{"line":6,"column":0},"end":{"line":6,"column":57}},"6":{"start":{"line":7,"column":0},"end":{"line":7,"column":72}},"7":{"start":{"line":8,"column":0},"end":{"line":8,"column":48}},"8":{"start":{"line":9,"column":0},"end":{"line":9,"column":81}},"9":{"start":{"line":10,"column":0},"end":{"line":10,"column":63}},"10":{"start":{"line":11,"column":0},"end":{"line":11,"column":57}},"11":{"start":{"line":12,"column":0},"end":{"line":12,"column":57}},"12":{"start":{"line":13,"column":0},"end":{"line":13,"column":62}},"13":{"start":{"line":14,"column":0},"end":{"line":14,"column":76}},"14":{"start":{"line":15,"column":0},"end":{"line":15,"column":52}},"15":{"start":{"line":16,"column":0},"end":{"line":16,"column":67}},"16":{"start":{"line":17,"column":0},"end":{"line":17,"column":59}},"17":{"start":{"line":18,"column":0},"end":{"line":18,"column":68}},"18":{"start":{"line":19,"column":0},"end":{"line":19,"column":68}},"19":{"start":{"line":20,"column":0},"end":{"line":20,"column":53}},"20":{"start":{"line":21,"column":0},"end":{"line":21,"column":54}},"21":{"start":{"line":22,"column":0},"end":{"line":22,"column":66}},"22":{"start":{"line":23,"column":0},"end":{"line":23,"column":76}},"23":{"start":{"line":24,"column":0},"end":{"line":24,"column":63}},"24":{"start":{"line":25,"column":0},"end":{"line":25,"column":55}},"25":{"start":{"line":26,"column":0},"end":{"line":26,"column":64}},"26":{"start":{"line":27,"column":0},"end":{"line":27,"column":59}},"27":{"start":{"line":28,"column":0},"end":{"line":28,"column":61}},"28":{"start":{"line":29,"column":0},"end":{"line":29,"column":72}},"29":{"start":{"line":30,"column":0},"end":{"line":30,"column":69}},"30":{"start":{"line":31,"column":0},"end":{"line":31,"column":64}},"31":{"start":{"line":32,"column":0},"end":{"line":32,"column":51}},"32":{"start":{"line":33,"column":0},"end":{"line":33,"column":72}},"33":{"start":{"line":34,"column":0},"end":{"line":34,"column":62}},"34":{"start":{"line":35,"column":0},"end":{"line":35,"column":64}},"35":{"start":{"line":36,"column":0},"end":{"line":36,"column":72}},"36":{"start":{"line":37,"column":0},"end":{"line":37,"column":74}},"37":{"start":{"line":38,"column":0},"end":{"line":38,"column":74}},"38":{"start":{"line":39,"column":0},"end":{"line":39,"column":67}},"39":{"start":{"line":40,"column":0},"end":{"line":40,"column":66}},"40":{"start":{"line":41,"column":0},"end":{"line":41,"column":70}},"41":{"start":{"line":42,"column":0},"end":{"line":42,"column":68}},"42":{"start":{"line":43,"column":0},"end":{"line":43,"column":68}},"43":{"start":{"line":44,"column":0},"end":{"line":44,"column":68}},"44":{"start":{"line":45,"column":0},"end":{"line":45,"column":69}},"45":{"start":{"line":46,"column":0},"end":{"line":46,"column":69}},"46":{"start":{"line":47,"column":0},"end":{"line":47,"column":59}},"47":{"start":{"line":48,"column":0},"end":{"line":48,"column":62}},"48":{"start":{"line":49,"column":0},"end":{"line":49,"column":66}},"49":{"start":{"line":50,"column":0},"end":{"line":50,"column":53}},"50":{"start":{"line":51,"column":0},"end":{"line":51,"column":64}},"51":{"start":{"line":52,"column":0},"end":{"line":52,"column":79}},"52":{"start":{"line":53,"column":0},"end":{"line":53,"column":68}},"53":{"start":{"line":54,"column":0},"end":{"line":54,"column":58}},"54":{"start":{"line":55,"column":0},"end":{"line":55,"column":64}},"55":{"start":{"line":56,"column":0},"end":{"line":56,"column":68}},"56":{"start":{"line":57,"column":0},"end":{"line":57,"column":72}},"57":{"start":{"line":58,"column":0},"end":{"line":58,"column":65}},"58":{"start":{"line":59,"column":0},"end":{"line":59,"column":64}},"59":{"start":{"line":60,"column":0},"end":{"line":60,"column":63}},"60":{"start":{"line":61,"column":0},"end":{"line":61,"column":52}},"61":{"start":{"line":62,"column":0},"end":{"line":62,"column":64}},"62":{"start":{"line":63,"column":0},"end":{"line":63,"column":66}},"63":{"start":{"line":64,"column":0},"end":{"line":64,"column":65}},"64":{"start":{"line":65,"column":0},"end":{"line":65,"column":77}},"65":{"start":{"line":66,"column":0},"end":{"line":66,"column":59}},"66":{"start":{"line":67,"column":0},"end":{"line":67,"column":50}},"67":{"start":{"line":68,"column":0},"end":{"line":68,"column":59}},"68":{"start":{"line":69,"column":0},"end":{"line":69,"column":61}},"69":{"start":{"line":70,"column":0},"end":{"line":70,"column":50}},"70":{"start":{"line":71,"column":0},"end":{"line":71,"column":66}},"71":{"start":{"line":72,"column":0},"end":{"line":72,"column":50}},"72":{"start":{"line":73,"column":0},"end":{"line":73,"column":66}},"73":{"start":{"line":74,"column":0},"end":{"line":74,"column":69}},"74":{"start":{"line":75,"column":0},"end":{"line":75,"column":65}},"75":{"start":{"line":76,"column":0},"end":{"line":76,"column":75}},"76":{"start":{"line":77,"column":0},"end":{"line":77,"column":71}},"77":{"start":{"line":78,"column":0},"end":{"line":78,"column":63}},"78":{"start":{"line":79,"column":0},"end":{"line":79,"column":76}},"79":{"start":{"line":80,"column":0},"end":{"line":80,"column":71}},"80":{"start":{"line":81,"column":0},"end":{"line":81,"column":52}},"81":{"start":{"line":82,"column":0},"end":{"line":82,"column":67}},"83":{"start":{"line":84,"column":0},"end":{"line":84,"column":25}},"84":{"start":{"line":85,"column":0},"end":{"line":85,"column":47}},"85":{"start":{"line":86,"column":0},"end":{"line":86,"column":29}},"86":{"start":{"line":87,"column":0},"end":{"line":87,"column":29}},"87":{"start":{"line":88,"column":0},"end":{"line":88,"column":41}},"88":{"start":{"line":89,"column":0},"end":{"line":89,"column":41}},"89":{"start":{"line":90,"column":0},"end":{"line":90,"column":37}},"90":{"start":{"line":91,"column":0},"end":{"line":91,"column":54}},"91":{"start":{"line":92,"column":0},"end":{"line":92,"column":29}},"92":{"start":{"line":93,"column":0},"end":{"line":93,"column":53}},"93":{"start":{"line":94,"column":0},"end":{"line":94,"column":46}},"94":{"start":{"line":95,"column":0},"end":{"line":95,"column":39}},"95":{"start":{"line":96,"column":0},"end":{"line":96,"column":28}},"96":{"start":{"line":97,"column":0},"end":{"line":97,"column":41}},"97":{"start":{"line":98,"column":0},"end":{"line":98,"column":47}},"98":{"start":{"line":99,"column":0},"end":{"line":99,"column":47}},"99":{"start":{"line":100,"column":0},"end":{"line":100,"column":47}},"100":{"start":{"line":101,"column":0},"end":{"line":101,"column":30}},"101":{"start":{"line":102,"column":0},"end":{"line":102,"column":39}},"102":{"start":{"line":103,"column":0},"end":{"line":103,"column":39}},"103":{"start":{"line":104,"column":0},"end":{"line":104,"column":33}},"104":{"start":{"line":105,"column":0},"end":{"line":105,"column":34}},"105":{"start":{"line":106,"column":0},"end":{"line":106,"column":37}},"106":{"start":{"line":107,"column":0},"end":{"line":107,"column":47}},"107":{"start":{"line":108,"column":0},"end":{"line":108,"column":34}},"108":{"start":{"line":109,"column":0},"end":{"line":109,"column":35}},"109":{"start":{"line":110,"column":0},"end":{"line":110,"column":35}},"110":{"start":{"line":111,"column":0},"end":{"line":111,"column":39}},"111":{"start":{"line":112,"column":0},"end":{"line":112,"column":41}},"112":{"start":{"line":113,"column":0},"end":{"line":113,"column":43}},"113":{"start":{"line":114,"column":0},"end":{"line":114,"column":49}},"114":{"start":{"line":115,"column":0},"end":{"line":115,"column":35}},"115":{"start":{"line":116,"column":0},"end":{"line":116,"column":31}},"116":{"start":{"line":117,"column":0},"end":{"line":117,"column":43}},"117":{"start":{"line":118,"column":0},"end":{"line":118,"column":42}},"118":{"start":{"line":119,"column":0},"end":{"line":119,"column":35}},"119":{"start":{"line":120,"column":0},"end":{"line":120,"column":52}},"120":{"start":{"line":121,"column":0},"end":{"line":121,"column":45}},"121":{"start":{"line":122,"column":0},"end":{"line":122,"column":45}},"122":{"start":{"line":123,"column":0},"end":{"line":123,"column":38}},"123":{"start":{"line":124,"column":0},"end":{"line":124,"column":37}},"124":{"start":{"line":125,"column":0},"end":{"line":125,"column":41}},"125":{"start":{"line":126,"column":0},"end":{"line":126,"column":39}},"126":{"start":{"line":127,"column":0},"end":{"line":127,"column":39}},"127":{"start":{"line":128,"column":0},"end":{"line":128,"column":39}},"128":{"start":{"line":129,"column":0},"end":{"line":129,"column":49}},"129":{"start":{"line":130,"column":0},"end":{"line":130,"column":51}},"130":{"start":{"line":131,"column":0},"end":{"line":131,"column":30}},"131":{"start":{"line":132,"column":0},"end":{"line":132,"column":42}},"132":{"start":{"line":133,"column":0},"end":{"line":133,"column":37}},"133":{"start":{"line":134,"column":0},"end":{"line":134,"column":33}},"134":{"start":{"line":135,"column":0},"end":{"line":135,"column":44}},"135":{"start":{"line":136,"column":0},"end":{"line":136,"column":50}},"136":{"start":{"line":137,"column":0},"end":{"line":137,"column":39}},"137":{"start":{"line":138,"column":0},"end":{"line":138,"column":29}},"138":{"start":{"line":139,"column":0},"end":{"line":139,"column":60}},"139":{"start":{"line":140,"column":0},"end":{"line":140,"column":39}},"140":{"start":{"line":141,"column":0},"end":{"line":141,"column":43}},"141":{"start":{"line":142,"column":0},"end":{"line":142,"column":36}},"142":{"start":{"line":143,"column":0},"end":{"line":143,"column":35}},"143":{"start":{"line":144,"column":0},"end":{"line":144,"column":34}},"144":{"start":{"line":145,"column":0},"end":{"line":145,"column":32}},"145":{"start":{"line":146,"column":0},"end":{"line":146,"column":35}},"146":{"start":{"line":147,"column":0},"end":{"line":147,"column":37}},"147":{"start":{"line":148,"column":0},"end":{"line":148,"column":45}},"148":{"start":{"line":149,"column":0},"end":{"line":149,"column":49}},"149":{"start":{"line":150,"column":0},"end":{"line":150,"column":30}},"150":{"start":{"line":151,"column":0},"end":{"line":151,"column":30}},"151":{"start":{"line":152,"column":0},"end":{"line":152,"column":39}},"152":{"start":{"line":153,"column":0},"end":{"line":153,"column":41}},"153":{"start":{"line":154,"column":0},"end":{"line":154,"column":30}},"154":{"start":{"line":155,"column":0},"end":{"line":155,"column":38}},"155":{"start":{"line":156,"column":0},"end":{"line":156,"column":30}},"156":{"start":{"line":157,"column":0},"end":{"line":157,"column":37}},"157":{"start":{"line":158,"column":0},"end":{"line":158,"column":41}},"158":{"start":{"line":159,"column":0},"end":{"line":159,"column":45}},"159":{"start":{"line":160,"column":0},"end":{"line":160,"column":47}},"160":{"start":{"line":161,"column":0},"end":{"line":161,"column":54}},"161":{"start":{"line":162,"column":0},"end":{"line":162,"column":51}},"162":{"start":{"line":163,"column":0},"end":{"line":163,"column":43}},"163":{"start":{"line":164,"column":0},"end":{"line":164,"column":56}},"164":{"start":{"line":165,"column":0},"end":{"line":165,"column":42}},"165":{"start":{"line":166,"column":0},"end":{"line":166,"column":32}},"166":{"start":{"line":167,"column":0},"end":{"line":167,"column":39}},"167":{"start":{"line":168,"column":0},"end":{"line":168,"column":2}},"169":{"start":{"line":170,"column":0},"end":{"line":170,"column":31}}},"s":{"0":1,"1":1,"2":1,"3":1,"4":1,"5":1,"6":1,"7":1,"8":1,"9":1,"10":1,"11":1,"12":1,"13":1,"14":1,"15":1,"16":1,"17":1,"18":1,"19":1,"20":1,"21":1,"22":1,"23":1,"24":1,"25":1,"26":1,"27":1,"28":1,"29":1,"30":1,"31":1,"32":1,"33":1,"34":1,"35":1,"36":1,"37":1,"38":1,"39":1,"40":1,"41":1,"42":1,"43":1,"44":1,"45":1,"46":1,"47":1,"48":1,"49":1,"50":1,"51":1,"52":1,"53":1,"54":1,"55":1,"56":1,"57":1,"58":1,"59":1,"60":1,"61":1,"62":1,"63":1,"64":1,"65":1,"66":1,"67":1,"68":1,"69":1,"70":1,"71":1,"72":1,"73":1,"74":1,"75":1,"76":1,"77":1,"78":1,"79":1,"80":1,"81":1,"83":1,"84":1,"85":1,"86":1,"87":1,"88":1,"89":1,"90":1,"91":1,"92":1,"93":1,"94":1,"95":1,"96":1,"97":1,"98":1,"99":1,"100":1,"101":1,"102":1,"103":1,"104":1,"105":1,"106":1,"107":1,"108":1,"109":1,"110":1,"111":1,"112":1,"113":1,"114":1,"115":1,"116":1,"117":1,"118":1,"119":1,"120":1,"121":1,"122":1,"123":1,"124":1,"125":1,"126":1,"127":1,"128":1,"129":1,"130":1,"131":1,"132":1,"133":1,"134":1,"135":1,"136":1,"137":1,"138":1,"139":1,"140":1,"141":1,"142":1,"143":1,"144":1,"145":1,"146":1,"147":1,"148":1,"149":1,"150":1,"151":1,"152":1,"153":1,"154":1,"155":1,"156":1,"157":1,"158":1,"159":1,"160":1,"161":1,"162":1,"163":1,"164":1,"165":1,"166":1,"167":1,"169":1},"branchMap":{},"b":{},"fnMap":{},"f":{}}
,"E:\\3-stage-rss-school\\react-2024-q3\\src\\hooks\\redux.ts": {"path":"E:\\3-stage-rss-school\\react-2024-q3\\src\\hooks\\redux.ts","all":false,"statementMap":{"0":{"start":{"line":1,"column":0},"end":{"line":1,"column":55}},"3":{"start":{"line":4,"column":0},"end":{"line":4,"column":67}},"4":{"start":{"line":5,"column":0},"end":{"line":5,"column":65}}},"s":{"0":1,"3":1,"4":1},"branchMap":{},"b":{},"fnMap":{},"f":{}}
[...]
,"E:\\3-stage-rss-school\\react-2024-q3\\src\\tests\\mockStore.ts": {"path":"E:\\3-stage-rss-school\\react-2024-q3\\src\\tests\\mockStore.ts","all":false,"statementMap":{"0":{"start":{"line":1,"column":0},"end":{"line":1,"column":46}},"1":{"start":{"line":2,"column":0},"end":{"line":2,"column":26}},"2":{"start":{"line":3,"column":0},"end":{"line":3,"column":25}},"3":{"start":{"line":4,"column":0},"end":{"line":4,"column":16}},"4":{"start":{"line":5,"column":0},"end":{"line":5,"column":13}},"5":{"start":{"line":6,"column":0},"end":{"line":6,"column":22}},"6":{"start":{"line":7,"column":0},"end":{"line":7,"column":21}},"7":{"start":{"line":8,"column":0},"end":{"line":8,"column":20}},"8":{"start":{"line":9,"column":0},"end":{"line":9,"column":22}},"9":{"start":{"line":10,"column":0},"end":{"line":10,"column":17}},"10":{"start":{"line":11,"column":0},"end":{"line":11,"column":48}},"11":{"start":{"line":12,"column":0},"end":{"line":12,"column":10}},"12":{"start":{"line":13,"column":0},"end":{"line":13,"column":37}},"13":{"start":{"line":14,"column":0},"end":{"line":14,"column":37}},"14":{"start":{"line":15,"column":0},"end":{"line":15,"column":37}},"15":{"start":{"line":16,"column":0},"end":{"line":16,"column":37}},"16":{"start":{"line":17,"column":0},"end":{"line":17,"column":4}},"17":{"start":{"line":18,"column":0},"end":{"line":18,"column":14}},"18":{"start":{"line":19,"column":0},"end":{"line":19,"column":89}},"19":{"start":{"line":20,"column":0},"end":{"line":20,"column":92}},"20":{"start":{"line":21,"column":0},"end":{"line":21,"column":41}},"21":{"start":{"line":22,"column":0},"end":{"line":22,"column":40}},"22":{"start":{"line":23,"column":0},"end":{"line":23,"column":41}},"23":{"start":{"line":24,"column":0},"end":{"line":24,"column":2}},"25":{"start":{"line":26,"column":0},"end":{"line":26,"column":21}},"26":{"start":{"line":27,"column":0},"end":{"line":27,"column":11}},"27":{"start":{"line":28,"column":0},"end":{"line":28,"column":13}},"28":{"start":{"line":29,"column":0},"end":{"line":29,"column":17}},"29":{"start":{"line":30,"column":0},"end":{"line":30,"column":23}},"30":{"start":{"line":31,"column":0},"end":{"line":31,"column":2}},"31":{"start":{"line":32,"column":0},"end":{"line":32,"column":29}},"32":{"start":{"line":33,"column":0},"end":{"line":33,"column":53}},"33":{"start":{"line":34,"column":0},"end":{"line":34,"column":43}},"34":{"start":{"line":35,"column":0},"end":{"line":35,"column":38}},"35":{"start":{"line":36,"column":0},"end":{"line":36,"column":2}},"36":{"start":{"line":37,"column":0},"end":{"line":37,"column":42}},"37":{"start":{"line":38,"column":0},"end":{"line":38,"column":38}},"39":{"start":{"line":40,"column":0},"end":{"line":40,"column":21}}},"s":{"0":1,"1":1,"2":1,"3":1,"4":1,"5":1,"6":1,"7":1,"8":1,"9":1,"10":1,"11":1,"12":1,"13":1,"14":1,"15":1,"16":1,"17":1,"18":1,"19":1,"20":1,"21":1,"22":1,"23":1,"25":1,"26":1,"27":1,"28":1,"29":1,"30":1,"31":1,"32":1,"33":1,"34":1,"35":1,"36":1,"37":1,"39":1},"branchMap":{},"b":{},"fnMap":{},"f":{}}
,"E:\\3-stage-rss-school\\react-2024-q3\\src\\utils\\constants.ts": {"path":"E:\\3-stage-rss-school\\react-2024-q3\\src\\utils\\constants.ts","all":false,"statementMap":{"2":{"start":{"line":3,"column":0},"end":{"line":3,"column":50}},"3":{"start":{"line":4,"column":0},"end":{"line":4,"column":3}},"4":{"start":{"line":5,"column":0},"end":{"line":5,"column":19}},"5":{"start":{"line":6,"column":0},"end":{"line":6,"column":18}},"6":{"start":{"line":7,"column":0},"end":{"line":7,"column":16}},"7":{"start":{"line":8,"column":0},"end":{"line":8,"column":15}},"8":{"start":{"line":9,"column":0},"end":{"line":9,"column":19}},"9":{"start":{"line":10,"column":0},"end":{"line":10,"column":15}},"10":{"start":{"line":11,"column":0},"end":{"line":11,"column":18}},"11":{"start":{"line":12,"column":0},"end":{"line":12,"column":13}},"12":{"start":{"line":13,"column":0},"end":{"line":13,"column":13}},"13":{"start":{"line":14,"column":0},"end":{"line":14,"column":19}},"14":{"start":{"line":15,"column":0},"end":{"line":15,"column":16}},"15":{"start":{"line":16,"column":0},"end":{"line":16,"column":15}},"16":{"start":{"line":17,"column":0},"end":{"line":17,"column":18}},"17":{"start":{"line":18,"column":0},"end":{"line":18,"column":20}},"18":{"start":{"line":19,"column":0},"end":{"line":19,"column":12}},"19":{"start":{"line":20,"column":0},"end":{"line":20,"column":19}},"20":{"start":{"line":21,"column":0},"end":{"line":21,"column":4}},"21":{"start":{"line":22,"column":0},"end":{"line":22,"column":2}},"23":{"start":{"line":24,"column":0},"end":{"line":24,"column":40}},"24":{"start":{"line":25,"column":0},"end":{"line":25,"column":17}},"25":{"start":{"line":26,"column":0},"end":{"line":26,"column":16}},"26":{"start":{"line":27,"column":0},"end":{"line":27,"column":14}},"27":{"start":{"line":28,"column":0},"end":{"line":28,"column":13}},"28":{"start":{"line":29,"column":0},"end":{"line":29,"column":17}},"29":{"start":{"line":30,"column":0},"end":{"line":30,"column":13}},"30":{"start":{"line":31,"column":0},"end":{"line":31,"column":16}},"31":{"start":{"line":32,"column":0},"end":{"line":32,"column":11}},"32":{"start":{"line":33,"column":0},"end":{"line":33,"column":11}},"33":{"start":{"line":34,"column":0},"end":{"line":34,"column":17}},"34":{"start":{"line":35,"column":0},"end":{"line":35,"column":14}},"35":{"start":{"line":36,"column":0},"end":{"line":36,"column":13}},"36":{"start":{"line":37,"column":0},"end":{"line":37,"column":16}},"37":{"start":{"line":38,"column":0},"end":{"line":38,"column":18}},"38":{"start":{"line":39,"column":0},"end":{"line":39,"column":10}},"39":{"start":{"line":40,"column":0},"end":{"line":40,"column":17}},"40":{"start":{"line":41,"column":0},"end":{"line":41,"column":2}},"42":{"start":{"line":43,"column":0},"end":{"line":43,"column":37}},"43":{"start":{"line":44,"column":0},"end":{"line":44,"column":12}},"44":{"start":{"line":45,"column":0},"end":{"line":45,"column":13}},"45":{"start":{"line":46,"column":0},"end":{"line":46,"column":17}},"46":{"start":{"line":47,"column":0},"end":{"line":47,"column":14}},"47":{"start":{"line":48,"column":0},"end":{"line":48,"column":2}},"49":{"start":{"line":50,"column":0},"end":{"line":50,"column":39}}},"s":{"2":1,"3":1,"4":1,"5":1,"6":1,"7":1,"8":1,"9":1,"10":1,"11":1,"12":1,"13":1,"14":1,"15":1,"16":1,"17":1,"18":1,"19":1,"20":1,"21":1,"23":1,"24":1,"25":1,"26":1,"27":1,"28":1,"29":1,"30":1,"31":1,"32":1,"33":1,"34":1,"35":1,"36":1,"37":1,"38":1,"39":1,"40":1,"42":1,"43":1,"44":1,"45":1,"46":1,"47":1,"49":1},"branchMap":{},"b":{},"fnMap":{},"f":{}}
,"E:\\3-stage-rss-school\\react-2024-q3\\src\\views\\ErrorPage\\ErrorPage.tsx": {"path":"E:\\3-stage-rss-school\\react-2024-q3\\src\\views\\ErrorPage\\ErrorPage.tsx","all":false,"statementMap":{"0":{"start":{"line":1,"column":0},"end":{"line":1,"column":40}},"1":{"start":{"line":2,"column":0},"end":{"line":2,"column":25}},"2":{"start":{"line":3,"column":0},"end":{"line":3,"column":46}},"3":{"start":{"line":4,"column":0},"end":{"line":4,"column":60}},"5":{"start":{"line":6,"column":0},"end":{"line":6,"column":25}},"6":{"start":{"line":7,"column":0},"end":{"line":7,"column":64}},"7":{"start":{"line":8,"column":0},"end":{"line":8,"column":59}},"9":{"start":{"line":10,"column":0},"end":{"line":10,"column":23}},"10":{"start":{"line":11,"column":0},"end":{"line":11,"column":52}},"11":{"start":{"line":12,"column":0},"end":{"line":12,"column":53}},"12":{"start":{"line":13,"column":0},"end":{"line":13,"column":27}},"13":{"start":{"line":14,"column":0},"end":{"line":14,"column":31}},"14":{"start":{"line":15,"column":0},"end":{"line":15,"column":24}},"15":{"start":{"line":16,"column":0},"end":{"line":16,"column":9}},"16":{"start":{"line":17,"column":0},"end":{"line":17,"column":7}},"17":{"start":{"line":18,"column":0},"end":{"line":18,"column":5}},"18":{"start":{"line":19,"column":0},"end":{"line":19,"column":3}},"20":{"start":{"line":21,"column":0},"end":{"line":21,"column":19}},"21":{"start":{"line":22,"column":0},"end":{"line":22,"column":15}},"22":{"start":{"line":23,"column":0},"end":{"line":23,"column":9}},"24":{"start":{"line":25,"column":0},"end":{"line":25,"column":10}},"25":{"start":{"line":26,"column":0},"end":{"line":26,"column":68}},"26":{"start":{"line":27,"column":0},"end":{"line":27,"column":20}},"27":{"start":{"line":28,"column":0},"end":{"line":28,"column":53}},"28":{"start":{"line":29,"column":0},"end":{"line":29,"column":106}},"30":{"start":{"line":31,"column":0},"end":{"line":31,"column":13}},"31":{"start":{"line":32,"column":0},"end":{"line":32,"column":10}},"33":{"start":{"line":34,"column":0},"end":{"line":34,"column":2}},"35":{"start":{"line":36,"column":0},"end":{"line":36,"column":25}}},"s":{"0":1,"1":1,"2":1,"3":1,"5":1,"6":2,"7":2,"9":2,"10":2,"11":0,"12":0,"13":0,"14":0,"15":0,"16":0,"17":0,"18":2,"20":2,"21":2,"22":2,"24":2,"25":2,"26":2,"27":2,"28":2,"30":2,"31":2,"33":2,"35":1},"branchMap":{"0":{"type":"branch","line":6,"loc":{"start":{"line":6,"column":18},"end":{"line":34,"column":2}},"locations":[{"start":{"line":6,"column":18},"end":{"line":34,"column":2}}]},"1":{"type":"branch","line":8,"loc":{"start":{"line":8,"column":16},"end":{"line":8,"column":45}},"locations":[{"start":{"line":8,"column":16},"end":{"line":8,"column":45}}]},"2":{"type":"branch","line":10,"loc":{"start":{"line":10,"column":2},"end":{"line":19,"column":3}},"locations":[{"start":{"line":10,"column":2},"end":{"line":19,"column":3}}]},"3":{"type":"branch","line":11,"loc":{"start":{"line":11,"column":51},"end":{"line":18,"column":5}},"locations":[{"start":{"line":11,"column":51},"end":{"line":18,"column":5}}]},"4":{"type":"branch","line":21,"loc":{"start":{"line":21,"column":12},"end":{"line":23,"column":5}},"locations":[{"start":{"line":21,"column":12},"end":{"line":23,"column":5}}]}},"b":{"0":[2],"1":[0],"2":[2],"3":[0],"4":[2]},"fnMap":{"0":{"name":"ErrorPage","decl":{"start":{"line":6,"column":18},"end":{"line":34,"column":2}},"loc":{"start":{"line":6,"column":18},"end":{"line":34,"column":2}},"line":6},"1":{"name":"getTheme","decl":{"start":{"line":10,"column":2},"end":{"line":19,"column":3}},"loc":{"start":{"line":10,"column":2},"end":{"line":19,"column":3}},"line":10}},"f":{"0":2,"1":2}}
,"E:\\3-stage-rss-school\\react-2024-q3\\src\\views\\SearchPage\\SearchPage.tsx": {"path":"E:\\3-stage-rss-school\\react-2024-q3\\src\\views\\SearchPage\\SearchPage.tsx","all":false,"statementMap":{"0":{"start":{"line":1,"column":0},"end":{"line":1,"column":26}},"1":{"start":{"line":2,"column":0},"end":{"line":2,"column":66}},"2":{"start":{"line":3,"column":0},"end":{"line":3,"column":53}},"3":{"start":{"line":4,"column":0},"end":{"line":4,"column":55}},"4":{"start":{"line":5,"column":0},"end":{"line":5,"column":51}},"5":{"start":{"line":6,"column":0},"end":{"line":6,"column":66}},"6":{"start":{"line":7,"column":0},"end":{"line":7,"column":50}},"7":{"start":{"line":8,"column":0},"end":{"line":8,"column":53}},"8":{"start":{"line":9,"column":0},"end":{"line":9,"column":72}},"9":{"start":{"line":10,"column":0},"end":{"line":10,"column":75}},"10":{"start":{"line":11,"column":0},"end":{"line":11,"column":60}},"11":{"start":{"line":12,"column":0},"end":{"line":12,"column":78}},"12":{"start":{"line":13,"column":0},"end":{"line":13,"column":75}},"13":{"start":{"line":14,"column":0},"end":{"line":14,"column":69}},"14":{"start":{"line":15,"column":0},"end":{"line":15,"column":60}},"15":{"start":{"line":16,"column":0},"end":{"line":16,"column":60}},"17":{"start":{"line":18,"column":0},"end":{"line":18,"column":30}},"18":{"start":{"line":19,"column":0},"end":{"line":19,"column":64}},"20":{"start":{"line":21,"column":0},"end":{"line":21,"column":36}},"22":{"start":{"line":23,"column":0},"end":{"line":23,"column":53}},"24":{"start":{"line":25,"column":0},"end":{"line":25,"column":53}},"25":{"start":{"line":26,"column":0},"end":{"line":26,"column":61}},"26":{"start":{"line":27,"column":0},"end":{"line":27,"column":40}},"27":{"start":{"line":28,"column":0},"end":{"line":28,"column":4}},"29":{"start":{"line":30,"column":0},"end":{"line":30,"column":27}},"30":{"start":{"line":31,"column":0},"end":{"line":31,"column":30}},"31":{"start":{"line":32,"column":0},"end":{"line":32,"column":4}},"33":{"start":{"line":34,"column":0},"end":{"line":34,"column":71}},"34":{"start":{"line":35,"column":0},"end":{"line":35,"column":68}},"35":{"start":{"line":36,"column":0},"end":{"line":36,"column":75}},"36":{"start":{"line":37,"column":0},"end":{"line":37,"column":73}},"38":{"start":{"line":39,"column":0},"end":{"line":39,"column":19}},"39":{"start":{"line":40,"column":0},"end":{"line":40,"column":57}},"40":{"start":{"line":41,"column":0},"end":{"line":41,"column":62}},"41":{"start":{"line":42,"column":0},"end":{"line":42,"column":31}},"42":{"start":{"line":43,"column":0},"end":{"line":43,"column":36}},"43":{"start":{"line":44,"column":0},"end":{"line":44,"column":7}},"44":{"start":{"line":45,"column":0},"end":{"line":45,"column":5}},"45":{"start":{"line":46,"column":0},"end":{"line":46,"column":52}},"46":{"start":{"line":47,"column":0},"end":{"line":47,"column":53}},"47":{"start":{"line":48,"column":0},"end":{"line":48,"column":27}},"48":{"start":{"line":49,"column":0},"end":{"line":49,"column":31}},"49":{"start":{"line":50,"column":0},"end":{"line":50,"column":24}},"50":{"start":{"line":51,"column":0},"end":{"line":51,"column":9}},"51":{"start":{"line":52,"column":0},"end":{"line":52,"column":7}},"52":{"start":{"line":53,"column":0},"end":{"line":53,"column":5}},"53":{"start":{"line":54,"column":0},"end":{"line":54,"column":9}},"55":{"start":{"line":56,"column":0},"end":{"line":56,"column":59}},"57":{"start":{"line":58,"column":0},"end":{"line":58,"column":10}},"58":{"start":{"line":59,"column":0},"end":{"line":59,"column":79}},"59":{"start":{"line":60,"column":0},"end":{"line":60,"column":34}},"60":{"start":{"line":61,"column":0},"end":{"line":61,"column":31}},"61":{"start":{"line":62,"column":0},"end":{"line":62,"column":56}},"62":{"start":{"line":63,"column":0},"end":{"line":63,"column":23}},"63":{"start":{"line":64,"column":0},"end":{"line":64,"column":16}},"64":{"start":{"line":65,"column":0},"end":{"line":65,"column":35}},"65":{"start":{"line":66,"column":0},"end":{"line":66,"column":20}},"66":{"start":{"line":67,"column":0},"end":{"line":67,"column":47}},"67":{"start":{"line":68,"column":0},"end":{"line":68,"column":16}},"68":{"start":{"line":69,"column":0},"end":{"line":69,"column":49}},"69":{"start":{"line":70,"column":0},"end":{"line":70,"column":81}},"70":{"start":{"line":71,"column":0},"end":{"line":71,"column":16}},"71":{"start":{"line":72,"column":0},"end":{"line":72,"column":103}},"72":{"start":{"line":73,"column":0},"end":{"line":73,"column":10}},"74":{"start":{"line":75,"column":0},"end":{"line":75,"column":2}},"76":{"start":{"line":77,"column":0},"end":{"line":77,"column":26}}},"s":{"0":1,"1":1,"2":1,"3":1,"4":1,"5":1,"6":1,"7":1,"8":1,"9":1,"10":1,"11":1,"12":1,"13":1,"14":1,"15":1,"17":1,"18":7,"20":7,"22":7,"24":7,"25":0,"26":0,"27":0,"29":7,"30":0,"31":0,"33":7,"34":7,"35":7,"36":7,"38":7,"39":2,"40":0,"41":0,"42":0,"43":0,"44":0,"45":2,"46":0,"47":0,"48":0,"49":0,"50":0,"51":0,"52":0,"53":7,"55":7,"57":7,"58":7,"59":7,"60":7,"61":7,"62":7,"63":7,"64":7,"65":7,"66":7,"67":7,"68":7,"69":7,"70":7,"71":7,"72":7,"74":7,"76":1},"branchMap":{"0":{"type":"branch","line":18,"loc":{"start":{"line":18,"column":23},"end":{"line":75,"column":2}},"locations":[{"start":{"line":18,"column":23},"end":{"line":75,"column":2}}]},"1":{"type":"branch","line":56,"loc":{"start":{"line":56,"column":16},"end":{"line":56,"column":45}},"locations":[{"start":{"line":56,"column":16},"end":{"line":56,"column":45}}]},"2":{"type":"branch","line":56,"loc":{"start":{"line":56,"column":30},"end":{"line":56,"column":59}},"locations":[{"start":{"line":56,"column":30},"end":{"line":56,"column":59}}]},"3":{"type":"branch","line":67,"loc":{"start":{"line":67,"column":9},"end":{"line":67,"column":44}},"locations":[{"start":{"line":67,"column":9},"end":{"line":67,"column":44}}]},"4":{"type":"branch","line":67,"loc":{"start":{"line":67,"column":39},"end":{"line":67,"column":47}},"locations":[{"start":{"line":67,"column":39},"end":{"line":67,"column":47}}]},"5":{"type":"branch","line":70,"loc":{"start":{"line":70,"column":32},"end":{"line":70,"column":61}},"locations":[{"start":{"line":70,"column":32},"end":{"line":70,"column":61}}]},"6":{"type":"branch","line":70,"loc":{"start":{"line":70,"column":49},"end":{"line":70,"column":66}},"locations":[{"start":{"line":70,"column":49},"end":{"line":70,"column":66}}]},"7":{"type":"branch","line":70,"loc":{"start":{"line":70,"column":61},"end":{"line":70,"column":81}},"locations":[{"start":{"line":70,"column":61},"end":{"line":70,"column":81}}]},"8":{"type":"branch","line":72,"loc":{"start":{"line":72,"column":66},"end":{"line":72,"column":90}},"locations":[{"start":{"line":72,"column":66},"end":{"line":72,"column":90}}]},"9":{"type":"branch","line":72,"loc":{"start":{"line":72,"column":85},"end":{"line":72,"column":93}},"locations":[{"start":{"line":72,"column":85},"end":{"line":72,"column":93}}]},"10":{"type":"branch","line":34,"loc":{"start":{"line":34,"column":31},"end":{"line":34,"column":69}},"locations":[{"start":{"line":34,"column":31},"end":{"line":34,"column":69}}]},"11":{"type":"branch","line":35,"loc":{"start":{"line":35,"column":38},"end":{"line":35,"column":66}},"locations":[{"start":{"line":35,"column":38},"end":{"line":35,"column":66}}]},"12":{"type":"branch","line":36,"loc":{"start":{"line":36,"column":33},"end":{"line":36,"column":73}},"locations":[{"start":{"line":36,"column":33},"end":{"line":36,"column":73}}]},"13":{"type":"branch","line":37,"loc":{"start":{"line":37,"column":37},"end":{"line":37,"column":71}},"locations":[{"start":{"line":37,"column":37},"end":{"line":37,"column":71}}]},"14":{"type":"branch","line":39,"loc":{"start":{"line":39,"column":12},"end":{"line":54,"column":5}},"locations":[{"start":{"line":39,"column":12},"end":{"line":54,"column":5}}]},"15":{"type":"branch","line":40,"loc":{"start":{"line":40,"column":56},"end":{"line":45,"column":5}},"locations":[{"start":{"line":40,"column":56},"end":{"line":45,"column":5}}]},"16":{"type":"branch","line":46,"loc":{"start":{"line":46,"column":51},"end":{"line":53,"column":5}},"locations":[{"start":{"line":46,"column":51},"end":{"line":53,"column":5}}]}},"b":{"0":[7],"1":[0],"2":[2],"3":[0],"4":[2],"5":[0],"6":[2],"7":[0],"8":[2],"9":[0],"10":[4],"11":[4],"12":[4],"13":[4],"14":[2],"15":[0],"16":[0]},"fnMap":{"0":{"name":"SearchPage","decl":{"start":{"line":18,"column":23},"end":{"line":75,"column":2}},"loc":{"start":{"line":18,"column":23},"end":{"line":75,"column":2}},"line":18},"1":{"name":"searchCharacters","decl":{"start":{"line":25,"column":27},"end":{"line":28,"column":4}},"loc":{"start":{"line":25,"column":27},"end":{"line":28,"column":4}},"line":25},"2":{"name":"closeInfo","decl":{"start":{"line":30,"column":20},"end":{"line":32,"column":4}},"loc":{"start":{"line":30,"column":20},"end":{"line":32,"column":4}},"line":30}},"f":{"0":7,"1":0,"2":0}}
}
